Initializing document watcher...
Document watcher initialized
serignekane01/main.tf: {}
serignekane01/main.tf: {}
serignekane01/main.tf: Using EditorConfig core...
serignekane01/main.tf: {}
serignekane01/main.tf: {}
serignekane01/main.tf: Using EditorConfig core...
serignekane01/main.tf: {}
serignekane01/main.tf: Using EditorConfig core...
serignekane01/terraform.tfstate: {}
serignekane01/main.tf: {}
serignekane01/main.tf: {}
serignekane01/main.tf: {}
serignekane01/main.tf: Using EditorConfig core...
serignekane01/main.tf: Using EditorConfig core...
serignekane01/main.tf: Using EditorConfig core...
serignekane01/main.tf: Using EditorConfig core...
serignekane01/main.tf: Using EditorConfig core...
serignekane01/main.tf: {}
serignekane01/main.tf: {}
serignekane01/main.tf: Using EditorConfig core...
serignekane01/main.tf: Using EditorConfig core...
serignekane01/main.tf: Using EditorConfig core...
serignekane01/main.tf: Using EditorConfig core...
serignekane01/main.tf: Using EditorConfig core...
serignekane01/main.tf: {}
serignekane01/main.tf: {}
serignekane01/main.tf: {}
serignekane01/main.tf: {}
serignekane01/main.tf: {}
serignekane01/main.tf: Using EditorConfig core...
serignekane01/main.tf: Using EditorConfig core...
serignekane01/main.tf: Using EditorConfig core...
serignekane01/main.tf: Using EditorConfig core...
serignekane01/main.tf: Using EditorConfig core...
serignekane01/main.tf: {}
serignekane01/main.tf: {}
serignekane01/main.tf: {}
serignekane01/main.tf: {}
