Launching language server: /google/devshell/editor/code-oss-for-cloud-shell/extensions/hashicorp.terraform-2.31.0@linux/bin/terraform-ls serve
Client: Stopped --> Starting
2024/10/07 19:05:25 serve_command.go:108: Starting terraform-ls 0.33.3
2024/10/07 19:05:25 service.go:106: Preparing new session ...
2024/10/07 19:05:25 opts.go:215: Received request batch of size 1 (qlen=0)
2024/10/07 19:05:25 opts.go:215: Dequeued request batch of length 1 (qlen=0)
2024/10/07 19:05:25 langserver.go:102: Starting server (pid 1309; concurrency: 2) ...
2024/10/07 19:05:25 rpc_logger.go:32: Incoming request for "initialize" (ID 0): {"processId":1202,"clientInfo":{"name":"Code OSS for Cloud Shell","version":"1.89.1-cde"},"locale":"fr-fr","rootPath":"/home/serignekane01","rootUri":"file:///home/serignekane01","capabilities":{"workspace":{"applyEdit":true,"workspaceEdit":{"documentChanges":true,"resourceOperations":["create","rename","delete"],"failureHandling":"textOnlyTransactional","normalizesLineEndings":true,"changeAnnotationSupport":{"groupsOnLabel":true}},"configuration":true,"didChangeWatchedFiles":{"dynamicRegistration":true,"relativePatternSupport":true},"symbol":{"dynamicRegistration":true,"symbolKind":{"valueSet":[1,2,3,4,5,6,7,8,9,10,11,12,13,14,15,16,17,18,19,20,21,22,23,24,25,26]},"tagSupport":{"valueSet":[1]},"resolveSupport":{"properties":["location.range"]}},"codeLens":{"refreshSupport":true},"executeCommand":{"dynamicRegistration":true},"didChangeConfiguration":{"dynamicRegistration":true},"workspaceFolders":true,"foldingRange":{"refreshSupport":true},"semanticTokens":{"refreshSupport":true},"fileOperations":{"dynamicRegistration":true,"didCreate":true,"didRename":true,"didDelete":true,"willCreate":true,"willRename":true,"willDelete":true},"inlineValue":{"refreshSupport":true},"inlayHint":{"refreshSupport":true},"diagnostics":{"refreshSupport":true}},"textDocument":{"publishDiagnostics":{"relatedInformation":true,"versionSupport":false,"tagSupport":{"valueSet":[1,2]},"codeDescriptionSupport":true,"dataSupport":true},"synchronization":{"dynamicRegistration":true,"willSave":true,"willSaveWaitUntil":true,"didSave":true},"completion":{"dynamicRegistration":true,"contextSupport":true,"completionItem":{"snippetSupport":true,"commitCharactersSupport":true,"documentationFormat":["markdown","plaintext"],"deprecatedSupport":true,"preselectSupport":true,"tagSupport":{"valueSet":[1]},"insertReplaceSupport":true,"resolveSupport":{"properties":["documentation","detail","additionalTextEdits"]},"insertTextModeSupport":{"valueSet":[1,2]},"labelDetailsSupport":true},"insertTextMode":2,"completionItemKind":{"valueSet":[1,2,3,4,5,6,7,8,9,10,11,12,13,14,15,16,17,18,19,20,21,22,23,24,25]},"completionList":{"itemDefaults":["commitCharacters","editRange","insertTextFormat","insertTextMode","data"]}},"hover":{"dynamicRegistration":true,"contentFormat":["markdown","plaintext"]},"signatureHelp":{"dynamicRegistration":true,"signatureInformation":{"documentationFormat":["markdown","plaintext"],"parameterInformation":{"labelOffsetSupport":true},"activeParameterSupport":true},"contextSupport":true},"definition":{"dynamicRegistration":true,"linkSupport":true},"references":{"dynamicRegistration":true},"documentHighlight":{"dynamicRegistration":true},"documentSymbol":{"dynamicRegistration":true,"symbolKind":{"valueSet":[1,2,3,4,5,6,7,8,9,10,11,12,13,14,15,16,17,18,19,20,21,22,23,24,25,26]},"hierarchicalDocumentSymbolSupport":true,"tagSupport":{"valueSet":[1]},"labelSupport":true},"codeAction":{"dynamicRegistration":true,"isPreferredSupport":true,"disabledSupport":true,"dataSupport":true,"resolveSupport":{"properties":["edit"]},"codeActionLiteralSupport":{"codeActionKind":{"valueSet":["","quickfix","refactor","refactor.extract","refactor.inline","refactor.rewrite","source","source.organizeImports"]}},"honorsChangeAnnotations":true},"codeLens":{"dynamicRegistration":true},"formatting":{"dynamicRegistration":true},"rangeFormatting":{"dynamicRegistration":true,"rangesSupport":true},"onTypeFormatting":{"dynamicRegistration":true},"rename":{"dynamicRegistration":true,"prepareSupport":true,"prepareSupportDefaultBehavior":1,"honorsChangeAnnotations":true},"documentLink":{"dynamicRegistration":true,"tooltipSupport":true},"typeDefinition":{"dynamicRegistration":true,"linkSupport":true},"implementation":{"dynamicRegistration":true,"linkSupport":true},"colorProvider":{"dynamicRegistration":true},"foldingRange":{"dynamicRegistration":true,"rangeLimit":5000,"lineFoldingOnly":true,"foldingRangeKind":{"valueSet":["comment","imports","region"]},"foldingRange":{"collapsedText":false}},"declaration":{"dynamicRegistration":true,"linkSupport":true},"selectionRange":{"dynamicRegistration":true},"callHierarchy":{"dynamicRegistration":true},"semanticTokens":{"dynamicRegistration":true,"tokenTypes":["namespace","type","class","enum","interface","struct","typeParameter","parameter","variable","property","enumMember","event","function","method","macro","keyword","modifier","comment","string","number","regexp","operator","decorator","hcl-attrName","hcl-blockType","hcl-blockLabel","hcl-bool","hcl-string","hcl-number","hcl-objectKey","hcl-mapKey","hcl-keyword","hcl-referenceStep","hcl-typeComplex","hcl-typePrimitive","hcl-functionName"],"tokenModifiers":["declaration","definition","readonly","static","deprecated","abstract","async","modification","documentation","defaultLibrary","hcl-dependent","terraform-data","terraform-locals","terraform-module","terraform-output","terraform-provider","terraform-resource","terraform-provisioner","terraform-connection","terraform-variable","terraform-terraform","terraform-backend","terraform-name","terraform-type","terraform-requiredProviders"],"formats":["relative"],"requests":{"range":true,"full":{"delta":true}},"multilineTokenSupport":false,"overlappingTokenSupport":false,"serverCancelSupport":true,"augmentsSyntaxTokens":true},"linkedEditingRange":{"dynamicRegistration":true},"typeHierarchy":{"dynamicRegistration":true},"inlineValue":{"dynamicRegistration":true},"inlayHint":{"dynamicRegistration":true,"resolveSupport":{"properties":["tooltip","textEdits","label.tooltip","label.location","label.command"]}},"diagnostic":{"dynamicRegistration":true,"relatedDocumentSupport":false}},"window":{"showMessage":{"messageActionItem":{"additionalPropertiesSupport":true}},"showDocument":{"support":true},"workDoneProgress":true},"general":{"staleRequestSupport":{"cancel":true,"retryOnContentModified":["textDocument/semanticTokens/full","textDocument/semanticTokens/range","textDocument/semanticTokens/full/delta"]},"regularExpressions":{"engine":"ECMAScript","version":"ES2020"},"markdown":{"parser":"marked","version":"1.1.0"},"positionEncodings":["utf-16"]},"notebookDocument":{"synchronization":{"dynamicRegistration":true,"executionSummarySupport":true}},"experimental":{"refreshModuleProvidersCommandId":"client.refreshModuleProviders","refreshModuleCallsCommandId":"client.refreshModuleCalls","telemetryVersion":1,"refreshTerraformVersionCommandId":"client.refreshTerraformVersion"}},"initializationOptions":{"validation":{"enableEnhancedValidation":true},"experimentalFeatures":{"validateOnSave":false,"prefillRequiredFields":false},"ignoreSingleFileWarning":false,"terraform":{"path":"","timeout":"","logFilePath":""},"indexing":{"ignorePaths":[],"ignoreDirectoryNames":[]}},"trace":"off","workspaceFolders":[{"uri":"file:///home/serignekane01","name":"serignekane01"}],"workDoneToken":"18cd3665-a2c0-4a35-997b-44d1f863c360"}
2024/10/07 19:05:25 initialize.go:185: enabling telemetry (version: 1)
2024/10/07 19:05:25 initialize.go:190: telemetry enabled (version: 1)
2024/10/07 19:05:25 scheduler.go:56: launching eval loop 0
2024/10/07 19:05:25 service.go:482: started low priority scheduler
2024/10/07 19:05:25 scheduler.go:56: launching eval loop 0
2024/10/07 19:05:25 service.go:487: started high priority scheduler
2024/10/07 19:05:25 opts.go:215: Posting server notification "telemetry/event" {"v":1,"name":"initialize","properties":{"experimentalCapabilities.referenceCountCodeLens":false,"experimentalCapabilities.refreshModuleCalls":true,"experimentalCapabilities.refreshModuleProviders":true,"experimentalCapabilities.refreshTerraformVersion":true,"lsVersion":"0.33.3","options.commandPrefix":false,"options.excludeModulePaths":false,"options.experimentalFeatures.prefillRequiredFields":false,"options.experimentalFeatures.validateOnSave":false,"options.ignoreSingleFileWarning":false,"options.indexing.ignoreDirectoryNames":false,"options.indexing.ignorePaths":false,"options.rootModulePaths":false,"options.terraform.logFilePath":false,"options.terraform.path":false,"options.terraform.timeout":"","options.validation.earlyValidation":true,"root_uri":"dir"}}
2024/10/07 19:05:25 rpc_logger.go:53: Response to "initialize" (ID 0): {"capabilities":{"textDocumentSync":{"openClose":true,"change":2,"save":{}},"completionProvider":{"triggerCharacters":[".","["],"resolveProvider":true},"hoverProvider":true,"signatureHelpProvider":{"triggerCharacters":["(",","]},"declarationProvider":true,"definitionProvider":true,"referencesProvider":true,"documentSymbolProvider":true,"codeActionProvider":{"codeActionKinds":["source.formatAll.terraform"]},"codeLensProvider":{},"documentLinkProvider":{},"workspaceSymbolProvider":true,"documentFormattingProvider":true,"executeCommandProvider":{"commands":["terraform-ls.module.callers","terraform-ls.module.calls","terraform-ls.module.providers","terraform-ls.module.terraform","terraform-ls.rootmodules","terraform-ls.terraform.init","terraform-ls.terraform.validate"],"workDoneProgress":true},"semanticTokensProvider":{"legend":{"tokenTypes":["enumMember","function","keyword","number","parameter","property","string","type","variable","hcl-attrName","hcl-blockType","hcl-blockLabel","hcl-bool","hcl-string","hcl-number","hcl-objectKey","hcl-mapKey","hcl-keyword","hcl-referenceStep","hcl-typeComplex","hcl-typePrimitive","hcl-functionName"],"tokenModifiers":["defaultLibrary","hcl-dependent","terraform-backend","terraform-connection","terraform-data","terraform-locals","terraform-module","terraform-name","terraform-output","terraform-provider","terraform-provisioner","terraform-requiredProviders","terraform-resource","terraform-terraform","terraform-type","terraform-variable"]},"full":true},"workspace":{"workspaceFolders":{"supported":true,"changeNotifications":"workspace/didChangeWorkspaceFolders"},"fileOperations":{}},"experimental":{"referenceCountCodeLens":false,"refreshModuleProviders":true,"refreshModuleCalls":true,"refreshTerraformVersion":true}},"serverInfo":{"name":"terraform-ls","version":"0.33.3"}}
2024/10/07 19:05:25 opts.go:215: Completed 1 requests [7.10826ms elapsed]
2024/10/07 19:05:25 walker_paths.go:255: walking next dir: {"file:///home/serignekane01"}
2024/10/07 19:05:25 walker.go:242: walking of {file:///home/serignekane01/.cache/cloud-code} finished
2024/10/07 19:05:25 walker.go:242: walking of {file:///home/serignekane01/.cache} finished
2024/10/07 19:05:25 walker.go:242: walking of {file:///home/serignekane01/.codeoss/data/CachedProfilesData/__default__profile__} finished
2024/10/07 19:05:25 walker.go:242: walking of {file:///home/serignekane01/.codeoss/data/CachedProfilesData} finished
2024/10/07 19:05:25 walker.go:242: walking of {file:///home/serignekane01/.codeoss/data/Machine} finished
2024/10/07 19:05:25 walker.go:242: walking of {file:///home/serignekane01/.codeoss/data/User/History/-422a496d} finished
2024/10/07 19:05:25 walker.go:218: found module {file:///home/serignekane01/.codeoss/data/User/History/1c5da3ed}
2024/10/07 19:05:25 jobs.go:140: JOBS: Enqueueing new job "1": "OpTypeParseModuleConfiguration" for {"file:///home/serignekane01/.codeoss/data/User/History/1c5da3ed"} (IsDirOpen: false, IgnoreState: false)
Client: Starting --> Running
2024/10/07 19:05:25 jobs.go:299: retrying on obj is nil
2024/10/07 19:05:25 jobs.go:299: retrying on obj is nil
2024/10/07 19:05:25 jobs.go:140: JOBS: Enqueueing new job "2": "OpTypeLoadModuleMetadata" for {"file:///home/serignekane01/.codeoss/data/User/History/1c5da3ed"} (IsDirOpen: false, IgnoreState: false)
2024/10/07 19:05:25 jobs.go:299: retrying on obj is nil
2024/10/07 19:05:25 jobs.go:140: JOBS: Enqueueing new job "3": "OpTypeParseVariables" for {"file:///home/serignekane01/.codeoss/data/User/History/1c5da3ed"} (IsDirOpen: false, IgnoreState: false)
2024/10/07 19:05:25 jobs.go:299: retrying on obj is nil
2024/10/07 19:05:25 jobs.go:140: JOBS: Enqueueing new job "4": "OpTypeDecodeVarsReferences" for {"file:///home/serignekane01/.codeoss/data/User/History/1c5da3ed"} (IsDirOpen: false, IgnoreState: false)
2024/10/07 19:05:25 jobs.go:299: retrying on obj is nil
2024/10/07 19:05:25 walker.go:91: parsed datadir: &datadir.DataDir{ModuleManifestPath:"", PluginLockFilePath:""}
2024/10/07 19:05:25 jobs.go:321: JOBS: Dispatching next job "1" (scheduler prio: -1, job prio: 0, isDirOpen: false): "OpTypeParseModuleConfiguration" for {"file:///home/serignekane01/.codeoss/data/User/History/1c5da3ed"}
2024/10/07 19:05:25 jobs.go:299: retrying on obj is nil
2024/10/07 19:05:25 jobs.go:140: JOBS: Enqueueing new job "5": "OpTypePreloadEmbeddedSchema" for {"file:///home/serignekane01/.codeoss/data/User/History/1c5da3ed"} (IsDirOpen: false, IgnoreState: false)
2024/10/07 19:05:25 jobs.go:140: JOBS: Enqueueing new job "6": "OpTypeDecodeReferenceTargets" for {"file:///home/serignekane01/.codeoss/data/User/History/1c5da3ed"} (IsDirOpen: false, IgnoreState: false)
2024/10/07 19:05:25 jobs.go:140: JOBS: Enqueueing new job "7": "OpTypeDecodeReferenceOrigins" for {"file:///home/serignekane01/.codeoss/data/User/History/1c5da3ed"} (IsDirOpen: false, IgnoreState: false)
2024/10/07 19:05:25 walker.go:242: walking of {file:///home/serignekane01/.codeoss/data/User/History/1c5da3ed} finished
2024/10/07 19:05:25 walker.go:242: walking of {file:///home/serignekane01/.codeoss/data/User/History} finished
2024/10/07 19:05:25 walker.go:242: walking of {file:///home/serignekane01/.codeoss/data/User/globalStorage/vscode.json-language-features/json-schema-cache} finished
2024/10/07 19:05:25 walker.go:242: walking of {file:///home/serignekane01/.codeoss/data/User/globalStorage/vscode.json-language-features} finished
2024/10/07 19:05:25 walker.go:242: walking of {file:///home/serignekane01/.codeoss/data/User/globalStorage} finished
2024/10/07 19:05:25 walker.go:242: walking of {file:///home/serignekane01/.codeoss/data/User/workspaceStorage/-440ac96f} finished
2024/10/07 19:05:25 walker.go:242: walking of {file:///home/serignekane01/.codeoss/data/User/workspaceStorage} finished
2024/10/07 19:05:25 walker.go:242: walking of {file:///home/serignekane01/.codeoss/data/User} finished
2024/10/07 19:05:25 walker.go:242: walking of {file:///home/serignekane01/.codeoss/data/logs/20241007T133311/exthost1/hashicorp.terraform} finished
2024/10/07 19:05:25 walker.go:242: walking of {file:///home/serignekane01/.codeoss/data/logs/20241007T133311/exthost1/output_logging_20241007T133331} finished
2024/10/07 19:05:25 walker.go:242: walking of {file:///home/serignekane01/.codeoss/data/logs/20241007T133311/exthost1/vscode.git} finished
2024/10/07 19:05:25 walker.go:242: walking of {file:///home/serignekane01/.codeoss/data/logs/20241007T133311/exthost1/vscode.github} finished
Started client
2024/10/07 19:05:25 walker.go:242: walking of {file:///home/serignekane01/.codeoss/data/logs/20241007T133311/exthost1/vscode.json-language-features} finished
2024/10/07 19:05:25 jobs.go:299: retrying on obj is nil
2024/10/07 19:05:25 walker.go:242: walking of {file:///home/serignekane01/.codeoss/data/logs/20241007T133311/exthost1} finished
2024/10/07 19:05:25 walker.go:242: walking of {file:///home/serignekane01/.codeoss/data/logs/20241007T133311} finished
2024/10/07 19:05:25 walker.go:242: walking of {file:///home/serignekane01/.codeoss/data/logs/20241007T190515/exthost1/hashicorp.terraform} finished
2024/10/07 19:05:25 walker.go:242: walking of {file:///home/serignekane01/.codeoss/data/logs/20241007T190515/exthost1/output_logging_20241007T190522} finished
2024/10/07 19:05:25 walker.go:242: walking of {file:///home/serignekane01/.codeoss/data/logs/20241007T190515/exthost1} finished
2024/10/07 19:05:25 walker.go:242: walking of {file:///home/serignekane01/.codeoss/data/logs/20241007T190515} finished
2024/10/07 19:05:25 walker.go:242: walking of {file:///home/serignekane01/.codeoss/data/logs} finished
2024/10/07 19:05:25 walker.go:242: walking of {file:///home/serignekane01/.codeoss/data} finished
2024/10/07 19:05:25 walker.go:242: walking of {file:///home/serignekane01/.codeoss/extensions} finished
2024/10/07 19:05:25 walker.go:242: walking of {file:///home/serignekane01/.codeoss} finished
2024/10/07 19:05:25 opts.go:215: Received request batch of size 1 (qlen=0)
2024/10/07 19:05:25 walker.go:242: walking of {file:///home/serignekane01/.config/powershell} finished
2024/10/07 19:05:25 walker.go:242: walking of {file:///home/serignekane01/.config} finished
2024/10/07 19:05:25 opts.go:215: Dequeued request batch of length 1 (qlen=0)
2024/10/07 19:05:25 rpc_logger.go:32: Incoming notification for "initialized": {}
2024/10/07 19:05:25 walker.go:242: walking of {file:///home/serignekane01/.docker} finished
2024/10/07 19:05:25 walker.go:242: walking of {file:///home/serignekane01/.npm/_logs} finished
2024/10/07 19:05:25 walker.go:242: walking of {file:///home/serignekane01/.npm} finished
2024/10/07 19:05:25 walker.go:242: walking of {file:///home/serignekane01/.terraform/providers/registry.terraform.io/hashicorp/google/6.5.0/linux_amd64} finished
2024/10/07 19:05:25 walker.go:242: walking of {file:///home/serignekane01/.terraform/providers/registry.terraform.io/hashicorp/google/6.5.0} finished
2024/10/07 19:05:25 walker.go:242: walking of {file:///home/serignekane01/.terraform/providers/registry.terraform.io/hashicorp/google} finished
2024/10/07 19:05:25 walker.go:242: walking of {file:///home/serignekane01/.terraform/providers/registry.terraform.io/hashicorp} finished
2024/10/07 19:05:25 walker.go:242: walking of {file:///home/serignekane01/.terraform/providers/registry.terraform.io} finished
2024/10/07 19:05:25 walker.go:242: walking of {file:///home/serignekane01/.terraform/providers} finished
2024/10/07 19:05:25 walker.go:242: walking of {file:///home/serignekane01/.terraform} finished
2024/10/07 19:05:25 walker.go:242: walking of {file:///home/serignekane01/.terraform.d} finished
2024/10/07 19:05:25 walker.go:212: skipping ignored dir name: .vscode
2024/10/07 19:05:25 walker.go:218: found module {file:///home/serignekane01}
2024/10/07 19:05:25 jobs.go:140: JOBS: Enqueueing new job "8": "OpTypeParseModuleConfiguration" for {"file:///home/serignekane01"} (IsDirOpen: false, IgnoreState: false)
2024/10/07 19:05:25 jobs.go:140: JOBS: Enqueueing new job "9": "OpTypeLoadModuleMetadata" for {"file:///home/serignekane01"} (IsDirOpen: false, IgnoreState: false)
2024/10/07 19:05:25 jobs.go:140: JOBS: Enqueueing new job "10": "OpTypeParseVariables" for {"file:///home/serignekane01"} (IsDirOpen: false, IgnoreState: false)
2024/10/07 19:05:25 jobs.go:299: retrying on obj is nil
2024/10/07 19:05:25 opts.go:215: Posting server call "client/registerCapability" {"registrations":[{"id":"4096f0ce-7997-df2e-9156-b6a2c379bc03","method":"workspace/didChangeWatchedFiles","registerOptions":{"watchers":[{"globPattern":"**/.terraform","kind":3},{"globPattern":"**/.terraform/modules/modules.json"},{"globPattern":"**/.terraform.lock.hcl"},{"globPattern":"**/.terraform/plugins/selections.json"},{"globPattern":"**/.terraform/plugins/linux_amd64/lock.json"}]}}]}
2024/10/07 19:05:25 jobs.go:140: JOBS: Enqueueing new job "11": "OpTypeDecodeVarsReferences" for {"file:///home/serignekane01"} (IsDirOpen: false, IgnoreState: false)
2024/10/07 19:05:25 walker.go:91: parsed datadir: &datadir.DataDir{ModuleManifestPath:"", PluginLockFilePath:"/home/serignekane01/.terraform.lock.hcl"}
2024/10/07 19:05:25 jobs.go:299: retrying on obj is nil
2024/10/07 19:05:25 jobs.go:140: JOBS: Enqueueing new job "12": "OpTypeParseProviderVersions" for {"file:///home/serignekane01"} (IsDirOpen: false, IgnoreState: false)
2024/10/07 19:05:25 jobs.go:299: retrying on obj is nil
2024/10/07 19:05:25 jobs.go:140: JOBS: Enqueueing new job "13": "OpTypeObtainSchema" for {"file:///home/serignekane01"} (IsDirOpen: false, IgnoreState: false)
2024/10/07 19:05:25 jobs.go:299: retrying on obj is nil
2024/10/07 19:05:25 jobs.go:140: JOBS: Enqueueing new job "14": "OpTypePreloadEmbeddedSchema" for {"file:///home/serignekane01"} (IsDirOpen: false, IgnoreState: false)
2024/10/07 19:05:25 jobs.go:299: retrying on obj is nil
2024/10/07 19:05:25 jobs.go:140: JOBS: Enqueueing new job "15": "OpTypeDecodeReferenceTargets" for {"file:///home/serignekane01"} (IsDirOpen: false, IgnoreState: false)
2024/10/07 19:05:25 jobs.go:299: retrying on obj is nil
2024/10/07 19:05:25 jobs.go:140: JOBS: Enqueueing new job "16": "OpTypeDecodeReferenceOrigins" for {"file:///home/serignekane01"} (IsDirOpen: false, IgnoreState: false)
2024/10/07 19:05:25 jobs.go:299: retrying on obj is nil
2024/10/07 19:05:25 walker.go:242: walking of {file:///home/serignekane01} finished
2024/10/07 19:05:25 walker.go:156: walker: walking through {"file:///home/serignekane01"} finished
2024/10/07 19:05:25 jobs.go:461: JOBS: Finishing job "1": "OpTypeParseModuleConfiguration" for {"file:///home/serignekane01/.codeoss/data/User/History/1c5da3ed"} (err = %!s(<nil>), deferredJobs: [])
2024/10/07 19:05:25 jobs.go:299: retrying on obj is nil
2024/10/07 19:05:25 jobs.go:321: JOBS: Dispatching next job "10" (scheduler prio: -1, job prio: 0, isDirOpen: false): "OpTypeParseVariables" for {"file:///home/serignekane01"}
2024/10/07 19:05:25 jobs.go:461: JOBS: Finishing job "10": "OpTypeParseVariables" for {"file:///home/serignekane01"} (err = %!s(<nil>), deferredJobs: [])
2024/10/07 19:05:25 jobs.go:299: retrying on obj is nil
2024/10/07 19:05:25 jobs.go:321: JOBS: Dispatching next job "11" (scheduler prio: -1, job prio: 0, isDirOpen: false): "OpTypeDecodeVarsReferences" for {"file:///home/serignekane01"}
2024/10/07 19:05:25 jobs.go:299: retrying on obj is nil
2024/10/07 19:05:25 jobs.go:461: JOBS: Finishing job "11": "OpTypeDecodeVarsReferences" for {"file:///home/serignekane01"} (err = %!s(<nil>), deferredJobs: [])
2024/10/07 19:05:25 jobs.go:299: retrying on obj is nil
2024/10/07 19:05:25 jobs.go:321: JOBS: Dispatching next job "2" (scheduler prio: -1, job prio: 0, isDirOpen: false): "OpTypeLoadModuleMetadata" for {"file:///home/serignekane01/.codeoss/data/User/History/1c5da3ed"}
2024/10/07 19:05:25 jobs.go:299: retrying on obj is nil
2024/10/07 19:05:25 jobs.go:461: JOBS: Finishing job "2": "OpTypeLoadModuleMetadata" for {"file:///home/serignekane01/.codeoss/data/User/History/1c5da3ed"} (err = %!s(<nil>), deferredJobs: [])
2024/10/07 19:05:25 jobs.go:299: retrying on obj is nil
2024/10/07 19:05:25 jobs.go:321: JOBS: Dispatching next job "3" (scheduler prio: -1, job prio: 0, isDirOpen: false): "OpTypeParseVariables" for {"file:///home/serignekane01/.codeoss/data/User/History/1c5da3ed"}
2024/10/07 19:05:25 jobs.go:461: JOBS: Finishing job "3": "OpTypeParseVariables" for {"file:///home/serignekane01/.codeoss/data/User/History/1c5da3ed"} (err = %!s(<nil>), deferredJobs: [])
2024/10/07 19:05:25 jobs.go:321: JOBS: Dispatching next job "4" (scheduler prio: -1, job prio: 0, isDirOpen: false): "OpTypeDecodeVarsReferences" for {"file:///home/serignekane01/.codeoss/data/User/History/1c5da3ed"}
2024/10/07 19:05:25 jobs.go:461: JOBS: Finishing job "4": "OpTypeDecodeVarsReferences" for {"file:///home/serignekane01/.codeoss/data/User/History/1c5da3ed"} (err = %!s(<nil>), deferredJobs: [])
2024/10/07 19:05:25 jobs.go:299: retrying on obj is nil
2024/10/07 19:05:25 jobs.go:321: JOBS: Dispatching next job "5" (scheduler prio: -1, job prio: 0, isDirOpen: false): "OpTypePreloadEmbeddedSchema" for {"file:///home/serignekane01/.codeoss/data/User/History/1c5da3ed"}
2024/10/07 19:05:25 jobs.go:299: retrying on obj is nil
2024/10/07 19:05:25 opts.go:215: Received request batch of size 1 (qlen=0)
2024/10/07 19:05:25 opts.go:215: Dequeued request batch of length 1 (qlen=0)
2024/10/07 19:05:25 opts.go:215: Received request batch of size 1 (qlen=0)
2024/10/07 19:05:25 opts.go:215: Received request batch of size 1 (qlen=1)
2024/10/07 19:05:25 opts.go:215: Received response for callback "1"
2024/10/07 19:05:25 opts.go:215: Dequeued request batch of length 1 (qlen=1)
2024/10/07 19:05:25 rpc_logger.go:32: Incoming notification for "textDocument/didOpen": {"textDocument":{"uri":"file:///home/serignekane01/instance.tf","languageId":"terraform","version":1,"text":"resource \"google_compute_instance\" \"terraform\" {\n  project      = \"exo-cloud-storage\"  # Remplacez par votre ID de projet\n  name         = \"terraform\"\n  machine_type = \"e2-medium\"\n  zone         = \"us-central1-a\"      # Remplacez par la zone que vous souhaitez utiliser\n\n  boot_disk {\n    initialize_params {\n      image = \"debian-cloud/debian-11\"\n    }\n  }\n\n  network_interface {\n    network = \"default\"\n    access_config {\n    }\n  }\n}\n"}}
2024/10/07 19:05:25 did_open.go:56: opened module: /home/serignekane01
2024/10/07 19:05:25 jobs.go:299: retrying on obj is nil
2024/10/07 19:05:25 jobs.go:140: JOBS: Enqueueing new job "17": "OpTypeGetTerraformVersion" for {"file:///home/serignekane01"} (IsDirOpen: true, IgnoreState: false)
2024/10/07 19:05:25 jobs.go:140: JOBS: Enqueueing new job "18": "OpTypeParseModuleConfiguration" for {"file:///home/serignekane01"} (IsDirOpen: true, IgnoreState: true)
2024/10/07 19:05:25 jobs.go:140: JOBS: Enqueueing new job "19": "OpTypeLoadModuleMetadata" for {"file:///home/serignekane01"} (IsDirOpen: true, IgnoreState: true)
2024/10/07 19:05:25 jobs.go:321: JOBS: Dispatching next job "8" (scheduler prio: 1, job prio: 0, isDirOpen: true): "OpTypeParseModuleConfiguration" for {"file:///home/serignekane01"}
2024/10/07 19:05:25 jobs.go:140: JOBS: Enqueueing new job "20": "OpTypeGetModuleDataFromRegistry" for {"file:///home/serignekane01"} (IsDirOpen: true, IgnoreState: false)
2024/10/07 19:05:25 jobs.go:140: JOBS: Enqueueing new job "21": "OpTypeParseVariables" for {"file:///home/serignekane01"} (IsDirOpen: true, IgnoreState: true)
2024/10/07 19:05:25 jobs.go:140: JOBS: Enqueueing new job "22": "OpTypeSchemaVarsValidation" for {"file:///home/serignekane01"} (IsDirOpen: true, IgnoreState: true)
2024/10/07 19:05:25 jobs.go:140: JOBS: Enqueueing new job "23": "OpTypeDecodeVarsReferences" for {"file:///home/serignekane01"} (IsDirOpen: true, IgnoreState: false)
2024/10/07 19:05:25 jobs.go:461: JOBS: Finishing job "8": "OpTypeParseModuleConfiguration" for {"file:///home/serignekane01"} (err = %!s(<nil>), deferredJobs: [])
2024/10/07 19:05:25 jobs.go:321: JOBS: Dispatching next job "17" (scheduler prio: 1, job prio: 0, isDirOpen: true): "OpTypeGetTerraformVersion" for {"file:///home/serignekane01"}
2024/10/07 19:05:25 opts.go:215: Received request batch of size 1 (qlen=1)
2024/10/07 19:05:25 opts.go:215: Received request batch of size 1 (qlen=2)
2024/10/07 19:05:25 module_ops.go:368: preloaded schema for registry.terraform.io/hashicorp/google 5.35.0 in 396.83879ms
2024/10/07 19:05:25 jobs.go:461: JOBS: Finishing job "5": "OpTypePreloadEmbeddedSchema" for {"file:///home/serignekane01/.codeoss/data/User/History/1c5da3ed"} (err = %!s(<nil>), deferredJobs: [])
2024/10/07 19:05:25 jobs.go:321: JOBS: Dispatching next job "6" (scheduler prio: -1, job prio: 0, isDirOpen: false): "OpTypeDecodeReferenceTargets" for {"file:///home/serignekane01/.codeoss/data/User/History/1c5da3ed"}
2024/10/07 19:05:25 opts.go:215: Received request batch of size 1 (qlen=3)
2024/10/07 19:05:25 jobs.go:461: JOBS: Finishing job "6": "OpTypeDecodeReferenceTargets" for {"file:///home/serignekane01/.codeoss/data/User/History/1c5da3ed"} (err = %!s(<nil>), deferredJobs: [])
2024/10/07 19:05:25 jobs.go:321: JOBS: Dispatching next job "7" (scheduler prio: -1, job prio: 0, isDirOpen: false): "OpTypeDecodeReferenceOrigins" for {"file:///home/serignekane01/.codeoss/data/User/History/1c5da3ed"}
2024/10/07 19:05:25 jobs.go:461: JOBS: Finishing job "7": "OpTypeDecodeReferenceOrigins" for {"file:///home/serignekane01/.codeoss/data/User/History/1c5da3ed"} (err = %!s(<nil>), deferredJobs: [])
2024/10/07 19:05:25 opts.go:215: Received request batch of size 1 (qlen=4)
2024/10/07 19:05:25 opts.go:215: Received request batch of size 1 (qlen=5)
2024/10/07 19:05:25 jobs.go:461: JOBS: Finishing job "17": "OpTypeGetTerraformVersion" for {"file:///home/serignekane01"} (err = %!s(<nil>), deferredJobs: [])
2024/10/07 19:05:25 jobs.go:321: JOBS: Dispatching next job "18" (scheduler prio: 1, job prio: 0, isDirOpen: true): "OpTypeParseModuleConfiguration" for {"file:///home/serignekane01"}
2024/10/07 19:05:25 jobs.go:461: JOBS: Finishing job "18": "OpTypeParseModuleConfiguration" for {"file:///home/serignekane01"} (err = %!s(<nil>), deferredJobs: [])
2024/10/07 19:05:25 jobs.go:321: JOBS: Dispatching next job "19" (scheduler prio: 1, job prio: 0, isDirOpen: true): "OpTypeLoadModuleMetadata" for {"file:///home/serignekane01"}
2024/10/07 19:05:25 module_calls.go:64: indexing declared module calls for "file:///home/serignekane01": 0
2024/10/07 19:05:25 jobs.go:140: JOBS: Enqueueing new job "24": "OpTypePreloadEmbeddedSchema" for {"file:///home/serignekane01"} (IsDirOpen: true, IgnoreState: true)
2024/10/07 19:05:25 jobs.go:140: JOBS: Enqueueing new job "25": "OpTypeSchemaModuleValidation" for {"file:///home/serignekane01"} (IsDirOpen: true, IgnoreState: true)
2024/10/07 19:05:25 jobs.go:140: JOBS: Enqueueing new job "26": "OpTypeDecodeReferenceTargets" for {"file:///home/serignekane01"} (IsDirOpen: true, IgnoreState: true)
2024/10/07 19:05:25 jobs.go:140: JOBS: Enqueueing new job "27": "OpTypeDecodeReferenceOrigins" for {"file:///home/serignekane01"} (IsDirOpen: true, IgnoreState: true)
2024/10/07 19:05:25 jobs.go:140: JOBS: Enqueueing new job "28": "OpTypeReferenceValidation" for {"file:///home/serignekane01"} (IsDirOpen: true, IgnoreState: true)
2024/10/07 19:05:25 jobs.go:461: JOBS: Finishing job "19": "OpTypeLoadModuleMetadata" for {"file:///home/serignekane01"} (err = %!s(<nil>), deferredJobs: ["24" "26" "27"])
2024/10/07 19:05:25 jobs.go:299: retrying on obj is nil
2024/10/07 19:05:25 jobs.go:321: JOBS: Dispatching next job "21" (scheduler prio: 1, job prio: 0, isDirOpen: true): "OpTypeParseVariables" for {"file:///home/serignekane01"}
2024/10/07 19:05:25 jobs.go:321: JOBS: Dispatching next job "20" (scheduler prio: -1, job prio: -1, isDirOpen: true): "OpTypeGetModuleDataFromRegistry" for {"file:///home/serignekane01"}
2024/10/07 19:05:25 jobs.go:461: JOBS: Finishing job "20": "OpTypeGetModuleDataFromRegistry" for {"file:///home/serignekane01"} (err = %!s(<nil>), deferredJobs: [])
2024/10/07 19:05:25 jobs.go:461: JOBS: Finishing job "21": "OpTypeParseVariables" for {"file:///home/serignekane01"} (err = %!s(<nil>), deferredJobs: [])
2024/10/07 19:05:25 jobs.go:299: retrying on obj is nil
2024/10/07 19:05:25 jobs.go:321: JOBS: Dispatching next job "22" (scheduler prio: 1, job prio: 0, isDirOpen: true): "OpTypeSchemaVarsValidation" for {"file:///home/serignekane01"}
2024/10/07 19:05:25 jobs.go:299: retrying on obj is nil
2024/10/07 19:05:25 jobs.go:461: JOBS: Finishing job "22": "OpTypeSchemaVarsValidation" for {"file:///home/serignekane01"} (err = %!s(<nil>), deferredJobs: [])
2024/10/07 19:05:25 jobs.go:299: retrying on obj is nil
2024/10/07 19:05:25 jobs.go:321: JOBS: Dispatching next job "23" (scheduler prio: 1, job prio: 0, isDirOpen: true): "OpTypeDecodeVarsReferences" for {"file:///home/serignekane01"}
2024/10/07 19:05:25 jobs.go:299: retrying on obj is nil
2024/10/07 19:05:25 jobs.go:461: JOBS: Finishing job "23": "OpTypeDecodeVarsReferences" for {"file:///home/serignekane01"} (err = file:///home/serignekane01: state not changed, deferredJobs: [])
2024/10/07 19:05:25 jobs.go:299: retrying on obj is nil
2024/10/07 19:05:25 jobs.go:321: JOBS: Dispatching next job "24" (scheduler prio: 1, job prio: 0, isDirOpen: true): "OpTypePreloadEmbeddedSchema" for {"file:///home/serignekane01"}
2024/10/07 19:05:25 jobs.go:299: retrying on obj is nil
2024/10/07 19:05:25 jobs.go:461: JOBS: Finishing job "24": "OpTypePreloadEmbeddedSchema" for {"file:///home/serignekane01"} (err = %!s(<nil>), deferredJobs: [])
2024/10/07 19:05:25 jobs.go:299: retrying on obj is nil
2024/10/07 19:05:25 jobs.go:321: JOBS: Dispatching next job "25" (scheduler prio: 1, job prio: 0, isDirOpen: true): "OpTypeSchemaModuleValidation" for {"file:///home/serignekane01"}
2024/10/07 19:05:25 jobs.go:299: retrying on obj is nil
2024/10/07 19:05:25 jobs.go:461: JOBS: Finishing job "25": "OpTypeSchemaModuleValidation" for {"file:///home/serignekane01"} (err = %!s(<nil>), deferredJobs: [])
2024/10/07 19:05:25 jobs.go:299: retrying on obj is nil
2024/10/07 19:05:25 jobs.go:321: JOBS: Dispatching next job "26" (scheduler prio: 1, job prio: 0, isDirOpen: true): "OpTypeDecodeReferenceTargets" for {"file:///home/serignekane01"}
2024/10/07 19:05:25 jobs.go:299: retrying on obj is nil
2024/10/07 19:05:25 jobs.go:461: JOBS: Finishing job "26": "OpTypeDecodeReferenceTargets" for {"file:///home/serignekane01"} (err = %!s(<nil>), deferredJobs: [])
2024/10/07 19:05:25 jobs.go:299: retrying on obj is nil
2024/10/07 19:05:25 jobs.go:321: JOBS: Dispatching next job "27" (scheduler prio: 1, job prio: 0, isDirOpen: true): "OpTypeDecodeReferenceOrigins" for {"file:///home/serignekane01"}
2024/10/07 19:05:25 jobs.go:299: retrying on obj is nil
2024/10/07 19:05:25 jobs.go:461: JOBS: Finishing job "27": "OpTypeDecodeReferenceOrigins" for {"file:///home/serignekane01"} (err = %!s(<nil>), deferredJobs: [])
2024/10/07 19:05:25 jobs.go:321: JOBS: Dispatching next job "28" (scheduler prio: 1, job prio: 0, isDirOpen: true): "OpTypeReferenceValidation" for {"file:///home/serignekane01"}
2024/10/07 19:05:25 opts.go:215: Dequeued request batch of length 1 (qlen=5)
2024/10/07 19:05:25 opts.go:215: Dequeued request batch of length 1 (qlen=4)
2024/10/07 19:05:25 rpc_logger.go:32: Incoming request for "textDocument/documentSymbol" (ID 1): {"textDocument":{"uri":"file:///home/serignekane01/instance.tf"}}
2024/10/07 19:05:25 rpc_logger.go:32: Incoming request for "textDocument/documentSymbol" (ID 3): {"textDocument":{"uri":"file:///home/serignekane01/instance.tf"}}
2024/10/07 19:05:25 opts.go:215: Dequeued request batch of length 1 (qlen=3)
2024/10/07 19:05:25 jobs.go:299: retrying on obj is nil
2024/10/07 19:05:25 opts.go:215: Dequeued request batch of length 1 (qlen=2)
2024/10/07 19:05:25 jobs.go:461: JOBS: Finishing job "28": "OpTypeReferenceValidation" for {"file:///home/serignekane01"} (err = %!s(<nil>), deferredJobs: [])
2024/10/07 19:05:25 jobs.go:321: JOBS: Dispatching next job "9" (scheduler prio: 1, job prio: 0, isDirOpen: true): "OpTypeLoadModuleMetadata" for {"file:///home/serignekane01"}
2024/10/07 19:05:25 jobs.go:461: JOBS: Finishing job "9": "OpTypeLoadModuleMetadata" for {"file:///home/serignekane01"} (err = file:///home/serignekane01: state not changed, deferredJobs: [])
2024/10/07 19:05:25 jobs.go:321: JOBS: Dispatching next job "12" (scheduler prio: 1, job prio: 0, isDirOpen: true): "OpTypeParseProviderVersions" for {"file:///home/serignekane01"}
2024/10/07 19:05:25 jobs.go:461: JOBS: Finishing job "12": "OpTypeParseProviderVersions" for {"file:///home/serignekane01"} (err = %!s(<nil>), deferredJobs: [])
2024/10/07 19:05:25 jobs.go:321: JOBS: Dispatching next job "13" (scheduler prio: 1, job prio: 0, isDirOpen: true): "OpTypeObtainSchema" for {"file:///home/serignekane01"}
2024/10/07 19:05:25 jobs.go:299: retrying on obj is nil
2024/10/07 19:05:25 rpc_logger.go:53: Response to "textDocument/documentSymbol" (ID 1): [{"name":"resource \"google_compute_instance\" \"terraform\"","kind":5,"range":{"start":{"line":0,"character":0},"end":{"line":17,"character":1}},"selectionRange":{"start":{"line":0,"character":0},"end":{"line":17,"character":1}},"children":[{"name":"project","kind":15,"range":{"start":{"line":1,"character":2},"end":{"line":1,"character":36}},"selectionRange":{"start":{"line":1,"character":2},"end":{"line":1,"character":36}}},{"name":"name","kind":15,"range":{"start":{"line":2,"character":2},"end":{"line":2,"character":28}},"selectionRange":{"start":{"line":2,"character":2},"end":{"line":2,"character":28}}},{"name":"machine_type","kind":15,"range":{"start":{"line":3,"character":2},"end":{"line":3,"character":28}},"selectionRange":{"start":{"line":3,"character":2},"end":{"line":3,"character":28}}},{"name":"zone","kind":15,"range":{"start":{"line":4,"character":2},"end":{"line":4,"character":32}},"selectionRange":{"start":{"line":4,"character":2},"end":{"line":4,"character":32}}},{"name":"boot_disk","kind":5,"range":{"start":{"line":6,"character":2},"end":{"line":10,"character":3}},"selectionRange":{"start":{"line":6,"character":2},"end":{"line":10,"character":3}},"children":[{"name":"initialize_params","kind":5,"range":{"start":{"line":7,"character":4},"end":{"line":9,"character":5}},"selectionRange":{"start":{"line":7,"character":4},"end":{"line":9,"character":5}},"children":[{"name":"image","kind":15,"range":{"start":{"line":8,"character":6},"end":{"line":8,"character":38}},"selectionRange":{"start":{"line":8,"character":6},"end":{"line":8,"character":38}}}]}]},{"name":"network_interface","kind":5,"range":{"start":{"line":12,"character":2},"end":{"line":16,"character":3}},"selectionRange":{"start":{"line":12,"character":2},"end":{"line":16,"character":3}},"children":[{"name":"network","kind":15,"range":{"start":{"line":13,"character":4},"end":{"line":13,"character":23}},"selectionRange":{"start":{"line":13,"character":4},"end":{"line":13,"character":23}}},{"name":"access_config","kind":5,"range":{"start":{"line":14,"character":4},"end":{"line":15,"character":5}},"selectionRange":{"start":{"line":14,"character":4},"end":{"line":15,"character":5}}}]}]}]
2024/10/07 19:05:25 opts.go:215: Completed 1 requests [600.045351ms elapsed]
2024/10/07 19:05:25 rpc_logger.go:32: Incoming request for "textDocument/documentLink" (ID 2): {"textDocument":{"uri":"file:///home/serignekane01/instance.tf"}}
2024/10/07 19:05:25 rpc_logger.go:53: Response to "textDocument/documentSymbol" (ID 3): [{"name":"resource \"google_compute_instance\" \"terraform\"","kind":5,"range":{"start":{"line":0,"character":0},"end":{"line":17,"character":1}},"selectionRange":{"start":{"line":0,"character":0},"end":{"line":17,"character":1}},"children":[{"name":"project","kind":15,"range":{"start":{"line":1,"character":2},"end":{"line":1,"character":36}},"selectionRange":{"start":{"line":1,"character":2},"end":{"line":1,"character":36}}},{"name":"name","kind":15,"range":{"start":{"line":2,"character":2},"end":{"line":2,"character":28}},"selectionRange":{"start":{"line":2,"character":2},"end":{"line":2,"character":28}}},{"name":"machine_type","kind":15,"range":{"start":{"line":3,"character":2},"end":{"line":3,"character":28}},"selectionRange":{"start":{"line":3,"character":2},"end":{"line":3,"character":28}}},{"name":"zone","kind":15,"range":{"start":{"line":4,"character":2},"end":{"line":4,"character":32}},"selectionRange":{"start":{"line":4,"character":2},"end":{"line":4,"character":32}}},{"name":"boot_disk","kind":5,"range":{"start":{"line":6,"character":2},"end":{"line":10,"character":3}},"selectionRange":{"start":{"line":6,"character":2},"end":{"line":10,"character":3}},"children":[{"name":"initialize_params","kind":5,"range":{"start":{"line":7,"character":4},"end":{"line":9,"character":5}},"selectionRange":{"start":{"line":7,"character":4},"end":{"line":9,"character":5}},"children":[{"name":"image","kind":15,"range":{"start":{"line":8,"character":6},"end":{"line":8,"character":38}},"selectionRange":{"start":{"line":8,"character":6},"end":{"line":8,"character":38}}}]}]},{"name":"network_interface","kind":5,"range":{"start":{"line":12,"character":2},"end":{"line":16,"character":3}},"selectionRange":{"start":{"line":12,"character":2},"end":{"line":16,"character":3}},"children":[{"name":"network","kind":15,"range":{"start":{"line":13,"character":4},"end":{"line":13,"character":23}},"selectionRange":{"start":{"line":13,"character":4},"end":{"line":13,"character":23}}},{"name":"access_config","kind":5,"range":{"start":{"line":14,"character":4},"end":{"line":15,"character":5}},"selectionRange":{"start":{"line":14,"character":4},"end":{"line":15,"character":5}}}]}]}]
2024/10/07 19:05:25 opts.go:215: Completed 1 requests [28.537417ms elapsed]
2024/10/07 19:05:25 rpc_logger.go:32: Incoming notification for "$/cancelRequest": {"id":2}
2024/10/07 19:05:25 opts.go:215: Cancelled request 2 by client order
2024/10/07 19:05:25 opts.go:215: Dequeued request batch of length 1 (qlen=1)
2024/10/07 19:05:25 opts.go:215: Dequeued request batch of length 1 (qlen=0)
2024/10/07 19:05:25 rpc_logger.go:32: Incoming request for "textDocument/codeLens" (ID 6): {"textDocument":{"uri":"file:///home/serignekane01/instance.tf"}}
2024/10/07 19:05:25 rpc_logger.go:53: Response to "textDocument/codeLens" (ID 6): []
2024/10/07 19:05:25 opts.go:215: Completed 1 requests [11.545779ms elapsed]
2024/10/07 19:05:25 rpc_logger.go:32: Incoming request for "textDocument/documentLink" (ID 4): {"textDocument":{"uri":"file:///home/serignekane01/instance.tf"}}
2024/10/07 19:05:25 rpc_logger.go:48: Error for "textDocument/documentLink" (ID 2): [-32800] error code -32800: %!s(<nil>)
2024/10/07 19:05:25 opts.go:215: Completed 1 requests [40.66734ms elapsed]
2024/10/07 19:05:25 rpc_logger.go:32: Incoming request for "textDocument/semanticTokens/full" (ID 5): {"textDocument":{"uri":"file:///home/serignekane01/instance.tf"}}
2024/10/07 19:05:25 rpc_logger.go:53: Response to "textDocument/documentLink" (ID 4): []
2024/10/07 19:05:25 opts.go:215: Completed 1 requests [47.306097ms elapsed]
2024/10/07 19:05:25 rpc_logger.go:53: Response to "textDocument/semanticTokens/full" (ID 5): {"data":[0,0,8,10,4096,0,9,25,11,20482,0,26,11,11,4224,1,2,7,9,4096,0,15,19,13,0,1,2,4,9,4096,0,15,11,13,0,1,2,12,9,4096,0,15,11,13,0,1,2,4,9,4096,0,15,15,13,0,2,2,9,10,4096,1,4,17,10,4096,1,6,5,9,4096,0,8,24,13,0,4,2,17,10,4096,1,4,7,9,4096,0,10,9,13,0,1,4,13,10,4096]}
2024/10/07 19:05:25 opts.go:215: Completed 1 requests [23.022287ms elapsed]
2024/10/07 19:05:26 opts.go:215: Posting server notification "telemetry/event" {"v":1,"name":"moduleData","properties":{"installedProviders":{"registry.terraform.io/hashicorp/google":"6.5.0"},"moduleId":"19ed7189-e2b0-7939-9a79-9384582616ad","providerRequirements":{"registry.terraform.io/-/google":""},"tfVersion":"1.5.7"}}
2024/10/07 19:05:26 opts.go:215: Posting server call "client.refreshModuleProviders" 
2024/10/07 19:05:28 provider_schema.go:109: PSS: adding local schema (/home/serignekane01, registry.terraform.io/hashicorp/google): 0xc00082e120
2024/10/07 19:05:28 jobs.go:461: JOBS: Finishing job "13": "OpTypeObtainSchema" for {"file:///home/serignekane01"} (err = %!s(<nil>), deferredJobs: [])
2024/10/07 19:05:28 jobs.go:321: JOBS: Dispatching next job "14" (scheduler prio: 1, job prio: 0, isDirOpen: true): "OpTypePreloadEmbeddedSchema" for {"file:///home/serignekane01"}
2024/10/07 19:05:28 jobs.go:461: JOBS: Finishing job "14": "OpTypePreloadEmbeddedSchema" for {"file:///home/serignekane01"} (err = file:///home/serignekane01: state not changed, deferredJobs: [])
2024/10/07 19:05:28 jobs.go:299: retrying on obj is nil
2024/10/07 19:05:28 jobs.go:321: JOBS: Dispatching next job "15" (scheduler prio: 1, job prio: 0, isDirOpen: true): "OpTypeDecodeReferenceTargets" for {"file:///home/serignekane01"}
2024/10/07 19:05:28 jobs.go:461: JOBS: Finishing job "15": "OpTypeDecodeReferenceTargets" for {"file:///home/serignekane01"} (err = file:///home/serignekane01: state not changed, deferredJobs: [])
2024/10/07 19:05:28 jobs.go:299: retrying on obj is nil
2024/10/07 19:05:28 jobs.go:321: JOBS: Dispatching next job "16" (scheduler prio: 1, job prio: 0, isDirOpen: true): "OpTypeDecodeReferenceOrigins" for {"file:///home/serignekane01"}
2024/10/07 19:05:28 jobs.go:461: JOBS: Finishing job "16": "OpTypeDecodeReferenceOrigins" for {"file:///home/serignekane01"} (err = file:///home/serignekane01: state not changed, deferredJobs: [])
2024/10/07 19:05:28 jobs.go:299: retrying on obj is nil
2024/10/07 19:05:28 opts.go:215: Received request batch of size 1 (qlen=0)
2024/10/07 19:05:28 opts.go:215: Dequeued request batch of length 1 (qlen=0)
2024/10/07 19:05:28 rpc_logger.go:32: Incoming request for "textDocument/documentLink" (ID 7): {"textDocument":{"uri":"file:///home/serignekane01/instance.tf"}}
2024/10/07 19:05:28 opts.go:215: Received response for callback "2"
2024/10/07 19:05:28 opts.go:215: Posting server call "client.refreshModuleCalls" 
2024/10/07 19:05:28 rpc_logger.go:53: Response to "textDocument/documentLink" (ID 7): []
2024/10/07 19:05:28 opts.go:215: Completed 1 requests [18.256322ms elapsed]
2024/10/07 19:05:28 opts.go:215: Received response for callback "3"
2024/10/07 19:05:28 opts.go:215: Posting server call "client.refreshTerraformVersion" 
2024/10/07 19:05:28 opts.go:215: Received request batch of size 1 (qlen=0)
2024/10/07 19:05:28 opts.go:215: Dequeued request batch of length 1 (qlen=0)
2024/10/07 19:05:28 rpc_logger.go:32: Incoming request for "workspace/executeCommand" (ID 8): {"command":"terraform-ls.module.terraform","arguments":["uri=file:///home/serignekane01"]}
2024/10/07 19:05:28 rpc_logger.go:53: Response to "workspace/executeCommand" (ID 8): {"v":0,"discovered_version":"1.5.7"}
2024/10/07 19:05:28 opts.go:215: Completed 1 requests [313.639µs elapsed]
2024/10/07 19:05:28 opts.go:215: Received response for callback "4"
2024/10/07 19:05:28 opts.go:215: Posting server call "workspace/semanticTokens/refresh" 
2024/10/07 19:05:28 opts.go:215: Received response for callback "5"
2024/10/07 19:05:28 opts.go:215: Posting server notification "telemetry/event" {"v":1,"name":"moduleData","properties":{"moduleId":"b029da3b-d2d8-3fe1-ce1b-bde47b83036f","providerRequirements":{"registry.terraform.io/-/google":""}}}
2024/10/07 19:05:28 opts.go:215: Received request batch of size 1 (qlen=0)
2024/10/07 19:05:28 opts.go:215: Dequeued request batch of length 1 (qlen=0)
2024/10/07 19:05:28 rpc_logger.go:32: Incoming request for "textDocument/semanticTokens/full" (ID 9): {"textDocument":{"uri":"file:///home/serignekane01/instance.tf"}}
2024/10/07 19:05:28 rpc_logger.go:53: Response to "textDocument/semanticTokens/full" (ID 9): {"data":[0,0,8,10,4096,0,9,25,11,20482,0,26,11,11,4224,1,2,7,9,4096,0,15,19,13,0,1,2,4,9,4096,0,15,11,13,0,1,2,12,9,4096,0,15,11,13,0,1,2,4,9,4096,0,15,15,13,0,2,2,9,10,4096,1,4,17,10,4096,1,6,5,9,4096,0,8,24,13,0,4,2,17,10,4096,1,4,7,9,4096,0,10,9,13,0,1,4,13,10,4096]}
2024/10/07 19:05:28 opts.go:215: Completed 1 requests [12.467326ms elapsed]
2024/10/07 19:05:29 opts.go:215: Received request batch of size 1 (qlen=0)
2024/10/07 19:05:29 opts.go:215: Dequeued request batch of length 1 (qlen=0)
2024/10/07 19:05:29 rpc_logger.go:32: Incoming request for "textDocument/documentLink" (ID 10): {"textDocument":{"uri":"file:///home/serignekane01/instance.tf"}}
2024/10/07 19:05:29 rpc_logger.go:53: Response to "textDocument/documentLink" (ID 10): []
2024/10/07 19:05:29 opts.go:215: Completed 1 requests [7.193347ms elapsed]
2024/10/07 19:05:29 opts.go:215: Received request batch of size 1 (qlen=0)
2024/10/07 19:05:29 opts.go:215: Dequeued request batch of length 1 (qlen=0)
2024/10/07 19:05:29 rpc_logger.go:32: Incoming request for "textDocument/documentSymbol" (ID 11): {"textDocument":{"uri":"file:///home/serignekane01/instance.tf"}}
2024/10/07 19:05:29 rpc_logger.go:53: Response to "textDocument/documentSymbol" (ID 11): [{"name":"resource \"google_compute_instance\" \"terraform\"","kind":5,"range":{"start":{"line":0,"character":0},"end":{"line":17,"character":1}},"selectionRange":{"start":{"line":0,"character":0},"end":{"line":17,"character":1}},"children":[{"name":"project","kind":15,"range":{"start":{"line":1,"character":2},"end":{"line":1,"character":36}},"selectionRange":{"start":{"line":1,"character":2},"end":{"line":1,"character":36}}},{"name":"name","kind":15,"range":{"start":{"line":2,"character":2},"end":{"line":2,"character":28}},"selectionRange":{"start":{"line":2,"character":2},"end":{"line":2,"character":28}}},{"name":"machine_type","kind":15,"range":{"start":{"line":3,"character":2},"end":{"line":3,"character":28}},"selectionRange":{"start":{"line":3,"character":2},"end":{"line":3,"character":28}}},{"name":"zone","kind":15,"range":{"start":{"line":4,"character":2},"end":{"line":4,"character":32}},"selectionRange":{"start":{"line":4,"character":2},"end":{"line":4,"character":32}}},{"name":"boot_disk","kind":5,"range":{"start":{"line":6,"character":2},"end":{"line":10,"character":3}},"selectionRange":{"start":{"line":6,"character":2},"end":{"line":10,"character":3}},"children":[{"name":"initialize_params","kind":5,"range":{"start":{"line":7,"character":4},"end":{"line":9,"character":5}},"selectionRange":{"start":{"line":7,"character":4},"end":{"line":9,"character":5}},"children":[{"name":"image","kind":15,"range":{"start":{"line":8,"character":6},"end":{"line":8,"character":38}},"selectionRange":{"start":{"line":8,"character":6},"end":{"line":8,"character":38}}}]}]},{"name":"network_interface","kind":5,"range":{"start":{"line":12,"character":2},"end":{"line":16,"character":3}},"selectionRange":{"start":{"line":12,"character":2},"end":{"line":16,"character":3}},"children":[{"name":"network","kind":15,"range":{"start":{"line":13,"character":4},"end":{"line":13,"character":23}},"selectionRange":{"start":{"line":13,"character":4},"end":{"line":13,"character":23}}},{"name":"access_config","kind":5,"range":{"start":{"line":14,"character":4},"end":{"line":15,"character":5}},"selectionRange":{"start":{"line":14,"character":4},"end":{"line":15,"character":5}}}]}]}]
2024/10/07 19:05:29 opts.go:215: Completed 1 requests [7.047919ms elapsed]
2024/10/07 19:05:29 opts.go:215: Received request batch of size 1 (qlen=0)
2024/10/07 19:05:29 opts.go:215: Dequeued request batch of length 1 (qlen=0)
2024/10/07 19:05:29 rpc_logger.go:32: Incoming request for "textDocument/codeLens" (ID 12): {"textDocument":{"uri":"file:///home/serignekane01/instance.tf"}}
2024/10/07 19:05:29 rpc_logger.go:53: Response to "textDocument/codeLens" (ID 12): []
2024/10/07 19:05:29 opts.go:215: Completed 1 requests [11.042419ms elapsed]
2024/10/07 19:05:30 opts.go:215: Received request batch of size 1 (qlen=0)
2024/10/07 19:05:30 opts.go:215: Dequeued request batch of length 1 (qlen=0)
2024/10/07 19:05:30 rpc_logger.go:32: Incoming request for "textDocument/codeLens" (ID 13): {"textDocument":{"uri":"file:///home/serignekane01/instance.tf"}}
2024/10/07 19:05:30 rpc_logger.go:53: Response to "textDocument/codeLens" (ID 13): []
2024/10/07 19:05:30 opts.go:215: Completed 1 requests [7.973433ms elapsed]
2024/10/07 19:05:33 opts.go:215: Received request batch of size 1 (qlen=0)
2024/10/07 19:05:33 opts.go:215: Dequeued request batch of length 1 (qlen=0)
2024/10/07 19:05:33 rpc_logger.go:32: Incoming request for "textDocument/documentLink" (ID 14): {"textDocument":{"uri":"file:///home/serignekane01/instance.tf"}}
2024/10/07 19:05:33 rpc_logger.go:53: Response to "textDocument/documentLink" (ID 14): []
2024/10/07 19:05:33 opts.go:215: Completed 1 requests [12.019587ms elapsed]
2024/10/07 19:05:33 opts.go:215: Received request batch of size 1 (qlen=0)
2024/10/07 19:05:33 opts.go:215: Dequeued request batch of length 1 (qlen=0)
2024/10/07 19:05:33 rpc_logger.go:32: Incoming request for "textDocument/documentSymbol" (ID 15): {"textDocument":{"uri":"file:///home/serignekane01/instance.tf"}}
2024/10/07 19:05:33 rpc_logger.go:53: Response to "textDocument/documentSymbol" (ID 15): [{"name":"resource \"google_compute_instance\" \"terraform\"","kind":5,"range":{"start":{"line":0,"character":0},"end":{"line":17,"character":1}},"selectionRange":{"start":{"line":0,"character":0},"end":{"line":17,"character":1}},"children":[{"name":"project","kind":15,"range":{"start":{"line":1,"character":2},"end":{"line":1,"character":36}},"selectionRange":{"start":{"line":1,"character":2},"end":{"line":1,"character":36}}},{"name":"name","kind":15,"range":{"start":{"line":2,"character":2},"end":{"line":2,"character":28}},"selectionRange":{"start":{"line":2,"character":2},"end":{"line":2,"character":28}}},{"name":"machine_type","kind":15,"range":{"start":{"line":3,"character":2},"end":{"line":3,"character":28}},"selectionRange":{"start":{"line":3,"character":2},"end":{"line":3,"character":28}}},{"name":"zone","kind":15,"range":{"start":{"line":4,"character":2},"end":{"line":4,"character":32}},"selectionRange":{"start":{"line":4,"character":2},"end":{"line":4,"character":32}}},{"name":"boot_disk","kind":5,"range":{"start":{"line":6,"character":2},"end":{"line":10,"character":3}},"selectionRange":{"start":{"line":6,"character":2},"end":{"line":10,"character":3}},"children":[{"name":"initialize_params","kind":5,"range":{"start":{"line":7,"character":4},"end":{"line":9,"character":5}},"selectionRange":{"start":{"line":7,"character":4},"end":{"line":9,"character":5}},"children":[{"name":"image","kind":15,"range":{"start":{"line":8,"character":6},"end":{"line":8,"character":38}},"selectionRange":{"start":{"line":8,"character":6},"end":{"line":8,"character":38}}}]}]},{"name":"network_interface","kind":5,"range":{"start":{"line":12,"character":2},"end":{"line":16,"character":3}},"selectionRange":{"start":{"line":12,"character":2},"end":{"line":16,"character":3}},"children":[{"name":"network","kind":15,"range":{"start":{"line":13,"character":4},"end":{"line":13,"character":23}},"selectionRange":{"start":{"line":13,"character":4},"end":{"line":13,"character":23}}},{"name":"access_config","kind":5,"range":{"start":{"line":14,"character":4},"end":{"line":15,"character":5}},"selectionRange":{"start":{"line":14,"character":4},"end":{"line":15,"character":5}}}]}]}]
2024/10/07 19:05:33 opts.go:215: Completed 1 requests [8.28892ms elapsed]
2024/10/07 19:05:33 opts.go:215: Received request batch of size 1 (qlen=0)
2024/10/07 19:05:33 opts.go:215: Dequeued request batch of length 1 (qlen=0)
2024/10/07 19:05:33 rpc_logger.go:32: Incoming request for "textDocument/codeLens" (ID 16): {"textDocument":{"uri":"file:///home/serignekane01/instance.tf"}}
2024/10/07 19:05:33 rpc_logger.go:53: Response to "textDocument/codeLens" (ID 16): []
2024/10/07 19:05:33 opts.go:215: Completed 1 requests [11.21469ms elapsed]
2024/10/07 19:09:52 opts.go:215: Received request batch of size 1 (qlen=0)
2024/10/07 19:09:52 opts.go:215: Dequeued request batch of length 1 (qlen=0)
2024/10/07 19:09:52 rpc_logger.go:32: Incoming request for "textDocument/codeLens" (ID 17): {"textDocument":{"uri":"file:///home/serignekane01/instance.tf"}}
2024/10/07 19:09:52 rpc_logger.go:53: Response to "textDocument/codeLens" (ID 17): []
2024/10/07 19:09:52 opts.go:215: Completed 1 requests [7.623021ms elapsed]
