2024-10-09 14:44:49.891 [info] Log level: Info
2024-10-09 14:44:49.891 [info] Validating found git in: "git"
2024-10-09 14:44:49.891 [info] Using git "2.43.0" from "git"
2024-10-09 14:44:49.891 [info] > git rev-parse --show-toplevel [3ms]
2024-10-09 14:44:49.891 [info] fatal: not a git repository (or any parent up to mount point /)
Stopping at filesystem boundary (GIT_DISCOVERY_ACROSS_FILESYSTEM not set).
2024-10-09 14:44:49.891 [info] > git rev-parse --show-toplevel [2ms]
2024-10-09 14:44:49.891 [info] fatal: not a git repository (or any parent up to mount point /)
Stopping at filesystem boundary (GIT_DISCOVERY_ACROSS_FILESYSTEM not set).
2024-10-09 14:44:49.891 [info] > git rev-parse --show-toplevel [1ms]
2024-10-09 14:44:49.891 [info] fatal: not a git repository (or any parent up to mount point /)
Stopping at filesystem boundary (GIT_DISCOVERY_ACROSS_FILESYSTEM not set).
2024-10-09 14:44:49.891 [info] > git rev-parse --show-toplevel [1ms]
2024-10-09 14:44:49.891 [info] fatal: not a git repository (or any parent up to mount point /)
Stopping at filesystem boundary (GIT_DISCOVERY_ACROSS_FILESYSTEM not set).
2024-10-09 14:44:49.891 [info] > git rev-parse --show-toplevel [2ms]
2024-10-09 14:44:49.891 [info] fatal: not a git repository (or any parent up to mount point /)
Stopping at filesystem boundary (GIT_DISCOVERY_ACROSS_FILESYSTEM not set).
2024-10-09 14:44:49.891 [info] > git rev-parse --show-toplevel [2ms]
2024-10-09 14:44:49.891 [info] fatal: not a git repository (or any parent up to mount point /)
Stopping at filesystem boundary (GIT_DISCOVERY_ACROSS_FILESYSTEM not set).
2024-10-09 14:44:49.891 [info] > git rev-parse --show-toplevel [2ms]
2024-10-09 14:44:49.891 [info] fatal: not a git repository (or any parent up to mount point /)
Stopping at filesystem boundary (GIT_DISCOVERY_ACROSS_FILESYSTEM not set).
2024-10-09 14:44:49.891 [info] > git rev-parse --show-toplevel [2ms]
2024-10-09 14:44:49.891 [info] fatal: not a git repository (or any parent up to mount point /)
Stopping at filesystem boundary (GIT_DISCOVERY_ACROSS_FILESYSTEM not set).
2024-10-09 14:44:49.891 [info] > git rev-parse --show-toplevel [1ms]
2024-10-09 14:44:49.891 [info] fatal: not a git repository (or any parent up to mount point /)
Stopping at filesystem boundary (GIT_DISCOVERY_ACROSS_FILESYSTEM not set).
2024-10-09 14:44:49.891 [info] > git rev-parse --show-toplevel [2ms]
2024-10-09 14:44:49.891 [info] fatal: not a git repository (or any parent up to mount point /)
Stopping at filesystem boundary (GIT_DISCOVERY_ACROSS_FILESYSTEM not set).
2024-10-09 14:44:49.891 [info] > git rev-parse --show-toplevel [3ms]
2024-10-09 14:44:49.892 [info] fatal: not a git repository (or any parent up to mount point /)
Stopping at filesystem boundary (GIT_DISCOVERY_ACROSS_FILESYSTEM not set).
2024-10-09 14:44:49.892 [info] > git rev-parse --show-toplevel [3ms]
2024-10-09 14:44:49.892 [info] fatal: not a git repository (or any parent up to mount point /)
Stopping at filesystem boundary (GIT_DISCOVERY_ACROSS_FILESYSTEM not set).
2024-10-09 14:44:49.892 [info] > git rev-parse --show-toplevel [3ms]
2024-10-09 14:44:49.892 [info] fatal: not a git repository (or any parent up to mount point /)
Stopping at filesystem boundary (GIT_DISCOVERY_ACROSS_FILESYSTEM not set).
2024-10-09 14:44:49.892 [info] > git rev-parse --show-toplevel [3ms]
2024-10-09 14:44:49.892 [info] fatal: not a git repository (or any parent up to mount point /)
Stopping at filesystem boundary (GIT_DISCOVERY_ACROSS_FILESYSTEM not set).
2024-10-09 14:44:49.902 [info] > git rev-parse --show-toplevel [2ms]
2024-10-09 14:44:49.903 [info] fatal: not a git repository (or any parent up to mount point /)
Stopping at filesystem boundary (GIT_DISCOVERY_ACROSS_FILESYSTEM not set).
2024-10-09 14:44:49.912 [info] > git rev-parse --show-toplevel [1ms]
2024-10-09 14:44:49.912 [info] fatal: not a git repository (or any parent up to mount point /)
Stopping at filesystem boundary (GIT_DISCOVERY_ACROSS_FILESYSTEM not set).
2024-10-09 14:44:55.357 [info] > git rev-parse --show-toplevel [49ms]
2024-10-09 14:44:55.357 [info] fatal: not a git repository (or any parent up to mount point /)
Stopping at filesystem boundary (GIT_DISCOVERY_ACROSS_FILESYSTEM not set).
2024-10-09 14:46:28.125 [info] > git rev-parse --show-toplevel [4ms]
2024-10-09 14:46:28.125 [info] fatal: not a git repository (or any parent up to mount point /)
Stopping at filesystem boundary (GIT_DISCOVERY_ACROSS_FILESYSTEM not set).
