2024-10-08 07:04:11.398 [info] Extension host with pid 1706 started
2024-10-08 07:04:11.419 [error] Error: EEXIST: file already exists, open '/home/serignekane01/.codeoss/data/User/workspaceStorage/-440ac96f/vscode.lock'
2024-10-08 07:04:11.445 [info] Lock '/home/serignekane01/.codeoss/data/User/workspaceStorage/-440ac96f/vscode.lock': Could not acquire lock, checking if the file is stale.
2024-10-08 07:04:11.448 [info] Lock '/home/serignekane01/.codeoss/data/User/workspaceStorage/-440ac96f/vscode.lock': The pid 1202 appears to be gone.
2024-10-08 07:04:11.448 [info] Lock '/home/serignekane01/.codeoss/data/User/workspaceStorage/-440ac96f/vscode.lock': Deleting a stale lock.
2024-10-08 07:04:11.457 [info] Lock '/home/serignekane01/.codeoss/data/User/workspaceStorage/-440ac96f/vscode.lock': Lock acquired.
2024-10-08 07:04:11.529 [info] ExtensionService#_doActivateExtension hashicorp.terraform, startup: false, activationEvent: 'onLanguage:terraform'
2024-10-08 07:04:11.531 [info] ExtensionService#_doActivateExtension vscode.emmet, startup: false, activationEvent: 'onLanguage'
2024-10-08 07:04:12.512 [error] No bundle location found for extension vscode.emmet
2024-10-08 07:04:12.564 [info] ExtensionService#_doActivateExtension vscode.git-base, startup: true, activationEvent: '*', root cause: vscode.git
2024-10-08 07:04:12.570 [error] No bundle location found for extension hashicorp.terraform
2024-10-08 07:04:12.881 [error] No bundle location found for extension vscode.git-base
2024-10-08 07:04:12.887 [info] ExtensionService#_doActivateExtension vscode.git, startup: true, activationEvent: '*'
2024-10-08 07:04:12.888 [info] ExtensionService#_doActivateExtension vscode.github, startup: true, activationEvent: '*'
2024-10-08 07:04:13.127 [error] No bundle location found for extension vscode.git
2024-10-08 07:04:13.128 [error] No bundle location found for extension vscode.github
2024-10-08 07:04:13.301 [warning] Using default string since no string found in i18n bundle that has the key: Log level: {0}
2024-10-08 07:04:13.305 [warning] Using default string since no string found in i18n bundle that has the key: Validating found git in: "{0}"
2024-10-08 07:04:13.314 [warning] Using default string since no string found in i18n bundle that has the key: Log level: {0}
2024-10-08 07:04:13.345 [warning] Using default string since no string found in i18n bundle that has the key: Enables the following features: {0}
2024-10-08 07:04:13.345 [warning] Using default string since no string found in i18n bundle that has the key: Using git "{0}" from "{1}"
2024-10-08 07:04:13.366 [warning] Using default string since no string found in i18n bundle that has the key: Git History
2024-10-08 07:04:13.372 [warning] Using default string since no string found in i18n bundle that has the key: Copy vscode.dev Link
2024-10-08 07:04:13.373 [info] Eager extensions activated
2024-10-08 07:04:13.373 [info] ExtensionService#_doActivateExtension EditorConfig.EditorConfig, startup: false, activationEvent: 'onStartupFinished'
2024-10-08 07:04:13.374 [info] ExtensionService#_doActivateExtension google.cloud-shell, startup: false, activationEvent: 'onStartupFinished'
2024-10-08 07:04:13.374 [info] ExtensionService#_doActivateExtension googlecloudtools.cloudcode, startup: false, activationEvent: 'onStartupFinished'
2024-10-08 07:04:13.375 [info] ExtensionService#_doActivateExtension vscode.debug-auto-launch, startup: false, activationEvent: 'onStartupFinished'
2024-10-08 07:04:13.375 [info] ExtensionService#_doActivateExtension vscode.merge-conflict, startup: false, activationEvent: 'onStartupFinished'
2024-10-08 07:04:13.662 [error] No bundle location found for extension googlecloudtools.cloudcode
2024-10-08 07:04:13.662 [error] No bundle location found for extension vscode.merge-conflict
2024-10-08 07:04:16.264 [warning] Using default string since no string found in i18n bundle that has the key: (Current Change)
2024-10-08 07:04:16.264 [warning] Using default string since no string found in i18n bundle that has the key: (Incoming Change)
2024-10-08 07:04:16.280 [error] No bundle location found for extension vscode.debug-auto-launch
2024-10-08 07:04:16.280 [error] No bundle location found for extension google.cloud-shell
2024-10-08 07:04:16.280 [error] No bundle location found for extension EditorConfig.EditorConfig
2024-10-08 07:04:16.284 [warning] Using default string since no string found in i18n bundle that has the key: Auto Attach: Disabled
2024-10-08 07:04:16.284 [warning] Using default string since no string found in i18n bundle that has the key: Auto Attach: Always
2024-10-08 07:04:16.284 [warning] Using default string since no string found in i18n bundle that has the key: Auto Attach: Smart
2024-10-08 07:04:16.284 [warning] Using default string since no string found in i18n bundle that has the key: Auto Attach: With Flag
2024-10-08 07:04:16.284 [warning] Using default string since no string found in i18n bundle that has the key: Disabled
2024-10-08 07:04:16.284 [warning] Using default string since no string found in i18n bundle that has the key: Always
2024-10-08 07:04:16.284 [warning] Using default string since no string found in i18n bundle that has the key: Smart
2024-10-08 07:04:16.284 [warning] Using default string since no string found in i18n bundle that has the key: Only With Flag
2024-10-08 07:04:16.284 [warning] Using default string since no string found in i18n bundle that has the key: Auto attach is disabled and not shown in status bar
2024-10-08 07:04:16.284 [warning] Using default string since no string found in i18n bundle that has the key: Auto attach to every Node.js process launched in the terminal
2024-10-08 07:04:16.284 [warning] Using default string since no string found in i18n bundle that has the key: Auto attach when running scripts that aren't in a node_modules folder
2024-10-08 07:04:16.284 [warning] Using default string since no string found in i18n bundle that has the key: Only auto attach when the `--inspect` flag is given
2024-10-08 07:04:16.284 [warning] Using default string since no string found in i18n bundle that has the key: Toggle auto attach in this workspace
2024-10-08 07:04:16.284 [warning] Using default string since no string found in i18n bundle that has the key: Toggle auto attach on this machine
2024-10-08 07:04:16.284 [warning] Using default string since no string found in i18n bundle that has the key: Temporarily disable auto attach in this session
2024-10-08 07:04:16.284 [warning] Using default string since no string found in i18n bundle that has the key: Re-enable auto attach
2024-10-08 07:04:16.284 [warning] Using default string since no string found in i18n bundle that has the key: Auto Attach: Disabled
2024-10-08 07:04:16.381 [warning] Using default string since no string found in i18n bundle that has the key: (Current Change)
2024-10-08 07:04:16.382 [warning] Using default string since no string found in i18n bundle that has the key: (Incoming Change)
2024-10-08 07:04:16.477 [info] ExtensionService#_doActivateExtension vscode.json-language-features, startup: false, activationEvent: 'onLanguage:jsonc'
2024-10-08 07:04:16.478 [info] ExtensionService#_doActivateExtension vscode.typescript-language-features, startup: false, activationEvent: 'onLanguage:jsonc'
2024-10-08 07:04:16.726 [error] No bundle location found for extension vscode.json-language-features
2024-10-08 07:04:16.790 [warning] Using default string since no string found in i18n bundle that has the key: Configure
2024-10-08 07:04:16.790 [warning] Using default string since no string found in i18n bundle that has the key: JSON Language Server
2024-10-08 07:04:16.807 [error] No bundle location found for extension vscode.typescript-language-features
2024-10-08 07:04:16.872 [warning] Using default string since no string found in i18n bundle that has the key: Learn more about managing TypeScript versions
2024-10-08 07:04:16.905 [warning] Using default string since no string found in i18n bundle that has the key: JSON: Schema Resolution Error
2024-10-08 07:04:17.091 [warning] Using default string since no string found in i18n bundle that has the key: Unable to resolve schema. Click to retry.
2024-10-08 07:04:17.092 [warning] Using default string since no string found in i18n bundle that has the key: JSON Validation Status
2024-10-08 07:04:17.092 [warning] Using default string since no string found in i18n bundle that has the key: Loading JSON info
2024-10-08 07:04:17.100 [warning] Using default string since no string found in i18n bundle that has the key: No Schema Validation
2024-10-08 07:04:17.100 [warning] Using default string since no string found in i18n bundle that has the key: no JSON schema configured
2024-10-08 07:04:17.100 [warning] Using default string since no string found in i18n bundle that has the key: Show Schemas
2024-10-08 07:04:17.629 [warning] Using default string since no string found in i18n bundle that has the key: Unable to compute used schemas: No document
2024-10-08 07:04:17.683 [warning] Using default string since no string found in i18n bundle that has the key: Loading JSON info
2024-10-08 07:04:17.708 [warning] Using default string since no string found in i18n bundle that has the key: No Schema Validation
2024-10-08 07:04:17.708 [warning] Using default string since no string found in i18n bundle that has the key: no JSON schema configured
2024-10-08 07:04:17.708 [warning] Using default string since no string found in i18n bundle that has the key: Show Schemas
2024-10-08 07:06:22.487 [error] [hashicorp.terraform] provider FAILED
2024-10-08 07:06:22.495 [error] Error: no reference origin found
    at /google/devshell/editor/code-oss-for-cloud-shell/extensions/hashicorp.terraform-2.31.0@linux/out/extension.js:2:437683
    at re (/google/devshell/editor/code-oss-for-cloud-shell/extensions/hashicorp.terraform-2.31.0@linux/out/extension.js:2:437977)
    at /google/devshell/editor/code-oss-for-cloud-shell/extensions/hashicorp.terraform-2.31.0@linux/out/extension.js:2:432761
    at Immediate.<anonymous> (/google/devshell/editor/code-oss-for-cloud-shell/extensions/hashicorp.terraform-2.31.0@linux/out/extension.js:2:432781)
    at processImmediate (node:internal/timers:476:21)
2024-10-08 07:13:23.350 [warning] Using default string since no string found in i18n bundle that has the key: Unable to compute used schemas: No document
2024-10-08 07:13:23.558 [warning] Using default string since no string found in i18n bundle that has the key: Loading JSON info
2024-10-08 07:13:23.559 [info] ExtensionService#_doActivateExtension vscode.extension-editing, startup: false, activationEvent: 'onLanguage:json'
2024-10-08 07:13:23.559 [info] ExtensionService#_doActivateExtension vscode.npm, startup: false, activationEvent: 'onLanguage:json'
2024-10-08 07:13:23.585 [warning] Using default string since no string found in i18n bundle that has the key: No Schema Validation
2024-10-08 07:13:23.585 [warning] Using default string since no string found in i18n bundle that has the key: no JSON schema configured
2024-10-08 07:13:23.585 [warning] Using default string since no string found in i18n bundle that has the key: Show Schemas
2024-10-08 07:13:24.587 [error] No bundle location found for extension vscode.npm
2024-10-08 07:13:24.587 [error] No bundle location found for extension vscode.extension-editing
2024-10-08 07:13:24.650 [warning] Using default string since no string found in i18n bundle that has the key: This activation event cannot be explicitly listed by your extension.
2024-10-08 07:13:24.651 [warning] Using default string since no string found in i18n bundle that has the key: This activation event can be removed as Code OSS generates these automatically from your package.json contribution declarations.
2024-10-08 07:13:24.652 [warning] Using default string since no string found in i18n bundle that has the key: Images must use the HTTPS protocol.
2024-10-08 07:13:24.652 [warning] Using default string since no string found in i18n bundle that has the key: SVGs are not a valid image source.
2024-10-08 07:13:24.652 [warning] Using default string since no string found in i18n bundle that has the key: Embedded SVGs are not a valid image source.
2024-10-08 07:13:24.652 [warning] Using default string since no string found in i18n bundle that has the key: Data URLs are not a valid image source.
2024-10-08 07:13:24.652 [warning] Using default string since no string found in i18n bundle that has the key: Relative image URLs require a repository with HTTPS protocol to be specified in the package.json.
2024-10-08 07:13:24.652 [warning] Using default string since no string found in i18n bundle that has the key: Relative badge URLs require a repository with HTTPS protocol to be specified in this package.json.
2024-10-08 07:13:24.652 [warning] Using default string since no string found in i18n bundle that has the key: This proposal cannot be used because for this extension the product defines a fixed set of API proposals. You can test your extension but before publishing you MUST reach out to the Code OSS team.
2024-10-08 07:13:24.652 [warning] Using default string since no string found in i18n bundle that has the key: This activation event can be removed for extensions targeting engine version ^1.75 as Code OSS will generate these automatically from your package.json contribution declarations.
2024-10-08 07:13:24.652 [warning] Using default string since no string found in i18n bundle that has the key: Using '*' activation is usually a bad idea as it impacts performance.
2024-10-08 07:13:24.652 [warning] Using default string since no string found in i18n bundle that has the key: Error parsing the when-clause:
2024-10-08 07:13:31.262 [warning] Using default string since no string found in i18n bundle that has the key: Unable to compute used schemas: No document
2024-10-08 07:13:31.264 [warning] Using default string since no string found in i18n bundle that has the key: Loading JSON info
2024-10-08 07:13:31.282 [warning] Using default string since no string found in i18n bundle that has the key: No Schema Validation
2024-10-08 07:13:31.282 [warning] Using default string since no string found in i18n bundle that has the key: no JSON schema configured
2024-10-08 07:13:31.282 [warning] Using default string since no string found in i18n bundle that has the key: Show Schemas
2024-10-08 07:13:56.626 [warning] Using default string since no string found in i18n bundle that has the key: Unable to compute used schemas: No document
2024-10-08 07:13:56.630 [warning] Using default string since no string found in i18n bundle that has the key: Loading JSON info
2024-10-08 07:13:56.649 [warning] Using default string since no string found in i18n bundle that has the key: No Schema Validation
2024-10-08 07:13:56.649 [warning] Using default string since no string found in i18n bundle that has the key: no JSON schema configured
2024-10-08 07:13:56.649 [warning] Using default string since no string found in i18n bundle that has the key: Show Schemas
2024-10-08 07:13:59.168 [warning] Using default string since no string found in i18n bundle that has the key: Unable to compute used schemas: No document
2024-10-08 07:13:59.231 [warning] Using default string since no string found in i18n bundle that has the key: Loading JSON info
2024-10-08 07:13:59.250 [warning] Using default string since no string found in i18n bundle that has the key: No Schema Validation
2024-10-08 07:13:59.250 [warning] Using default string since no string found in i18n bundle that has the key: no JSON schema configured
2024-10-08 07:13:59.250 [warning] Using default string since no string found in i18n bundle that has the key: Show Schemas
2024-10-08 07:14:21.175 [warning] Using default string since no string found in i18n bundle that has the key: Unable to compute used schemas: No document
2024-10-08 07:14:21.252 [warning] Using default string since no string found in i18n bundle that has the key: Loading JSON info
2024-10-08 07:14:21.270 [warning] Using default string since no string found in i18n bundle that has the key: No Schema Validation
2024-10-08 07:14:21.270 [warning] Using default string since no string found in i18n bundle that has the key: no JSON schema configured
2024-10-08 07:14:21.270 [warning] Using default string since no string found in i18n bundle that has the key: Show Schemas
2024-10-08 07:14:23.575 [warning] Using default string since no string found in i18n bundle that has the key: Unable to compute used schemas: No document
2024-10-08 07:14:23.664 [warning] Using default string since no string found in i18n bundle that has the key: Loading JSON info
2024-10-08 07:14:23.685 [warning] Using default string since no string found in i18n bundle that has the key: No Schema Validation
2024-10-08 07:14:23.685 [warning] Using default string since no string found in i18n bundle that has the key: no JSON schema configured
2024-10-08 07:14:23.685 [warning] Using default string since no string found in i18n bundle that has the key: Show Schemas
2024-10-08 07:15:26.571 [warning] Using default string since no string found in i18n bundle that has the key: Unable to compute used schemas: No document
2024-10-08 07:15:26.649 [warning] Using default string since no string found in i18n bundle that has the key: Loading JSON info
2024-10-08 07:15:26.670 [warning] Using default string since no string found in i18n bundle that has the key: No Schema Validation
2024-10-08 07:15:26.670 [warning] Using default string since no string found in i18n bundle that has the key: no JSON schema configured
2024-10-08 07:15:26.670 [warning] Using default string since no string found in i18n bundle that has the key: Show Schemas
2024-10-08 07:15:31.787 [warning] Using default string since no string found in i18n bundle that has the key: Unable to compute used schemas: No document
2024-10-08 07:15:31.892 [warning] Using default string since no string found in i18n bundle that has the key: Loading JSON info
2024-10-08 07:15:31.913 [warning] Using default string since no string found in i18n bundle that has the key: No Schema Validation
2024-10-08 07:15:31.913 [warning] Using default string since no string found in i18n bundle that has the key: no JSON schema configured
2024-10-08 07:15:31.913 [warning] Using default string since no string found in i18n bundle that has the key: Show Schemas
2024-10-08 07:15:37.982 [warning] Using default string since no string found in i18n bundle that has the key: Unable to compute used schemas: No document
2024-10-08 07:15:37.983 [warning] Using default string since no string found in i18n bundle that has the key: Loading JSON info
2024-10-08 07:15:37.999 [warning] Using default string since no string found in i18n bundle that has the key: No Schema Validation
2024-10-08 07:15:37.999 [warning] Using default string since no string found in i18n bundle that has the key: no JSON schema configured
2024-10-08 07:15:37.999 [warning] Using default string since no string found in i18n bundle that has the key: Show Schemas
2024-10-08 08:08:08.515 [info] Extension host terminating: renderer disconnected for too long (2)
2024-10-08 08:08:08.516 [info] Lock '/home/serignekane01/.codeoss/data/User/workspaceStorage/-440ac96f/vscode.lock': Marking the lockfile as scheduled to be released in 6000 ms.
2024-10-08 08:08:08.544 [info] Extension host with pid 1706 exiting with code 0
