2024-10-08 08:03:10.956 [info] Extension host with pid 2690 started
2024-10-08 08:03:10.956 [error] Error: EEXIST: file already exists, open '/home/serignekane01/.codeoss/data/User/workspaceStorage/-440ac96f/vscode.lock'
2024-10-08 08:03:10.960 [info] Lock '/home/serignekane01/.codeoss/data/User/workspaceStorage/-440ac96f/vscode.lock': Could not acquire lock, checking if the file is stale.
2024-10-08 08:03:10.966 [info] Lock '/home/serignekane01/.codeoss/data/User/workspaceStorage/-440ac96f/vscode.lock': The lock does not look stale, elapsed: 788 ms, giving up.
2024-10-08 08:03:10.983 [info] Lock '/home/serignekane01/.codeoss/data/User/workspaceStorage/-440ac96f-1/vscode.lock': Lock acquired.
2024-10-08 08:03:11.171 [info] ExtensionService#_doActivateExtension hashicorp.terraform, startup: false, activationEvent: 'onLanguage:terraform'
2024-10-08 08:03:11.173 [info] ExtensionService#_doActivateExtension vscode.emmet, startup: false, activationEvent: 'onLanguage'
2024-10-08 08:03:12.174 [info] ExtensionService#_doActivateExtension vscode.git-base, startup: true, activationEvent: '*', root cause: vscode.git
2024-10-08 08:03:12.303 [error] No bundle location found for extension vscode.emmet
2024-10-08 08:03:12.349 [error] No bundle location found for extension hashicorp.terraform
2024-10-08 08:03:12.657 [error] No bundle location found for extension vscode.git-base
2024-10-08 08:03:12.662 [info] ExtensionService#_doActivateExtension vscode.git, startup: true, activationEvent: '*'
2024-10-08 08:03:12.663 [info] ExtensionService#_doActivateExtension vscode.github, startup: true, activationEvent: '*'
2024-10-08 08:03:13.035 [error] No bundle location found for extension vscode.git
2024-10-08 08:03:13.201 [warning] Using default string since no string found in i18n bundle that has the key: Log level: {0}
2024-10-08 08:03:13.206 [warning] Using default string since no string found in i18n bundle that has the key: Validating found git in: "{0}"
2024-10-08 08:03:13.217 [error] No bundle location found for extension vscode.github
2024-10-08 08:03:13.268 [warning] Using default string since no string found in i18n bundle that has the key: Log level: {0}
2024-10-08 08:03:13.278 [warning] Using default string since no string found in i18n bundle that has the key: Enables the following features: {0}
2024-10-08 08:03:13.278 [warning] Using default string since no string found in i18n bundle that has the key: Using git "{0}" from "{1}"
2024-10-08 08:03:13.299 [warning] Using default string since no string found in i18n bundle that has the key: Git History
2024-10-08 08:03:13.304 [warning] Using default string since no string found in i18n bundle that has the key: Copy vscode.dev Link
2024-10-08 08:03:13.305 [info] Eager extensions activated
2024-10-08 08:03:13.305 [info] ExtensionService#_doActivateExtension EditorConfig.EditorConfig, startup: false, activationEvent: 'onStartupFinished'
2024-10-08 08:03:13.306 [info] ExtensionService#_doActivateExtension google.cloud-shell, startup: false, activationEvent: 'onStartupFinished'
2024-10-08 08:03:13.306 [info] ExtensionService#_doActivateExtension googlecloudtools.cloudcode, startup: false, activationEvent: 'onStartupFinished'
2024-10-08 08:03:13.307 [info] ExtensionService#_doActivateExtension vscode.debug-auto-launch, startup: false, activationEvent: 'onStartupFinished'
2024-10-08 08:03:13.308 [info] ExtensionService#_doActivateExtension vscode.merge-conflict, startup: false, activationEvent: 'onStartupFinished'
2024-10-08 08:03:13.633 [error] No bundle location found for extension google.cloud-shell
2024-10-08 08:03:13.732 [info] ExtensionService#_doActivateExtension vscode.json-language-features, startup: false, activationEvent: 'onLanguage:jsonc'
2024-10-08 08:03:13.733 [info] ExtensionService#_doActivateExtension vscode.typescript-language-features, startup: false, activationEvent: 'onLanguage:jsonc'
2024-10-08 08:03:13.749 [error] No bundle location found for extension EditorConfig.EditorConfig
2024-10-08 08:03:13.771 [error] No bundle location found for extension vscode.merge-conflict
2024-10-08 08:03:13.797 [warning] Using default string since no string found in i18n bundle that has the key: (Current Change)
2024-10-08 08:03:13.798 [warning] Using default string since no string found in i18n bundle that has the key: (Incoming Change)
2024-10-08 08:03:13.802 [error] No bundle location found for extension vscode.debug-auto-launch
2024-10-08 08:03:13.802 [error] No bundle location found for extension googlecloudtools.cloudcode
2024-10-08 08:03:13.805 [warning] Using default string since no string found in i18n bundle that has the key: Auto Attach: Disabled
2024-10-08 08:03:13.805 [warning] Using default string since no string found in i18n bundle that has the key: Auto Attach: Always
2024-10-08 08:03:13.805 [warning] Using default string since no string found in i18n bundle that has the key: Auto Attach: Smart
2024-10-08 08:03:13.805 [warning] Using default string since no string found in i18n bundle that has the key: Auto Attach: With Flag
2024-10-08 08:03:13.805 [warning] Using default string since no string found in i18n bundle that has the key: Disabled
2024-10-08 08:03:13.805 [warning] Using default string since no string found in i18n bundle that has the key: Always
2024-10-08 08:03:13.805 [warning] Using default string since no string found in i18n bundle that has the key: Smart
2024-10-08 08:03:13.806 [warning] Using default string since no string found in i18n bundle that has the key: Only With Flag
2024-10-08 08:03:13.806 [warning] Using default string since no string found in i18n bundle that has the key: Auto attach is disabled and not shown in status bar
2024-10-08 08:03:13.806 [warning] Using default string since no string found in i18n bundle that has the key: Auto attach to every Node.js process launched in the terminal
2024-10-08 08:03:13.806 [warning] Using default string since no string found in i18n bundle that has the key: Auto attach when running scripts that aren't in a node_modules folder
2024-10-08 08:03:13.806 [warning] Using default string since no string found in i18n bundle that has the key: Only auto attach when the `--inspect` flag is given
2024-10-08 08:03:13.806 [warning] Using default string since no string found in i18n bundle that has the key: Toggle auto attach in this workspace
2024-10-08 08:03:13.806 [warning] Using default string since no string found in i18n bundle that has the key: Toggle auto attach on this machine
2024-10-08 08:03:13.806 [warning] Using default string since no string found in i18n bundle that has the key: Temporarily disable auto attach in this session
2024-10-08 08:03:13.806 [warning] Using default string since no string found in i18n bundle that has the key: Re-enable auto attach
2024-10-08 08:03:13.806 [warning] Using default string since no string found in i18n bundle that has the key: Auto Attach: Disabled
2024-10-08 08:03:16.224 [error] No bundle location found for extension vscode.json-language-features
2024-10-08 08:03:16.224 [error] No bundle location found for extension vscode.typescript-language-features
2024-10-08 08:03:16.281 [warning] Using default string since no string found in i18n bundle that has the key: Configure
2024-10-08 08:03:16.281 [warning] Using default string since no string found in i18n bundle that has the key: JSON Language Server
2024-10-08 08:03:16.358 [warning] Using default string since no string found in i18n bundle that has the key: Learn more about managing TypeScript versions
2024-10-08 08:03:16.403 [warning] Using default string since no string found in i18n bundle that has the key: (Current Change)
2024-10-08 08:03:16.404 [warning] Using default string since no string found in i18n bundle that has the key: (Incoming Change)
2024-10-08 08:03:16.436 [warning] Using default string since no string found in i18n bundle that has the key: JSON: Schema Resolution Error
2024-10-08 08:03:16.626 [warning] Using default string since no string found in i18n bundle that has the key: Unable to resolve schema. Click to retry.
2024-10-08 08:03:16.627 [warning] Using default string since no string found in i18n bundle that has the key: JSON Validation Status
2024-10-08 08:03:16.628 [warning] Using default string since no string found in i18n bundle that has the key: Loading JSON info
2024-10-08 08:03:16.634 [warning] Using default string since no string found in i18n bundle that has the key: No Schema Validation
2024-10-08 08:03:16.634 [warning] Using default string since no string found in i18n bundle that has the key: no JSON schema configured
2024-10-08 08:03:16.634 [warning] Using default string since no string found in i18n bundle that has the key: Show Schemas
2024-10-08 08:04:39.381 [warning] Using default string since no string found in i18n bundle that has the key: Unable to compute used schemas: No document
2024-10-08 08:04:39.429 [warning] Using default string since no string found in i18n bundle that has the key: Loading JSON info
2024-10-08 08:04:39.430 [info] ExtensionService#_doActivateExtension vscode.extension-editing, startup: false, activationEvent: 'onLanguage:json'
2024-10-08 08:04:39.431 [info] ExtensionService#_doActivateExtension vscode.npm, startup: false, activationEvent: 'onLanguage:json'
2024-10-08 08:04:39.453 [warning] Using default string since no string found in i18n bundle that has the key: No Schema Validation
2024-10-08 08:04:39.453 [warning] Using default string since no string found in i18n bundle that has the key: no JSON schema configured
2024-10-08 08:04:39.453 [warning] Using default string since no string found in i18n bundle that has the key: Show Schemas
2024-10-08 08:04:40.218 [error] No bundle location found for extension vscode.npm
2024-10-08 08:04:40.261 [error] No bundle location found for extension vscode.extension-editing
2024-10-08 08:04:40.277 [warning] Using default string since no string found in i18n bundle that has the key: This activation event cannot be explicitly listed by your extension.
2024-10-08 08:04:40.277 [warning] Using default string since no string found in i18n bundle that has the key: This activation event can be removed as Code OSS generates these automatically from your package.json contribution declarations.
2024-10-08 08:04:40.279 [warning] Using default string since no string found in i18n bundle that has the key: Images must use the HTTPS protocol.
2024-10-08 08:04:40.279 [warning] Using default string since no string found in i18n bundle that has the key: SVGs are not a valid image source.
2024-10-08 08:04:40.279 [warning] Using default string since no string found in i18n bundle that has the key: Embedded SVGs are not a valid image source.
2024-10-08 08:04:40.279 [warning] Using default string since no string found in i18n bundle that has the key: Data URLs are not a valid image source.
2024-10-08 08:04:40.279 [warning] Using default string since no string found in i18n bundle that has the key: Relative image URLs require a repository with HTTPS protocol to be specified in the package.json.
2024-10-08 08:04:40.279 [warning] Using default string since no string found in i18n bundle that has the key: Relative badge URLs require a repository with HTTPS protocol to be specified in this package.json.
2024-10-08 08:04:40.279 [warning] Using default string since no string found in i18n bundle that has the key: This proposal cannot be used because for this extension the product defines a fixed set of API proposals. You can test your extension but before publishing you MUST reach out to the Code OSS team.
2024-10-08 08:04:40.279 [warning] Using default string since no string found in i18n bundle that has the key: This activation event can be removed for extensions targeting engine version ^1.75 as Code OSS will generate these automatically from your package.json contribution declarations.
2024-10-08 08:04:40.279 [warning] Using default string since no string found in i18n bundle that has the key: Using '*' activation is usually a bad idea as it impacts performance.
2024-10-08 08:04:40.279 [warning] Using default string since no string found in i18n bundle that has the key: Error parsing the when-clause:
2024-10-08 08:04:42.697 [warning] Using default string since no string found in i18n bundle that has the key: Unable to compute used schemas: No document
2024-10-08 08:04:42.772 [warning] Using default string since no string found in i18n bundle that has the key: Loading JSON info
2024-10-08 08:04:42.795 [warning] Using default string since no string found in i18n bundle that has the key: No Schema Validation
2024-10-08 08:04:42.795 [warning] Using default string since no string found in i18n bundle that has the key: no JSON schema configured
2024-10-08 08:04:42.795 [warning] Using default string since no string found in i18n bundle that has the key: Show Schemas
2024-10-08 08:12:45.576 [error] [hashicorp.terraform] provider FAILED
2024-10-08 08:12:45.584 [error] Error: main.tf (3,2): position outside of any attribute name, value or block
    at /google/devshell/editor/code-oss-for-cloud-shell/extensions/hashicorp.terraform-2.31.0@linux/out/extension.js:2:437683
    at re (/google/devshell/editor/code-oss-for-cloud-shell/extensions/hashicorp.terraform-2.31.0@linux/out/extension.js:2:437977)
    at /google/devshell/editor/code-oss-for-cloud-shell/extensions/hashicorp.terraform-2.31.0@linux/out/extension.js:2:432761
    at Immediate.<anonymous> (/google/devshell/editor/code-oss-for-cloud-shell/extensions/hashicorp.terraform-2.31.0@linux/out/extension.js:2:432781)
    at processImmediate (node:internal/timers:476:21)
2024-10-08 08:12:45.857 [error] [hashicorp.terraform] provider FAILED
2024-10-08 08:12:45.858 [error] Error: main.tf (4,3): position outside of any attribute name, value or block
    at /google/devshell/editor/code-oss-for-cloud-shell/extensions/hashicorp.terraform-2.31.0@linux/out/extension.js:2:437683
    at re (/google/devshell/editor/code-oss-for-cloud-shell/extensions/hashicorp.terraform-2.31.0@linux/out/extension.js:2:437977)
    at /google/devshell/editor/code-oss-for-cloud-shell/extensions/hashicorp.terraform-2.31.0@linux/out/extension.js:2:432761
    at Immediate.<anonymous> (/google/devshell/editor/code-oss-for-cloud-shell/extensions/hashicorp.terraform-2.31.0@linux/out/extension.js:2:432781)
    at processImmediate (node:internal/timers:476:21)
2024-10-08 08:12:46.478 [error] [hashicorp.terraform] provider FAILED
2024-10-08 08:12:46.479 [error] Error: main.tf (4,4): unknown attribute "force_destroy"
    at /google/devshell/editor/code-oss-for-cloud-shell/extensions/hashicorp.terraform-2.31.0@linux/out/extension.js:2:437683
    at re (/google/devshell/editor/code-oss-for-cloud-shell/extensions/hashicorp.terraform-2.31.0@linux/out/extension.js:2:437977)
    at /google/devshell/editor/code-oss-for-cloud-shell/extensions/hashicorp.terraform-2.31.0@linux/out/extension.js:2:432761
    at Immediate.<anonymous> (/google/devshell/editor/code-oss-for-cloud-shell/extensions/hashicorp.terraform-2.31.0@linux/out/extension.js:2:432781)
    at processImmediate (node:internal/timers:476:21)
2024-10-08 08:12:47.336 [error] [hashicorp.terraform] provider FAILED
2024-10-08 08:12:47.337 [error] Error: main.tf (8,8): position outside of any attribute name, value or block
    at /google/devshell/editor/code-oss-for-cloud-shell/extensions/hashicorp.terraform-2.31.0@linux/out/extension.js:2:437683
    at re (/google/devshell/editor/code-oss-for-cloud-shell/extensions/hashicorp.terraform-2.31.0@linux/out/extension.js:2:437977)
    at /google/devshell/editor/code-oss-for-cloud-shell/extensions/hashicorp.terraform-2.31.0@linux/out/extension.js:2:432761
    at Immediate.<anonymous> (/google/devshell/editor/code-oss-for-cloud-shell/extensions/hashicorp.terraform-2.31.0@linux/out/extension.js:2:432781)
    at processImmediate (node:internal/timers:476:21)
2024-10-08 08:12:51.233 [error] [hashicorp.terraform] provider FAILED
2024-10-08 08:12:51.233 [error] Error: main.tf (4,19): unknown attribute "force_destroy"
    at /google/devshell/editor/code-oss-for-cloud-shell/extensions/hashicorp.terraform-2.31.0@linux/out/extension.js:2:437683
    at re (/google/devshell/editor/code-oss-for-cloud-shell/extensions/hashicorp.terraform-2.31.0@linux/out/extension.js:2:437977)
    at /google/devshell/editor/code-oss-for-cloud-shell/extensions/hashicorp.terraform-2.31.0@linux/out/extension.js:2:432761
    at Immediate.<anonymous> (/google/devshell/editor/code-oss-for-cloud-shell/extensions/hashicorp.terraform-2.31.0@linux/out/extension.js:2:432781)
    at processImmediate (node:internal/timers:476:21)
2024-10-08 08:12:51.414 [error] [hashicorp.terraform] provider FAILED
2024-10-08 08:12:51.415 [error] Error: main.tf (4,18): unknown attribute "force_destroy"
    at /google/devshell/editor/code-oss-for-cloud-shell/extensions/hashicorp.terraform-2.31.0@linux/out/extension.js:2:437683
    at re (/google/devshell/editor/code-oss-for-cloud-shell/extensions/hashicorp.terraform-2.31.0@linux/out/extension.js:2:437977)
    at /google/devshell/editor/code-oss-for-cloud-shell/extensions/hashicorp.terraform-2.31.0@linux/out/extension.js:2:432761
    at Immediate.<anonymous> (/google/devshell/editor/code-oss-for-cloud-shell/extensions/hashicorp.terraform-2.31.0@linux/out/extension.js:2:432781)
    at processImmediate (node:internal/timers:476:21)
2024-10-08 08:14:22.982 [error] [hashicorp.terraform] provider FAILED
2024-10-08 08:14:22.983 [error] Error: main.tf (4,22): position outside of any attribute name, value or block
    at /google/devshell/editor/code-oss-for-cloud-shell/extensions/hashicorp.terraform-2.31.0@linux/out/extension.js:2:437683
    at re (/google/devshell/editor/code-oss-for-cloud-shell/extensions/hashicorp.terraform-2.31.0@linux/out/extension.js:2:437977)
    at /google/devshell/editor/code-oss-for-cloud-shell/extensions/hashicorp.terraform-2.31.0@linux/out/extension.js:2:432761
    at Immediate.<anonymous> (/google/devshell/editor/code-oss-for-cloud-shell/extensions/hashicorp.terraform-2.31.0@linux/out/extension.js:2:432781)
    at processImmediate (node:internal/timers:476:21)
