2024-10-08 08:03:13.368 [info] Log level: Info
2024-10-08 08:03:13.368 [info] Validating found git in: "git"
2024-10-08 08:03:13.368 [info] Using git "2.43.0" from "git"
2024-10-08 08:03:13.368 [info] > git rev-parse --show-toplevel [4ms]
2024-10-08 08:03:13.368 [info] fatal: not a git repository (or any parent up to mount point /)
Stopping at filesystem boundary (GIT_DISCOVERY_ACROSS_FILESYSTEM not set).
2024-10-08 08:03:13.368 [info] > git rev-parse --show-toplevel [3ms]
2024-10-08 08:03:13.368 [info] fatal: not a git repository (or any parent up to mount point /)
Stopping at filesystem boundary (GIT_DISCOVERY_ACROSS_FILESYSTEM not set).
2024-10-08 08:03:13.368 [info] > git rev-parse --show-toplevel [3ms]
2024-10-08 08:03:13.368 [info] fatal: not a git repository (or any parent up to mount point /)
Stopping at filesystem boundary (GIT_DISCOVERY_ACROSS_FILESYSTEM not set).
2024-10-08 08:03:13.373 [info] > git rev-parse --show-toplevel [4ms]
2024-10-08 08:03:13.373 [info] fatal: not a git repository (or any parent up to mount point /)
Stopping at filesystem boundary (GIT_DISCOVERY_ACROSS_FILESYSTEM not set).
2024-10-08 08:03:13.401 [info] > git rev-parse --show-toplevel [5ms]
2024-10-08 08:03:13.401 [info] fatal: not a git repository (or any parent up to mount point /)
Stopping at filesystem boundary (GIT_DISCOVERY_ACROSS_FILESYSTEM not set).
2024-10-08 08:03:13.412 [info] > git rev-parse --show-toplevel [3ms]
2024-10-08 08:03:13.412 [info] fatal: not a git repository (or any parent up to mount point /)
Stopping at filesystem boundary (GIT_DISCOVERY_ACROSS_FILESYSTEM not set).
2024-10-08 08:03:13.422 [info] > git rev-parse --show-toplevel [2ms]
2024-10-08 08:03:13.422 [info] fatal: not a git repository (or any parent up to mount point /)
Stopping at filesystem boundary (GIT_DISCOVERY_ACROSS_FILESYSTEM not set).
2024-10-08 08:03:13.431 [info] > git rev-parse --show-toplevel [2ms]
2024-10-08 08:03:13.431 [info] fatal: not a git repository (or any parent up to mount point /)
Stopping at filesystem boundary (GIT_DISCOVERY_ACROSS_FILESYSTEM not set).
2024-10-08 08:03:13.440 [info] > git rev-parse --show-toplevel [2ms]
2024-10-08 08:03:13.440 [info] fatal: not a git repository (or any parent up to mount point /)
Stopping at filesystem boundary (GIT_DISCOVERY_ACROSS_FILESYSTEM not set).
2024-10-08 08:03:13.449 [info] > git rev-parse --show-toplevel [1ms]
2024-10-08 08:03:13.449 [info] fatal: not a git repository (or any parent up to mount point /)
Stopping at filesystem boundary (GIT_DISCOVERY_ACROSS_FILESYSTEM not set).
2024-10-08 08:03:13.457 [info] > git rev-parse --show-toplevel [1ms]
2024-10-08 08:03:13.457 [info] fatal: not a git repository (or any parent up to mount point /)
Stopping at filesystem boundary (GIT_DISCOVERY_ACROSS_FILESYSTEM not set).
2024-10-08 08:03:16.429 [info] > git rev-parse --show-toplevel [4ms]
2024-10-08 08:03:16.429 [info] fatal: not a git repository (or any parent up to mount point /)
Stopping at filesystem boundary (GIT_DISCOVERY_ACROSS_FILESYSTEM not set).
2024-10-08 08:04:39.452 [info] > git rev-parse --show-toplevel [3ms]
2024-10-08 08:04:39.452 [info] fatal: not a git repository (or any parent up to mount point /)
Stopping at filesystem boundary (GIT_DISCOVERY_ACROSS_FILESYSTEM not set).
2024-10-08 08:04:42.797 [info] > git rev-parse --show-toplevel [2ms]
2024-10-08 08:04:42.797 [info] fatal: not a git repository (or any parent up to mount point /)
Stopping at filesystem boundary (GIT_DISCOVERY_ACROSS_FILESYSTEM not set).
