2024-10-08 08:57:49.425 [info] Extension host with pid 1223 started
2024-10-08 08:57:49.436 [info] Lock '/home/serignekane01/.codeoss/data/User/workspaceStorage/-440ac96f/vscode.lock': Lock acquired.
2024-10-08 08:57:49.685 [info] ExtensionService#_doActivateExtension vscode.emmet, startup: false, activationEvent: 'onLanguage'
2024-10-08 08:57:49.687 [info] ExtensionService#_doActivateExtension vscode.extension-editing, startup: false, activationEvent: 'onLanguage:json'
2024-10-08 08:57:49.687 [info] ExtensionService#_doActivateExtension vscode.json-language-features, startup: false, activationEvent: 'onLanguage:json'
2024-10-08 08:57:49.688 [info] ExtensionService#_doActivateExtension vscode.npm, startup: false, activationEvent: 'onLanguage:json'
2024-10-08 08:57:50.636 [error] No bundle location found for extension vscode.extension-editing
2024-10-08 08:57:50.658 [warning] Using default string since no string found in i18n bundle that has the key: This activation event cannot be explicitly listed by your extension.
2024-10-08 08:57:50.658 [warning] Using default string since no string found in i18n bundle that has the key: This activation event can be removed as Code OSS generates these automatically from your package.json contribution declarations.
2024-10-08 08:57:50.660 [warning] Using default string since no string found in i18n bundle that has the key: Images must use the HTTPS protocol.
2024-10-08 08:57:50.660 [warning] Using default string since no string found in i18n bundle that has the key: SVGs are not a valid image source.
2024-10-08 08:57:50.660 [warning] Using default string since no string found in i18n bundle that has the key: Embedded SVGs are not a valid image source.
2024-10-08 08:57:50.660 [warning] Using default string since no string found in i18n bundle that has the key: Data URLs are not a valid image source.
2024-10-08 08:57:50.660 [warning] Using default string since no string found in i18n bundle that has the key: Relative image URLs require a repository with HTTPS protocol to be specified in the package.json.
2024-10-08 08:57:50.660 [warning] Using default string since no string found in i18n bundle that has the key: Relative badge URLs require a repository with HTTPS protocol to be specified in this package.json.
2024-10-08 08:57:50.660 [warning] Using default string since no string found in i18n bundle that has the key: This proposal cannot be used because for this extension the product defines a fixed set of API proposals. You can test your extension but before publishing you MUST reach out to the Code OSS team.
2024-10-08 08:57:50.660 [warning] Using default string since no string found in i18n bundle that has the key: This activation event can be removed for extensions targeting engine version ^1.75 as Code OSS will generate these automatically from your package.json contribution declarations.
2024-10-08 08:57:50.660 [warning] Using default string since no string found in i18n bundle that has the key: Using '*' activation is usually a bad idea as it impacts performance.
2024-10-08 08:57:50.660 [warning] Using default string since no string found in i18n bundle that has the key: Error parsing the when-clause:
2024-10-08 08:57:50.664 [error] No bundle location found for extension vscode.npm
2024-10-08 08:57:50.664 [error] No bundle location found for extension vscode.json-language-features
2024-10-08 08:57:50.664 [error] No bundle location found for extension vscode.emmet
2024-10-08 08:57:50.771 [warning] Using default string since no string found in i18n bundle that has the key: Configure
2024-10-08 08:57:50.772 [warning] Using default string since no string found in i18n bundle that has the key: JSON Language Server
2024-10-08 08:57:50.842 [info] ExtensionService#_doActivateExtension vscode.git-base, startup: true, activationEvent: '*', root cause: vscode.git
2024-10-08 08:57:50.854 [warning] Using default string since no string found in i18n bundle that has the key: JSON: Schema Resolution Error
2024-10-08 08:57:51.020 [warning] Using default string since no string found in i18n bundle that has the key: Unable to resolve schema. Click to retry.
2024-10-08 08:57:51.021 [warning] Using default string since no string found in i18n bundle that has the key: JSON Validation Status
2024-10-08 08:57:51.021 [warning] Using default string since no string found in i18n bundle that has the key: Loading JSON info
2024-10-08 08:57:51.036 [warning] Using default string since no string found in i18n bundle that has the key: No Schema Validation
2024-10-08 08:57:51.037 [warning] Using default string since no string found in i18n bundle that has the key: no JSON schema configured
2024-10-08 08:57:51.037 [warning] Using default string since no string found in i18n bundle that has the key: Show Schemas
2024-10-08 08:57:51.085 [error] No bundle location found for extension vscode.git-base
2024-10-08 08:57:51.091 [info] ExtensionService#_doActivateExtension vscode.git, startup: true, activationEvent: '*'
2024-10-08 08:57:51.092 [info] ExtensionService#_doActivateExtension vscode.github, startup: true, activationEvent: '*'
2024-10-08 08:57:51.277 [error] No bundle location found for extension vscode.github
2024-10-08 08:57:51.317 [warning] Using default string since no string found in i18n bundle that has the key: Log level: {0}
2024-10-08 08:57:51.320 [error] No bundle location found for extension vscode.git
2024-10-08 08:57:51.415 [warning] Using default string since no string found in i18n bundle that has the key: Log level: {0}
2024-10-08 08:57:51.417 [warning] Using default string since no string found in i18n bundle that has the key: Validating found git in: "{0}"
2024-10-08 08:57:51.454 [warning] Using default string since no string found in i18n bundle that has the key: Enables the following features: {0}
2024-10-08 08:57:51.454 [warning] Using default string since no string found in i18n bundle that has the key: Using git "{0}" from "{1}"
2024-10-08 08:57:51.468 [warning] Using default string since no string found in i18n bundle that has the key: Git History
2024-10-08 08:57:51.474 [warning] Using default string since no string found in i18n bundle that has the key: Copy vscode.dev Link
2024-10-08 08:57:51.632 [info] ExtensionService#_doActivateExtension hashicorp.terraform, startup: true, activationEvent: 'workspaceContains:**/*.tf,**/*.tfvars'
2024-10-08 08:57:51.820 [error] No bundle location found for extension hashicorp.terraform
2024-10-08 08:57:52.143 [info] Eager extensions activated
2024-10-08 08:57:52.144 [info] ExtensionService#_doActivateExtension EditorConfig.EditorConfig, startup: false, activationEvent: 'onStartupFinished'
2024-10-08 08:57:52.145 [info] ExtensionService#_doActivateExtension google.cloud-shell, startup: false, activationEvent: 'onStartupFinished'
2024-10-08 08:57:52.145 [info] ExtensionService#_doActivateExtension googlecloudtools.cloudcode, startup: false, activationEvent: 'onStartupFinished'
2024-10-08 08:57:52.145 [info] ExtensionService#_doActivateExtension vscode.debug-auto-launch, startup: false, activationEvent: 'onStartupFinished'
2024-10-08 08:57:52.146 [info] ExtensionService#_doActivateExtension vscode.merge-conflict, startup: false, activationEvent: 'onStartupFinished'
2024-10-08 08:57:52.345 [error] No bundle location found for extension vscode.merge-conflict
2024-10-08 08:57:52.376 [warning] Using default string since no string found in i18n bundle that has the key: (Current Change)
2024-10-08 08:57:52.377 [warning] Using default string since no string found in i18n bundle that has the key: (Incoming Change)
2024-10-08 08:57:52.503 [error] No bundle location found for extension googlecloudtools.cloudcode
2024-10-08 08:57:55.043 [error] No bundle location found for extension google.cloud-shell
2024-10-08 08:57:55.044 [error] No bundle location found for extension vscode.debug-auto-launch
2024-10-08 08:57:55.044 [error] No bundle location found for extension EditorConfig.EditorConfig
2024-10-08 08:57:55.069 [warning] Using default string since no string found in i18n bundle that has the key: Auto Attach: Disabled
2024-10-08 08:57:55.069 [warning] Using default string since no string found in i18n bundle that has the key: Auto Attach: Always
2024-10-08 08:57:55.069 [warning] Using default string since no string found in i18n bundle that has the key: Auto Attach: Smart
2024-10-08 08:57:55.069 [warning] Using default string since no string found in i18n bundle that has the key: Auto Attach: With Flag
2024-10-08 08:57:55.069 [warning] Using default string since no string found in i18n bundle that has the key: Disabled
2024-10-08 08:57:55.069 [warning] Using default string since no string found in i18n bundle that has the key: Always
2024-10-08 08:57:55.069 [warning] Using default string since no string found in i18n bundle that has the key: Smart
2024-10-08 08:57:55.069 [warning] Using default string since no string found in i18n bundle that has the key: Only With Flag
2024-10-08 08:57:55.069 [warning] Using default string since no string found in i18n bundle that has the key: Auto attach is disabled and not shown in status bar
2024-10-08 08:57:55.069 [warning] Using default string since no string found in i18n bundle that has the key: Auto attach to every Node.js process launched in the terminal
2024-10-08 08:57:55.069 [warning] Using default string since no string found in i18n bundle that has the key: Auto attach when running scripts that aren't in a node_modules folder
2024-10-08 08:57:55.069 [warning] Using default string since no string found in i18n bundle that has the key: Only auto attach when the `--inspect` flag is given
2024-10-08 08:57:55.069 [warning] Using default string since no string found in i18n bundle that has the key: Toggle auto attach in this workspace
2024-10-08 08:57:55.069 [warning] Using default string since no string found in i18n bundle that has the key: Toggle auto attach on this machine
2024-10-08 08:57:55.069 [warning] Using default string since no string found in i18n bundle that has the key: Temporarily disable auto attach in this session
2024-10-08 08:57:55.069 [warning] Using default string since no string found in i18n bundle that has the key: Re-enable auto attach
2024-10-08 08:57:55.069 [warning] Using default string since no string found in i18n bundle that has the key: Auto Attach: Disabled
2024-10-08 08:57:55.168 [info] ExtensionService#_doActivateExtension vscode.typescript-language-features, startup: false, activationEvent: 'onLanguage:jsonc'
2024-10-08 08:57:55.619 [error] No bundle location found for extension vscode.typescript-language-features
2024-10-08 08:57:55.698 [warning] Using default string since no string found in i18n bundle that has the key: Learn more about managing TypeScript versions
2024-10-08 08:58:20.321 [warning] Using default string since no string found in i18n bundle that has the key: Unable to compute used schemas: No document
2024-10-08 08:58:20.451 [warning] Using default string since no string found in i18n bundle that has the key: Loading JSON info
2024-10-08 08:58:20.478 [warning] Using default string since no string found in i18n bundle that has the key: No Schema Validation
2024-10-08 08:58:20.479 [warning] Using default string since no string found in i18n bundle that has the key: no JSON schema configured
2024-10-08 08:58:20.479 [warning] Using default string since no string found in i18n bundle that has the key: Show Schemas
