2024-10-09 13:02:02.567 [info] Log level: Info
2024-10-09 13:02:02.567 [info] Validating found git in: "git"
2024-10-09 13:02:02.567 [info] Using git "2.43.0" from "git"
2024-10-09 13:02:02.567 [info] > git rev-parse --show-toplevel [7ms]
2024-10-09 13:02:02.567 [info] fatal: not a git repository (or any parent up to mount point /)
Stopping at filesystem boundary (GIT_DISCOVERY_ACROSS_FILESYSTEM not set).
2024-10-09 13:02:02.567 [info] > git rev-parse --show-toplevel [2ms]
2024-10-09 13:02:02.567 [info] fatal: not a git repository (or any parent up to mount point /)
Stopping at filesystem boundary (GIT_DISCOVERY_ACROSS_FILESYSTEM not set).
2024-10-09 13:02:02.567 [info] > git rev-parse --show-toplevel [1ms]
2024-10-09 13:02:02.567 [info] fatal: not a git repository (or any parent up to mount point /)
Stopping at filesystem boundary (GIT_DISCOVERY_ACROSS_FILESYSTEM not set).
2024-10-09 13:02:02.567 [info] > git rev-parse --show-toplevel [1ms]
2024-10-09 13:02:02.567 [info] fatal: not a git repository (or any parent up to mount point /)
Stopping at filesystem boundary (GIT_DISCOVERY_ACROSS_FILESYSTEM not set).
2024-10-09 13:02:02.567 [info] > git rev-parse --show-toplevel [2ms]
2024-10-09 13:02:02.567 [info] fatal: not a git repository (or any parent up to mount point /)
Stopping at filesystem boundary (GIT_DISCOVERY_ACROSS_FILESYSTEM not set).
2024-10-09 13:02:02.567 [info] > git rev-parse --show-toplevel [2ms]
2024-10-09 13:02:02.567 [info] fatal: not a git repository (or any parent up to mount point /)
Stopping at filesystem boundary (GIT_DISCOVERY_ACROSS_FILESYSTEM not set).
2024-10-09 13:02:02.567 [info] > git rev-parse --show-toplevel [2ms]
2024-10-09 13:02:02.567 [info] fatal: not a git repository (or any parent up to mount point /)
Stopping at filesystem boundary (GIT_DISCOVERY_ACROSS_FILESYSTEM not set).
2024-10-09 13:02:02.567 [info] > git rev-parse --show-toplevel [2ms]
2024-10-09 13:02:02.567 [info] fatal: not a git repository (or any parent up to mount point /)
Stopping at filesystem boundary (GIT_DISCOVERY_ACROSS_FILESYSTEM not set).
2024-10-09 13:02:02.567 [info] > git rev-parse --show-toplevel [2ms]
2024-10-09 13:02:02.567 [info] fatal: not a git repository (or any parent up to mount point /)
Stopping at filesystem boundary (GIT_DISCOVERY_ACROSS_FILESYSTEM not set).
2024-10-09 13:02:02.567 [info] > git rev-parse --show-toplevel [2ms]
2024-10-09 13:02:02.567 [info] fatal: not a git repository (or any parent up to mount point /)
Stopping at filesystem boundary (GIT_DISCOVERY_ACROSS_FILESYSTEM not set).
2024-10-09 13:02:02.567 [info] > git rev-parse --show-toplevel [4ms]
2024-10-09 13:02:02.567 [info] fatal: not a git repository (or any parent up to mount point /)
Stopping at filesystem boundary (GIT_DISCOVERY_ACROSS_FILESYSTEM not set).
2024-10-09 13:02:02.578 [info] > git rev-parse --show-toplevel [12ms]
2024-10-09 13:02:02.579 [info] fatal: not a git repository (or any parent up to mount point /)
Stopping at filesystem boundary (GIT_DISCOVERY_ACROSS_FILESYSTEM not set).
2024-10-09 13:02:02.589 [info] > git rev-parse --show-toplevel [1ms]
2024-10-09 13:02:02.589 [info] fatal: not a git repository (or any parent up to mount point /)
Stopping at filesystem boundary (GIT_DISCOVERY_ACROSS_FILESYSTEM not set).
2024-10-09 13:02:02.598 [info] > git rev-parse --show-toplevel [2ms]
2024-10-09 13:02:02.598 [info] fatal: not a git repository (or any parent up to mount point /)
Stopping at filesystem boundary (GIT_DISCOVERY_ACROSS_FILESYSTEM not set).
2024-10-09 13:02:02.608 [info] > git rev-parse --show-toplevel [2ms]
2024-10-09 13:02:02.608 [info] fatal: not a git repository (or any parent up to mount point /)
Stopping at filesystem boundary (GIT_DISCOVERY_ACROSS_FILESYSTEM not set).
2024-10-09 13:02:05.255 [info] > git rev-parse --show-toplevel [41ms]
2024-10-09 13:02:05.255 [info] fatal: not a git repository (or any parent up to mount point /)
Stopping at filesystem boundary (GIT_DISCOVERY_ACROSS_FILESYSTEM not set).
