2024-10-07 13:33:31.451 [info] Extension host with pid 1957 started
2024-10-07 13:33:31.472 [info] Lock '/home/serignekane01/.codeoss/data/User/workspaceStorage/-440ac96f/vscode.lock': Lock acquired.
2024-10-07 13:33:31.841 [info] ExtensionService#_doActivateExtension vscode.emmet, startup: false, activationEvent: 'onLanguage'
2024-10-07 13:33:32.843 [info] ExtensionService#_doActivateExtension vscode.git-base, startup: true, activationEvent: '*', root cause: vscode.git
2024-10-07 13:33:33.551 [error] No bundle location found for extension vscode.emmet
2024-10-07 13:33:33.613 [error] No bundle location found for extension vscode.git-base
2024-10-07 13:33:33.619 [info] ExtensionService#_doActivateExtension vscode.git, startup: true, activationEvent: '*'
2024-10-07 13:33:33.619 [info] ExtensionService#_doActivateExtension vscode.github, startup: true, activationEvent: '*'
2024-10-07 13:33:33.889 [info] ExtensionService#_doActivateExtension hashicorp.terraform, startup: false, activationEvent: 'onLanguage:terraform'
2024-10-07 13:33:34.164 [error] No bundle location found for extension vscode.github
2024-10-07 13:33:34.207 [warning] Using default string since no string found in i18n bundle that has the key: Log level: {0}
2024-10-07 13:33:34.277 [error] No bundle location found for extension vscode.git
2024-10-07 13:33:34.380 [warning] Using default string since no string found in i18n bundle that has the key: Log level: {0}
2024-10-07 13:33:34.382 [warning] Using default string since no string found in i18n bundle that has the key: Validating found git in: "{0}"
2024-10-07 13:33:34.424 [warning] Using default string since no string found in i18n bundle that has the key: Enables the following features: {0}
2024-10-07 13:33:34.425 [warning] Using default string since no string found in i18n bundle that has the key: Using git "{0}" from "{1}"
2024-10-07 13:33:34.443 [warning] Using default string since no string found in i18n bundle that has the key: Git History
2024-10-07 13:33:34.449 [warning] Using default string since no string found in i18n bundle that has the key: Copy vscode.dev Link
2024-10-07 13:33:34.460 [error] No bundle location found for extension hashicorp.terraform
2024-10-07 13:33:35.704 [info] Eager extensions activated
2024-10-07 13:33:35.705 [info] ExtensionService#_doActivateExtension EditorConfig.EditorConfig, startup: false, activationEvent: 'onStartupFinished'
2024-10-07 13:33:35.705 [info] ExtensionService#_doActivateExtension google.cloud-shell, startup: false, activationEvent: 'onStartupFinished'
2024-10-07 13:33:35.706 [info] ExtensionService#_doActivateExtension googlecloudtools.cloudcode, startup: false, activationEvent: 'onStartupFinished'
2024-10-07 13:33:35.706 [info] ExtensionService#_doActivateExtension vscode.debug-auto-launch, startup: false, activationEvent: 'onStartupFinished'
2024-10-07 13:33:35.707 [info] ExtensionService#_doActivateExtension vscode.merge-conflict, startup: false, activationEvent: 'onStartupFinished'
2024-10-07 13:33:36.009 [error] No bundle location found for extension googlecloudtools.cloudcode
2024-10-07 13:33:38.462 [error] No bundle location found for extension google.cloud-shell
2024-10-07 13:33:38.462 [error] No bundle location found for extension vscode.debug-auto-launch
2024-10-07 13:33:38.462 [error] No bundle location found for extension vscode.merge-conflict
2024-10-07 13:33:38.462 [error] No bundle location found for extension EditorConfig.EditorConfig
2024-10-07 13:33:38.493 [warning] Using default string since no string found in i18n bundle that has the key: Auto Attach: Disabled
2024-10-07 13:33:38.494 [warning] Using default string since no string found in i18n bundle that has the key: Auto Attach: Always
2024-10-07 13:33:38.494 [warning] Using default string since no string found in i18n bundle that has the key: Auto Attach: Smart
2024-10-07 13:33:38.494 [warning] Using default string since no string found in i18n bundle that has the key: Auto Attach: With Flag
2024-10-07 13:33:38.494 [warning] Using default string since no string found in i18n bundle that has the key: Disabled
2024-10-07 13:33:38.494 [warning] Using default string since no string found in i18n bundle that has the key: Always
2024-10-07 13:33:38.494 [warning] Using default string since no string found in i18n bundle that has the key: Smart
2024-10-07 13:33:38.494 [warning] Using default string since no string found in i18n bundle that has the key: Only With Flag
2024-10-07 13:33:38.494 [warning] Using default string since no string found in i18n bundle that has the key: Auto attach is disabled and not shown in status bar
2024-10-07 13:33:38.494 [warning] Using default string since no string found in i18n bundle that has the key: Auto attach to every Node.js process launched in the terminal
2024-10-07 13:33:38.494 [warning] Using default string since no string found in i18n bundle that has the key: Auto attach when running scripts that aren't in a node_modules folder
2024-10-07 13:33:38.494 [warning] Using default string since no string found in i18n bundle that has the key: Only auto attach when the `--inspect` flag is given
2024-10-07 13:33:38.494 [warning] Using default string since no string found in i18n bundle that has the key: Toggle auto attach in this workspace
2024-10-07 13:33:38.494 [warning] Using default string since no string found in i18n bundle that has the key: Toggle auto attach on this machine
2024-10-07 13:33:38.494 [warning] Using default string since no string found in i18n bundle that has the key: Temporarily disable auto attach in this session
2024-10-07 13:33:38.494 [warning] Using default string since no string found in i18n bundle that has the key: Re-enable auto attach
2024-10-07 13:33:38.494 [warning] Using default string since no string found in i18n bundle that has the key: Auto Attach: Disabled
2024-10-07 13:33:38.575 [warning] Using default string since no string found in i18n bundle that has the key: (Current Change)
2024-10-07 13:33:38.576 [warning] Using default string since no string found in i18n bundle that has the key: (Incoming Change)
2024-10-07 13:33:38.630 [info] ExtensionService#_doActivateExtension vscode.json-language-features, startup: false, activationEvent: 'onLanguage:jsonc'
2024-10-07 13:33:38.631 [info] ExtensionService#_doActivateExtension vscode.typescript-language-features, startup: false, activationEvent: 'onLanguage:jsonc'
2024-10-07 13:33:38.827 [warning] Using default string since no string found in i18n bundle that has the key: (Current Change)
2024-10-07 13:33:38.828 [warning] Using default string since no string found in i18n bundle that has the key: (Incoming Change)
2024-10-07 13:33:39.253 [error] No bundle location found for extension vscode.json-language-features
2024-10-07 13:33:39.322 [warning] Using default string since no string found in i18n bundle that has the key: Configure
2024-10-07 13:33:39.322 [warning] Using default string since no string found in i18n bundle that has the key: JSON Language Server
2024-10-07 13:33:39.339 [error] No bundle location found for extension vscode.typescript-language-features
2024-10-07 13:33:39.409 [warning] Using default string since no string found in i18n bundle that has the key: Learn more about managing TypeScript versions
2024-10-07 13:33:39.505 [warning] Using default string since no string found in i18n bundle that has the key: JSON: Schema Resolution Error
2024-10-07 13:33:39.933 [warning] Using default string since no string found in i18n bundle that has the key: Unable to resolve schema. Click to retry.
2024-10-07 13:33:39.933 [warning] Using default string since no string found in i18n bundle that has the key: JSON Validation Status
2024-10-07 13:33:39.934 [warning] Using default string since no string found in i18n bundle that has the key: Loading JSON info
2024-10-07 13:33:40.011 [warning] Using default string since no string found in i18n bundle that has the key: No Schema Validation
2024-10-07 13:33:40.011 [warning] Using default string since no string found in i18n bundle that has the key: no JSON schema configured
2024-10-07 13:33:40.011 [warning] Using default string since no string found in i18n bundle that has the key: Show Schemas
2024-10-07 13:38:58.240 [error] [hashicorp.terraform] provider FAILED
2024-10-07 13:38:58.247 [error] Error: instance.tf (3,29): position outside of any attribute name, value or block
    at /google/devshell/editor/code-oss-for-cloud-shell/extensions/hashicorp.terraform-2.31.0@linux/out/extension.js:2:437683
    at re (/google/devshell/editor/code-oss-for-cloud-shell/extensions/hashicorp.terraform-2.31.0@linux/out/extension.js:2:437977)
    at /google/devshell/editor/code-oss-for-cloud-shell/extensions/hashicorp.terraform-2.31.0@linux/out/extension.js:2:432761
    at Immediate.<anonymous> (/google/devshell/editor/code-oss-for-cloud-shell/extensions/hashicorp.terraform-2.31.0@linux/out/extension.js:2:432781)
    at processImmediate (node:internal/timers:476:21)
2024-10-07 13:39:17.332 [warning] Using default string since no string found in i18n bundle that has the key: Unable to compute used schemas: No document
2024-10-07 13:39:17.531 [warning] Using default string since no string found in i18n bundle that has the key: Loading JSON info
2024-10-07 13:39:17.534 [info] ExtensionService#_doActivateExtension vscode.extension-editing, startup: false, activationEvent: 'onLanguage:json'
2024-10-07 13:39:17.535 [info] ExtensionService#_doActivateExtension vscode.npm, startup: false, activationEvent: 'onLanguage:json'
2024-10-07 13:39:17.575 [warning] Using default string since no string found in i18n bundle that has the key: No Schema Validation
2024-10-07 13:39:17.575 [warning] Using default string since no string found in i18n bundle that has the key: no JSON schema configured
2024-10-07 13:39:17.575 [warning] Using default string since no string found in i18n bundle that has the key: Show Schemas
2024-10-07 13:39:18.590 [error] No bundle location found for extension vscode.npm
2024-10-07 13:39:18.639 [error] No bundle location found for extension vscode.extension-editing
2024-10-07 13:39:18.659 [warning] Using default string since no string found in i18n bundle that has the key: This activation event cannot be explicitly listed by your extension.
2024-10-07 13:39:18.660 [warning] Using default string since no string found in i18n bundle that has the key: This activation event can be removed as Code OSS generates these automatically from your package.json contribution declarations.
2024-10-07 13:39:18.661 [warning] Using default string since no string found in i18n bundle that has the key: Images must use the HTTPS protocol.
2024-10-07 13:39:18.661 [warning] Using default string since no string found in i18n bundle that has the key: SVGs are not a valid image source.
2024-10-07 13:39:18.661 [warning] Using default string since no string found in i18n bundle that has the key: Embedded SVGs are not a valid image source.
2024-10-07 13:39:18.661 [warning] Using default string since no string found in i18n bundle that has the key: Data URLs are not a valid image source.
2024-10-07 13:39:18.661 [warning] Using default string since no string found in i18n bundle that has the key: Relative image URLs require a repository with HTTPS protocol to be specified in the package.json.
2024-10-07 13:39:18.661 [warning] Using default string since no string found in i18n bundle that has the key: Relative badge URLs require a repository with HTTPS protocol to be specified in this package.json.
2024-10-07 13:39:18.661 [warning] Using default string since no string found in i18n bundle that has the key: This proposal cannot be used because for this extension the product defines a fixed set of API proposals. You can test your extension but before publishing you MUST reach out to the Code OSS team.
2024-10-07 13:39:18.661 [warning] Using default string since no string found in i18n bundle that has the key: This activation event can be removed for extensions targeting engine version ^1.75 as Code OSS will generate these automatically from your package.json contribution declarations.
2024-10-07 13:39:18.661 [warning] Using default string since no string found in i18n bundle that has the key: Using '*' activation is usually a bad idea as it impacts performance.
2024-10-07 13:39:18.661 [warning] Using default string since no string found in i18n bundle that has the key: Error parsing the when-clause:
2024-10-07 13:39:20.608 [warning] Using default string since no string found in i18n bundle that has the key: Unable to compute used schemas: No document
2024-10-07 13:39:20.610 [warning] Using default string since no string found in i18n bundle that has the key: Loading JSON info
2024-10-07 13:39:20.632 [warning] Using default string since no string found in i18n bundle that has the key: No Schema Validation
2024-10-07 13:39:20.632 [warning] Using default string since no string found in i18n bundle that has the key: no JSON schema configured
2024-10-07 13:39:20.632 [warning] Using default string since no string found in i18n bundle that has the key: Show Schemas
2024-10-07 13:39:21.879 [warning] Using default string since no string found in i18n bundle that has the key: Unable to compute used schemas: No document
2024-10-07 13:39:21.926 [warning] Using default string since no string found in i18n bundle that has the key: Loading JSON info
2024-10-07 13:39:21.949 [warning] Using default string since no string found in i18n bundle that has the key: No Schema Validation
2024-10-07 13:39:21.949 [warning] Using default string since no string found in i18n bundle that has the key: no JSON schema configured
2024-10-07 13:39:21.949 [warning] Using default string since no string found in i18n bundle that has the key: Show Schemas
2024-10-07 13:39:25.442 [warning] Using default string since no string found in i18n bundle that has the key: Unable to compute used schemas: No document
2024-10-07 13:39:25.445 [warning] Using default string since no string found in i18n bundle that has the key: Loading JSON info
2024-10-07 13:39:25.468 [warning] Using default string since no string found in i18n bundle that has the key: No Schema Validation
2024-10-07 13:39:25.468 [warning] Using default string since no string found in i18n bundle that has the key: no JSON schema configured
2024-10-07 13:39:25.468 [warning] Using default string since no string found in i18n bundle that has the key: Show Schemas
2024-10-07 13:39:27.953 [error] [hashicorp.terraform] provider FAILED
2024-10-07 13:39:27.954 [error] Error: instance.tf (14,14): position outside of any attribute name, value or block
    at /google/devshell/editor/code-oss-for-cloud-shell/extensions/hashicorp.terraform-2.31.0@linux/out/extension.js:2:437683
    at re (/google/devshell/editor/code-oss-for-cloud-shell/extensions/hashicorp.terraform-2.31.0@linux/out/extension.js:2:437977)
    at /google/devshell/editor/code-oss-for-cloud-shell/extensions/hashicorp.terraform-2.31.0@linux/out/extension.js:2:432761
    at Immediate.<anonymous> (/google/devshell/editor/code-oss-for-cloud-shell/extensions/hashicorp.terraform-2.31.0@linux/out/extension.js:2:432781)
    at processImmediate (node:internal/timers:476:21)
