Initializing document watcher...
Document watcher initialized
serignekane01/instance.tf: {}
/User/settings.json: Using EditorConfig core...
serignekane01/instance.tf: {}
serignekane01/instance.tf: Using EditorConfig core...
serignekane01/instance.tf: {}
serignekane01/instance.tf: {}
serignekane01/exo-cloud-storage-fe7904f1dac4.json: {}
serignekane01/instance.tf: {}
serignekane01/README-cloudshell.txt: {}
serignekane01/instance.tf: {}
serignekane01/instance.tf: {}
serignekane01/instance.tf: {}
serignekane01/instance.tf: {}
serignekane01/instance.tf: Using EditorConfig core...
serignekane01/instance.tf: {}
serignekane01/instance.tf: {}
serignekane01/instance.tf: {}
serignekane01/instance.tf: {}
serignekane01/instance.tf: {}
serignekane01/instance.tf: {}
serignekane01/instance.tf: Using EditorConfig core...
serignekane01/instance.tf: {}
serignekane01/instance.tf: {}
serignekane01/instance.tf: {}
serignekane01/instance.tf: Using EditorConfig core...
serignekane01/instance.tf: {}
serignekane01/instance.tf: {}
