Initializing document watcher...
Document watcher initialized
serignekane01/instance.tf: {}
serignekane01/main.tf: {}
serignekane01/main.tf: {}
serignekane01/main.tf: {}
serignekane01/main.tf: Using EditorConfig core...
serignekane01/main.tf: {}
serignekane01/main.tf: {}
serignekane01/main.tf: Using EditorConfig core...
serignekane01/main.tf: {}
serignekane01/main.tf: {}
serignekane01/main.tf: {}
serignekane01/main.tf: Using EditorConfig core...
serignekane01/main.tf: Using EditorConfig core...
serignekane01/main.tf: {}
serignekane01/main.tf: {}
serignekane01/main.tf: {}
serignekane01/main.tf: {}
serignekane01/main.tf: Using EditorConfig core...
serignekane01/main.tf: {}
serignekane01/main.tf: {}
serignekane01/main.tf: {}
serignekane01/main.tf: {}
serignekane01/main.tf: {}
serignekane01/main.tf: {}
serignekane01/main.tf: {}
serignekane01/main.tf: Using EditorConfig core...
serignekane01/main.tf: Using EditorConfig core...
serignekane01/main.tf: {}
serignekane01/main.tf: {}
serignekane01/main.tf: {}
serignekane01/main.tf: {}
serignekane01/terraform.tfstate: {}
serignekane01/main.tf: {}
serignekane01/main.tf: {}
serignekane01/main.tf: {}
serignekane01/main.tf: Using EditorConfig core...
serignekane01/main.tf: Using EditorConfig core...
serignekane01/terraform.tfstate: {}
serignekane01/main.tf: {}
serignekane01/main.tf: {}
serignekane01/main.tf: {}
serignekane01/README-cloudshell.txt: {}
serignekane01/terraform.tfstate: {}
serignekane01/terraform.tfstate: {}
serignekane01/main.tf: {}
serignekane01/main.tf: Using EditorConfig core...
serignekane01/terraform.tfstate: {}
serignekane01/main.tf: {}
serignekane01/main.tf: {}
serignekane01/main.tf: {}
serignekane01/main.tf: {}
serignekane01/main.tf: {}
serignekane01/main.tf: {}
serignekane01/main.tf: {}
serignekane01/main.tf: {}
serignekane01/main.tf: {}
serignekane01/main.tf: Using EditorConfig core...
serignekane01/main.tf: Using EditorConfig core...
serignekane01/main.tf: Using EditorConfig core...
serignekane01/main.tf: Using EditorConfig core...
serignekane01/main.tf: Using EditorConfig core...
serignekane01/main.tf: Using EditorConfig core...
serignekane01/main.tf: Using EditorConfig core...
serignekane01/main.tf: Using EditorConfig core...
serignekane01/main.tf: {}
