2024-10-07 19:05:22.752 [info] Extension host with pid 1202 started
2024-10-07 19:05:22.752 [error] Error: EEXIST: file already exists, open '/home/serignekane01/.codeoss/data/User/workspaceStorage/-440ac96f/vscode.lock'
2024-10-07 19:05:22.763 [info] Lock '/home/serignekane01/.codeoss/data/User/workspaceStorage/-440ac96f/vscode.lock': Could not acquire lock, checking if the file is stale.
2024-10-07 19:05:22.766 [info] Lock '/home/serignekane01/.codeoss/data/User/workspaceStorage/-440ac96f/vscode.lock': The pid 1957 appears to be gone.
2024-10-07 19:05:22.767 [info] Lock '/home/serignekane01/.codeoss/data/User/workspaceStorage/-440ac96f/vscode.lock': Deleting a stale lock.
2024-10-07 19:05:22.785 [info] Lock '/home/serignekane01/.codeoss/data/User/workspaceStorage/-440ac96f/vscode.lock': Lock acquired.
2024-10-07 19:05:22.953 [info] ExtensionService#_doActivateExtension hashicorp.terraform, startup: false, activationEvent: 'onLanguage:terraform'
2024-10-07 19:05:22.955 [info] ExtensionService#_doActivateExtension vscode.emmet, startup: false, activationEvent: 'onLanguage'
2024-10-07 19:05:23.958 [info] ExtensionService#_doActivateExtension vscode.git-base, startup: true, activationEvent: '*', root cause: vscode.git
2024-10-07 19:05:24.505 [error] No bundle location found for extension vscode.emmet
2024-10-07 19:05:24.505 [error] No bundle location found for extension hashicorp.terraform
2024-10-07 19:05:24.505 [error] No bundle location found for extension vscode.git-base
2024-10-07 19:05:24.696 [info] ExtensionService#_doActivateExtension vscode.git, startup: true, activationEvent: '*'
2024-10-07 19:05:24.696 [info] ExtensionService#_doActivateExtension vscode.github, startup: true, activationEvent: '*'
2024-10-07 19:05:25.142 [error] No bundle location found for extension vscode.github
2024-10-07 19:05:25.199 [warning] Using default string since no string found in i18n bundle that has the key: Log level: {0}
2024-10-07 19:05:25.208 [error] No bundle location found for extension vscode.git
2024-10-07 19:05:25.322 [warning] Using default string since no string found in i18n bundle that has the key: Log level: {0}
2024-10-07 19:05:25.326 [warning] Using default string since no string found in i18n bundle that has the key: Validating found git in: "{0}"
2024-10-07 19:05:25.367 [warning] Using default string since no string found in i18n bundle that has the key: Enables the following features: {0}
2024-10-07 19:05:25.368 [warning] Using default string since no string found in i18n bundle that has the key: Using git "{0}" from "{1}"
2024-10-07 19:05:25.381 [warning] Using default string since no string found in i18n bundle that has the key: Git History
2024-10-07 19:05:25.389 [warning] Using default string since no string found in i18n bundle that has the key: Copy vscode.dev Link
2024-10-07 19:05:25.390 [info] Eager extensions activated
2024-10-07 19:05:25.391 [info] ExtensionService#_doActivateExtension EditorConfig.EditorConfig, startup: false, activationEvent: 'onStartupFinished'
2024-10-07 19:05:25.392 [info] ExtensionService#_doActivateExtension google.cloud-shell, startup: false, activationEvent: 'onStartupFinished'
2024-10-07 19:05:25.392 [info] ExtensionService#_doActivateExtension googlecloudtools.cloudcode, startup: false, activationEvent: 'onStartupFinished'
2024-10-07 19:05:25.393 [info] ExtensionService#_doActivateExtension vscode.debug-auto-launch, startup: false, activationEvent: 'onStartupFinished'
2024-10-07 19:05:25.394 [info] ExtensionService#_doActivateExtension vscode.merge-conflict, startup: false, activationEvent: 'onStartupFinished'
2024-10-07 19:05:25.667 [error] No bundle location found for extension google.cloud-shell
2024-10-07 19:05:25.736 [info] ExtensionService#_doActivateExtension vscode.json-language-features, startup: false, activationEvent: 'onLanguage:jsonc'
2024-10-07 19:05:25.736 [info] ExtensionService#_doActivateExtension vscode.typescript-language-features, startup: false, activationEvent: 'onLanguage:jsonc'
2024-10-07 19:05:25.765 [error] No bundle location found for extension googlecloudtools.cloudcode
2024-10-07 19:05:28.439 [error] No bundle location found for extension vscode.debug-auto-launch
2024-10-07 19:05:28.439 [error] No bundle location found for extension EditorConfig.EditorConfig
2024-10-07 19:05:28.439 [error] No bundle location found for extension vscode.merge-conflict
2024-10-07 19:05:28.439 [error] No bundle location found for extension vscode.typescript-language-features
2024-10-07 19:05:28.439 [error] No bundle location found for extension vscode.json-language-features
2024-10-07 19:05:28.444 [warning] Using default string since no string found in i18n bundle that has the key: Auto Attach: Disabled
2024-10-07 19:05:28.444 [warning] Using default string since no string found in i18n bundle that has the key: Auto Attach: Always
2024-10-07 19:05:28.444 [warning] Using default string since no string found in i18n bundle that has the key: Auto Attach: Smart
2024-10-07 19:05:28.444 [warning] Using default string since no string found in i18n bundle that has the key: Auto Attach: With Flag
2024-10-07 19:05:28.444 [warning] Using default string since no string found in i18n bundle that has the key: Disabled
2024-10-07 19:05:28.444 [warning] Using default string since no string found in i18n bundle that has the key: Always
2024-10-07 19:05:28.444 [warning] Using default string since no string found in i18n bundle that has the key: Smart
2024-10-07 19:05:28.444 [warning] Using default string since no string found in i18n bundle that has the key: Only With Flag
2024-10-07 19:05:28.444 [warning] Using default string since no string found in i18n bundle that has the key: Auto attach is disabled and not shown in status bar
2024-10-07 19:05:28.445 [warning] Using default string since no string found in i18n bundle that has the key: Auto attach to every Node.js process launched in the terminal
2024-10-07 19:05:28.445 [warning] Using default string since no string found in i18n bundle that has the key: Auto attach when running scripts that aren't in a node_modules folder
2024-10-07 19:05:28.445 [warning] Using default string since no string found in i18n bundle that has the key: Only auto attach when the `--inspect` flag is given
2024-10-07 19:05:28.445 [warning] Using default string since no string found in i18n bundle that has the key: Toggle auto attach in this workspace
2024-10-07 19:05:28.445 [warning] Using default string since no string found in i18n bundle that has the key: Toggle auto attach on this machine
2024-10-07 19:05:28.445 [warning] Using default string since no string found in i18n bundle that has the key: Temporarily disable auto attach in this session
2024-10-07 19:05:28.445 [warning] Using default string since no string found in i18n bundle that has the key: Re-enable auto attach
2024-10-07 19:05:28.445 [warning] Using default string since no string found in i18n bundle that has the key: Auto Attach: Disabled
2024-10-07 19:05:28.582 [warning] Using default string since no string found in i18n bundle that has the key: Learn more about managing TypeScript versions
2024-10-07 19:05:28.652 [warning] Using default string since no string found in i18n bundle that has the key: Configure
2024-10-07 19:05:28.653 [warning] Using default string since no string found in i18n bundle that has the key: JSON Language Server
2024-10-07 19:05:28.673 [warning] Using default string since no string found in i18n bundle that has the key: (Current Change)
2024-10-07 19:05:28.673 [warning] Using default string since no string found in i18n bundle that has the key: (Incoming Change)
2024-10-07 19:05:28.702 [warning] Using default string since no string found in i18n bundle that has the key: JSON: Schema Resolution Error
2024-10-07 19:05:28.905 [warning] Using default string since no string found in i18n bundle that has the key: Unable to resolve schema. Click to retry.
2024-10-07 19:05:28.905 [warning] Using default string since no string found in i18n bundle that has the key: JSON Validation Status
2024-10-07 19:05:28.906 [warning] Using default string since no string found in i18n bundle that has the key: Loading JSON info
2024-10-07 19:05:28.922 [warning] Using default string since no string found in i18n bundle that has the key: No Schema Validation
2024-10-07 19:05:28.922 [warning] Using default string since no string found in i18n bundle that has the key: no JSON schema configured
2024-10-07 19:05:28.923 [warning] Using default string since no string found in i18n bundle that has the key: Show Schemas
