2024-10-08 19:17:41.040 [info] Log level: Info
2024-10-08 19:17:41.040 [info] Validating found git in: "git"
2024-10-08 19:17:41.040 [info] Using git "2.43.0" from "git"
2024-10-08 19:17:41.047 [info] > git rev-parse --show-toplevel [5ms]
2024-10-08 19:17:41.048 [info] fatal: not a git repository (or any parent up to mount point /)
Stopping at filesystem boundary (GIT_DISCOVERY_ACROSS_FILESYSTEM not set).
2024-10-08 19:17:41.059 [info] > git rev-parse --show-toplevel [3ms]
2024-10-08 19:17:41.059 [info] fatal: not a git repository (or any parent up to mount point /)
Stopping at filesystem boundary (GIT_DISCOVERY_ACROSS_FILESYSTEM not set).
2024-10-08 19:17:41.070 [info] > git rev-parse --show-toplevel [2ms]
2024-10-08 19:17:41.070 [info] fatal: not a git repository (or any parent up to mount point /)
Stopping at filesystem boundary (GIT_DISCOVERY_ACROSS_FILESYSTEM not set).
2024-10-08 19:17:41.080 [info] > git rev-parse --show-toplevel [2ms]
2024-10-08 19:17:41.080 [info] fatal: not a git repository (or any parent up to mount point /)
Stopping at filesystem boundary (GIT_DISCOVERY_ACROSS_FILESYSTEM not set).
2024-10-08 19:17:41.090 [info] > git rev-parse --show-toplevel [1ms]
2024-10-08 19:17:41.090 [info] fatal: not a git repository (or any parent up to mount point /)
Stopping at filesystem boundary (GIT_DISCOVERY_ACROSS_FILESYSTEM not set).
2024-10-08 19:17:41.100 [info] > git rev-parse --show-toplevel [2ms]
2024-10-08 19:17:41.100 [info] fatal: not a git repository (or any parent up to mount point /)
Stopping at filesystem boundary (GIT_DISCOVERY_ACROSS_FILESYSTEM not set).
2024-10-08 19:17:41.111 [info] > git rev-parse --show-toplevel [2ms]
2024-10-08 19:17:41.111 [info] fatal: not a git repository (or any parent up to mount point /)
Stopping at filesystem boundary (GIT_DISCOVERY_ACROSS_FILESYSTEM not set).
2024-10-08 19:17:41.128 [info] > git rev-parse --show-toplevel [8ms]
2024-10-08 19:17:41.128 [info] fatal: not a git repository (or any parent up to mount point /)
Stopping at filesystem boundary (GIT_DISCOVERY_ACROSS_FILESYSTEM not set).
2024-10-08 19:17:41.139 [info] > git rev-parse --show-toplevel [2ms]
2024-10-08 19:17:41.139 [info] fatal: not a git repository (or any parent up to mount point /)
Stopping at filesystem boundary (GIT_DISCOVERY_ACROSS_FILESYSTEM not set).
2024-10-08 19:17:41.149 [info] > git rev-parse --show-toplevel [2ms]
2024-10-08 19:17:41.149 [info] fatal: not a git repository (or any parent up to mount point /)
Stopping at filesystem boundary (GIT_DISCOVERY_ACROSS_FILESYSTEM not set).
2024-10-08 19:17:41.160 [info] > git rev-parse --show-toplevel [2ms]
2024-10-08 19:17:41.160 [info] fatal: not a git repository (or any parent up to mount point /)
Stopping at filesystem boundary (GIT_DISCOVERY_ACROSS_FILESYSTEM not set).
2024-10-08 19:17:41.170 [info] > git rev-parse --show-toplevel [2ms]
2024-10-08 19:17:41.170 [info] fatal: not a git repository (or any parent up to mount point /)
Stopping at filesystem boundary (GIT_DISCOVERY_ACROSS_FILESYSTEM not set).
2024-10-08 19:17:41.179 [info] > git rev-parse --show-toplevel [2ms]
2024-10-08 19:17:41.179 [info] fatal: not a git repository (or any parent up to mount point /)
Stopping at filesystem boundary (GIT_DISCOVERY_ACROSS_FILESYSTEM not set).
2024-10-08 19:18:11.058 [info] > git rev-parse --show-toplevel [2ms]
2024-10-08 19:18:11.058 [info] fatal: not a git repository (or any parent up to mount point /)
Stopping at filesystem boundary (GIT_DISCOVERY_ACROSS_FILESYSTEM not set).
2024-10-08 19:18:49.833 [info] > git rev-parse --show-toplevel [2ms]
2024-10-08 19:18:49.833 [info] fatal: not a git repository (or any parent up to mount point /)
Stopping at filesystem boundary (GIT_DISCOVERY_ACROSS_FILESYSTEM not set).
