Launching language server: /google/devshell/editor/code-oss-for-cloud-shell/extensions/hashicorp.terraform-2.31.0@linux/bin/terraform-ls serve
Client: Stopped --> Starting
2024/10/09 14:44:51 serve_command.go:108: Starting terraform-ls 0.33.3
2024/10/09 14:44:51 service.go:106: Preparing new session ...
2024/10/09 14:44:51 langserver.go:102: Starting server (pid 3755; concurrency: 2) ...
2024/10/09 14:44:52 opts.go:215: Received request batch of size 1 (qlen=0)
2024/10/09 14:44:52 opts.go:215: Dequeued request batch of length 1 (qlen=0)
2024/10/09 14:44:52 rpc_logger.go:32: Incoming request for "initialize" (ID 0): {"processId":3657,"clientInfo":{"name":"Code OSS for Cloud Shell","version":"1.89.1-cde"},"locale":"fr-fr","rootPath":"/home/serignekane01","rootUri":"file:///home/serignekane01","capabilities":{"workspace":{"applyEdit":true,"workspaceEdit":{"documentChanges":true,"resourceOperations":["create","rename","delete"],"failureHandling":"textOnlyTransactional","normalizesLineEndings":true,"changeAnnotationSupport":{"groupsOnLabel":true}},"configuration":true,"didChangeWatchedFiles":{"dynamicRegistration":true,"relativePatternSupport":true},"symbol":{"dynamicRegistration":true,"symbolKind":{"valueSet":[1,2,3,4,5,6,7,8,9,10,11,12,13,14,15,16,17,18,19,20,21,22,23,24,25,26]},"tagSupport":{"valueSet":[1]},"resolveSupport":{"properties":["location.range"]}},"codeLens":{"refreshSupport":true},"executeCommand":{"dynamicRegistration":true},"didChangeConfiguration":{"dynamicRegistration":true},"workspaceFolders":true,"foldingRange":{"refreshSupport":true},"semanticTokens":{"refreshSupport":true},"fileOperations":{"dynamicRegistration":true,"didCreate":true,"didRename":true,"didDelete":true,"willCreate":true,"willRename":true,"willDelete":true},"inlineValue":{"refreshSupport":true},"inlayHint":{"refreshSupport":true},"diagnostics":{"refreshSupport":true}},"textDocument":{"publishDiagnostics":{"relatedInformation":true,"versionSupport":false,"tagSupport":{"valueSet":[1,2]},"codeDescriptionSupport":true,"dataSupport":true},"synchronization":{"dynamicRegistration":true,"willSave":true,"willSaveWaitUntil":true,"didSave":true},"completion":{"dynamicRegistration":true,"contextSupport":true,"completionItem":{"snippetSupport":true,"commitCharactersSupport":true,"documentationFormat":["markdown","plaintext"],"deprecatedSupport":true,"preselectSupport":true,"tagSupport":{"valueSet":[1]},"insertReplaceSupport":true,"resolveSupport":{"properties":["documentation","detail","additionalTextEdits"]},"insertTextModeSupport":{"valueSet":[1,2]},"labelDetailsSupport":true},"insertTextMode":2,"completionItemKind":{"valueSet":[1,2,3,4,5,6,7,8,9,10,11,12,13,14,15,16,17,18,19,20,21,22,23,24,25]},"completionList":{"itemDefaults":["commitCharacters","editRange","insertTextFormat","insertTextMode","data"]}},"hover":{"dynamicRegistration":true,"contentFormat":["markdown","plaintext"]},"signatureHelp":{"dynamicRegistration":true,"signatureInformation":{"documentationFormat":["markdown","plaintext"],"parameterInformation":{"labelOffsetSupport":true},"activeParameterSupport":true},"contextSupport":true},"definition":{"dynamicRegistration":true,"linkSupport":true},"references":{"dynamicRegistration":true},"documentHighlight":{"dynamicRegistration":true},"documentSymbol":{"dynamicRegistration":true,"symbolKind":{"valueSet":[1,2,3,4,5,6,7,8,9,10,11,12,13,14,15,16,17,18,19,20,21,22,23,24,25,26]},"hierarchicalDocumentSymbolSupport":true,"tagSupport":{"valueSet":[1]},"labelSupport":true},"codeAction":{"dynamicRegistration":true,"isPreferredSupport":true,"disabledSupport":true,"dataSupport":true,"resolveSupport":{"properties":["edit"]},"codeActionLiteralSupport":{"codeActionKind":{"valueSet":["","quickfix","refactor","refactor.extract","refactor.inline","refactor.rewrite","source","source.organizeImports"]}},"honorsChangeAnnotations":true},"codeLens":{"dynamicRegistration":true},"formatting":{"dynamicRegistration":true},"rangeFormatting":{"dynamicRegistration":true,"rangesSupport":true},"onTypeFormatting":{"dynamicRegistration":true},"rename":{"dynamicRegistration":true,"prepareSupport":true,"prepareSupportDefaultBehavior":1,"honorsChangeAnnotations":true},"documentLink":{"dynamicRegistration":true,"tooltipSupport":true},"typeDefinition":{"dynamicRegistration":true,"linkSupport":true},"implementation":{"dynamicRegistration":true,"linkSupport":true},"colorProvider":{"dynamicRegistration":true},"foldingRange":{"dynamicRegistration":true,"rangeLimit":5000,"lineFoldingOnly":true,"foldingRangeKind":{"valueSet":["comment","imports","region"]},"foldingRange":{"collapsedText":false}},"declaration":{"dynamicRegistration":true,"linkSupport":true},"selectionRange":{"dynamicRegistration":true},"callHierarchy":{"dynamicRegistration":true},"semanticTokens":{"dynamicRegistration":true,"tokenTypes":["namespace","type","class","enum","interface","struct","typeParameter","parameter","variable","property","enumMember","event","function","method","macro","keyword","modifier","comment","string","number","regexp","operator","decorator","hcl-attrName","hcl-blockType","hcl-blockLabel","hcl-bool","hcl-string","hcl-number","hcl-objectKey","hcl-mapKey","hcl-keyword","hcl-referenceStep","hcl-typeComplex","hcl-typePrimitive","hcl-functionName"],"tokenModifiers":["declaration","definition","readonly","static","deprecated","abstract","async","modification","documentation","defaultLibrary","hcl-dependent","terraform-data","terraform-locals","terraform-module","terraform-output","terraform-provider","terraform-resource","terraform-provisioner","terraform-connection","terraform-variable","terraform-terraform","terraform-backend","terraform-name","terraform-type","terraform-requiredProviders"],"formats":["relative"],"requests":{"range":true,"full":{"delta":true}},"multilineTokenSupport":false,"overlappingTokenSupport":false,"serverCancelSupport":true,"augmentsSyntaxTokens":true},"linkedEditingRange":{"dynamicRegistration":true},"typeHierarchy":{"dynamicRegistration":true},"inlineValue":{"dynamicRegistration":true},"inlayHint":{"dynamicRegistration":true,"resolveSupport":{"properties":["tooltip","textEdits","label.tooltip","label.location","label.command"]}},"diagnostic":{"dynamicRegistration":true,"relatedDocumentSupport":false}},"window":{"showMessage":{"messageActionItem":{"additionalPropertiesSupport":true}},"showDocument":{"support":true},"workDoneProgress":true},"general":{"staleRequestSupport":{"cancel":true,"retryOnContentModified":["textDocument/semanticTokens/full","textDocument/semanticTokens/range","textDocument/semanticTokens/full/delta"]},"regularExpressions":{"engine":"ECMAScript","version":"ES2020"},"markdown":{"parser":"marked","version":"1.1.0"},"positionEncodings":["utf-16"]},"notebookDocument":{"synchronization":{"dynamicRegistration":true,"executionSummarySupport":true}},"experimental":{"refreshModuleProvidersCommandId":"client.refreshModuleProviders","refreshModuleCallsCommandId":"client.refreshModuleCalls","telemetryVersion":1,"refreshTerraformVersionCommandId":"client.refreshTerraformVersion"}},"initializationOptions":{"validation":{"enableEnhancedValidation":true},"experimentalFeatures":{"validateOnSave":false,"prefillRequiredFields":false},"ignoreSingleFileWarning":false,"terraform":{"path":"","timeout":"","logFilePath":""},"indexing":{"ignorePaths":[],"ignoreDirectoryNames":[]}},"trace":"off","workspaceFolders":[{"uri":"file:///home/serignekane01","name":"serignekane01"}],"workDoneToken":"ec6987f6-1a07-4a70-b5ae-964662086bb5"}
2024/10/09 14:44:52 initialize.go:185: enabling telemetry (version: 1)
2024/10/09 14:44:52 initialize.go:190: telemetry enabled (version: 1)
2024/10/09 14:44:52 scheduler.go:56: launching eval loop 0
2024/10/09 14:44:52 service.go:482: started low priority scheduler
2024/10/09 14:44:52 scheduler.go:56: launching eval loop 0
2024/10/09 14:44:52 service.go:487: started high priority scheduler
2024/10/09 14:44:52 opts.go:215: Posting server notification "telemetry/event" {"v":1,"name":"initialize","properties":{"experimentalCapabilities.referenceCountCodeLens":false,"experimentalCapabilities.refreshModuleCalls":true,"experimentalCapabilities.refreshModuleProviders":true,"experimentalCapabilities.refreshTerraformVersion":true,"lsVersion":"0.33.3","options.commandPrefix":false,"options.excludeModulePaths":false,"options.experimentalFeatures.prefillRequiredFields":false,"options.experimentalFeatures.validateOnSave":false,"options.ignoreSingleFileWarning":false,"options.indexing.ignoreDirectoryNames":false,"options.indexing.ignorePaths":false,"options.rootModulePaths":false,"options.terraform.logFilePath":false,"options.terraform.path":false,"options.terraform.timeout":"","options.validation.earlyValidation":true,"root_uri":"dir"}}
2024/10/09 14:44:52 walker_paths.go:255: walking next dir: {"file:///home/serignekane01"}
2024/10/09 14:44:52 rpc_logger.go:53: Response to "initialize" (ID 0): {"capabilities":{"textDocumentSync":{"openClose":true,"change":2,"save":{}},"completionProvider":{"triggerCharacters":[".","["],"resolveProvider":true},"hoverProvider":true,"signatureHelpProvider":{"triggerCharacters":["(",","]},"declarationProvider":true,"definitionProvider":true,"referencesProvider":true,"documentSymbolProvider":true,"codeActionProvider":{"codeActionKinds":["source.formatAll.terraform"]},"codeLensProvider":{},"documentLinkProvider":{},"workspaceSymbolProvider":true,"documentFormattingProvider":true,"executeCommandProvider":{"commands":["terraform-ls.module.callers","terraform-ls.module.calls","terraform-ls.module.providers","terraform-ls.module.terraform","terraform-ls.rootmodules","terraform-ls.terraform.init","terraform-ls.terraform.validate"],"workDoneProgress":true},"semanticTokensProvider":{"legend":{"tokenTypes":["enumMember","function","keyword","number","parameter","property","string","type","variable","hcl-attrName","hcl-blockType","hcl-blockLabel","hcl-bool","hcl-string","hcl-number","hcl-objectKey","hcl-mapKey","hcl-keyword","hcl-referenceStep","hcl-typeComplex","hcl-typePrimitive","hcl-functionName"],"tokenModifiers":["defaultLibrary","hcl-dependent","terraform-backend","terraform-connection","terraform-data","terraform-locals","terraform-module","terraform-name","terraform-output","terraform-provider","terraform-provisioner","terraform-requiredProviders","terraform-resource","terraform-terraform","terraform-type","terraform-variable"]},"full":true},"workspace":{"workspaceFolders":{"supported":true,"changeNotifications":"workspace/didChangeWorkspaceFolders"},"fileOperations":{}},"experimental":{"referenceCountCodeLens":false,"refreshModuleProviders":true,"refreshModuleCalls":true,"refreshTerraformVersion":true}},"serverInfo":{"name":"terraform-ls","version":"0.33.3"}}
2024/10/09 14:44:52 opts.go:215: Completed 1 requests [4.31927ms elapsed]
2024/10/09 14:44:52 walker.go:242: walking of {file:///home/serignekane01/.cache/cloud-code/api-metadata} finished
2024/10/09 14:44:52 walker.go:242: walking of {file:///home/serignekane01/.cache/cloud-code} finished
2024/10/09 14:44:52 walker.go:242: walking of {file:///home/serignekane01/.cache} finished
2024/10/09 14:44:52 walker.go:242: walking of {file:///home/serignekane01/.codeoss/data/CachedProfilesData/__default__profile__} finished
2024/10/09 14:44:52 walker.go:242: walking of {file:///home/serignekane01/.codeoss/data/CachedProfilesData} finished
2024/10/09 14:44:52 walker.go:242: walking of {file:///home/serignekane01/.codeoss/data/Machine} finished
2024/10/09 14:44:52 walker.go:242: walking of {file:///home/serignekane01/.codeoss/data/User/History/-1ee8db63} finished
2024/10/09 14:44:52 walker.go:242: walking of {file:///home/serignekane01/.codeoss/data/User/History/-422a496d} finished
2024/10/09 14:44:52 walker.go:218: found module {file:///home/serignekane01/.codeoss/data/User/History/-5afefeb7}
2024/10/09 14:44:52 jobs.go:140: JOBS: Enqueueing new job "1": "OpTypeParseModuleConfiguration" for {"file:///home/serignekane01/.codeoss/data/User/History/-5afefeb7"} (IsDirOpen: false, IgnoreState: false)
2024/10/09 14:44:52 jobs.go:140: JOBS: Enqueueing new job "2": "OpTypeLoadModuleMetadata" for {"file:///home/serignekane01/.codeoss/data/User/History/-5afefeb7"} (IsDirOpen: false, IgnoreState: false)
2024/10/09 14:44:52 jobs.go:299: retrying on obj is nil
2024/10/09 14:44:52 jobs.go:299: retrying on obj is nil
2024/10/09 14:44:52 jobs.go:140: JOBS: Enqueueing new job "3": "OpTypeParseVariables" for {"file:///home/serignekane01/.codeoss/data/User/History/-5afefeb7"} (IsDirOpen: false, IgnoreState: false)
2024/10/09 14:44:52 jobs.go:299: retrying on obj is nil
2024/10/09 14:44:52 jobs.go:140: JOBS: Enqueueing new job "4": "OpTypeDecodeVarsReferences" for {"file:///home/serignekane01/.codeoss/data/User/History/-5afefeb7"} (IsDirOpen: false, IgnoreState: false)
2024/10/09 14:44:52 jobs.go:299: retrying on obj is nil
2024/10/09 14:44:52 jobs.go:321: JOBS: Dispatching next job "1" (scheduler prio: -1, job prio: 0, isDirOpen: false): "OpTypeParseModuleConfiguration" for {"file:///home/serignekane01/.codeoss/data/User/History/-5afefeb7"}
2024/10/09 14:44:52 jobs.go:299: retrying on obj is nil
2024/10/09 14:44:52 walker.go:91: parsed datadir: &datadir.DataDir{ModuleManifestPath:"", PluginLockFilePath:""}
2024/10/09 14:44:52 jobs.go:140: JOBS: Enqueueing new job "5": "OpTypePreloadEmbeddedSchema" for {"file:///home/serignekane01/.codeoss/data/User/History/-5afefeb7"} (IsDirOpen: false, IgnoreState: false)
2024/10/09 14:44:52 jobs.go:140: JOBS: Enqueueing new job "6": "OpTypeDecodeReferenceTargets" for {"file:///home/serignekane01/.codeoss/data/User/History/-5afefeb7"} (IsDirOpen: false, IgnoreState: false)
2024/10/09 14:44:52 jobs.go:140: JOBS: Enqueueing new job "7": "OpTypeDecodeReferenceOrigins" for {"file:///home/serignekane01/.codeoss/data/User/History/-5afefeb7"} (IsDirOpen: false, IgnoreState: false)
2024/10/09 14:44:52 walker.go:242: walking of {file:///home/serignekane01/.codeoss/data/User/History/-5afefeb7} finished
2024/10/09 14:44:52 walker.go:218: found module {file:///home/serignekane01/.codeoss/data/User/History/1c5da3ed}
2024/10/09 14:44:52 jobs.go:140: JOBS: Enqueueing new job "8": "OpTypeParseModuleConfiguration" for {"file:///home/serignekane01/.codeoss/data/User/History/1c5da3ed"} (IsDirOpen: false, IgnoreState: false)
2024/10/09 14:44:52 jobs.go:140: JOBS: Enqueueing new job "9": "OpTypeLoadModuleMetadata" for {"file:///home/serignekane01/.codeoss/data/User/History/1c5da3ed"} (IsDirOpen: false, IgnoreState: false)
2024/10/09 14:44:52 jobs.go:140: JOBS: Enqueueing new job "10": "OpTypeParseVariables" for {"file:///home/serignekane01/.codeoss/data/User/History/1c5da3ed"} (IsDirOpen: false, IgnoreState: false)
2024/10/09 14:44:52 jobs.go:140: JOBS: Enqueueing new job "11": "OpTypeDecodeVarsReferences" for {"file:///home/serignekane01/.codeoss/data/User/History/1c5da3ed"} (IsDirOpen: false, IgnoreState: false)
2024/10/09 14:44:52 walker.go:91: parsed datadir: &datadir.DataDir{ModuleManifestPath:"", PluginLockFilePath:""}
2024/10/09 14:44:52 jobs.go:140: JOBS: Enqueueing new job "12": "OpTypePreloadEmbeddedSchema" for {"file:///home/serignekane01/.codeoss/data/User/History/1c5da3ed"} (IsDirOpen: false, IgnoreState: false)
2024/10/09 14:44:52 jobs.go:140: JOBS: Enqueueing new job "13": "OpTypeDecodeReferenceTargets" for {"file:///home/serignekane01/.codeoss/data/User/History/1c5da3ed"} (IsDirOpen: false, IgnoreState: false)
2024/10/09 14:44:52 jobs.go:140: JOBS: Enqueueing new job "14": "OpTypeDecodeReferenceOrigins" for {"file:///home/serignekane01/.codeoss/data/User/History/1c5da3ed"} (IsDirOpen: false, IgnoreState: false)
Client: Starting --> Running
2024/10/09 14:44:52 walker.go:242: walking of {file:///home/serignekane01/.codeoss/data/User/History/1c5da3ed} finished
2024/10/09 14:44:52 walker.go:242: walking of {file:///home/serignekane01/.codeoss/data/User/History} finished
2024/10/09 14:44:52 walker.go:242: walking of {file:///home/serignekane01/.codeoss/data/User/globalStorage/vscode.json-language-features/json-schema-cache} finished
2024/10/09 14:44:52 walker.go:242: walking of {file:///home/serignekane01/.codeoss/data/User/globalStorage/vscode.json-language-features} finished
2024/10/09 14:44:52 walker.go:242: walking of {file:///home/serignekane01/.codeoss/data/User/globalStorage} finished
2024/10/09 14:44:52 walker.go:242: walking of {file:///home/serignekane01/.codeoss/data/User/workspaceStorage/-440ac96f} finished
2024/10/09 14:44:52 walker.go:242: walking of {file:///home/serignekane01/.codeoss/data/User/workspaceStorage/-440ac96f-1} finished
2024/10/09 14:44:52 walker.go:242: walking of {file:///home/serignekane01/.codeoss/data/User/workspaceStorage/2edea124} finished
2024/10/09 14:44:52 walker.go:242: walking of {file:///home/serignekane01/.codeoss/data/User/workspaceStorage} finished
2024/10/09 14:44:52 walker.go:242: walking of {file:///home/serignekane01/.codeoss/data/User} finished
2024/10/09 14:44:52 walker.go:242: walking of {file:///home/serignekane01/.codeoss/data/logs/20241007T133311/exthost1/hashicorp.terraform} finished
2024/10/09 14:44:52 walker.go:242: walking of {file:///home/serignekane01/.codeoss/data/logs/20241007T133311/exthost1/output_logging_20241007T133331} finished
2024/10/09 14:44:52 walker.go:242: walking of {file:///home/serignekane01/.codeoss/data/logs/20241007T133311/exthost1/vscode.git} finished
2024/10/09 14:44:52 walker.go:242: walking of {file:///home/serignekane01/.codeoss/data/logs/20241007T133311/exthost1/vscode.github} finished
2024/10/09 14:44:52 walker.go:242: walking of {file:///home/serignekane01/.codeoss/data/logs/20241007T133311/exthost1/vscode.json-language-features} finished
2024/10/09 14:44:52 walker.go:242: walking of {file:///home/serignekane01/.codeoss/data/logs/20241007T133311/exthost1} finished
2024/10/09 14:44:52 walker.go:242: walking of {file:///home/serignekane01/.codeoss/data/logs/20241007T133311} finished
2024/10/09 14:44:52 walker.go:242: walking of {file:///home/serignekane01/.codeoss/data/logs/20241007T190515/exthost1/hashicorp.terraform} finished
2024/10/09 14:44:52 walker.go:242: walking of {file:///home/serignekane01/.codeoss/data/logs/20241007T190515/exthost1/output_logging_20241007T190522} finished
2024/10/09 14:44:52 walker.go:242: walking of {file:///home/serignekane01/.codeoss/data/logs/20241007T190515/exthost1/vscode.git} finished
2024/10/09 14:44:52 walker.go:242: walking of {file:///home/serignekane01/.codeoss/data/logs/20241007T190515/exthost1/vscode.github} finished
2024/10/09 14:44:52 walker.go:242: walking of {file:///home/serignekane01/.codeoss/data/logs/20241007T190515/exthost1/vscode.json-language-features} finished
2024/10/09 14:44:52 walker.go:242: walking of {file:///home/serignekane01/.codeoss/data/logs/20241007T190515/exthost1} finished
2024/10/09 14:44:52 walker.go:242: walking of {file:///home/serignekane01/.codeoss/data/logs/20241007T190515} finished
2024/10/09 14:44:52 jobs.go:299: retrying on obj is nil
Started client
2024/10/09 14:44:52 opts.go:215: Received request batch of size 1 (qlen=0)
2024/10/09 14:44:52 opts.go:215: Dequeued request batch of length 1 (qlen=0)
2024/10/09 14:44:52 rpc_logger.go:32: Incoming notification for "initialized": {}
2024/10/09 14:44:52 walker.go:242: walking of {file:///home/serignekane01/.codeoss/data/logs/20241008T070400/exthost1/hashicorp.terraform} finished
2024/10/09 14:44:52 opts.go:215: Posting server call "client/registerCapability" {"registrations":[{"id":"5a0a258a-b3e4-124d-256e-5c34cd89b61f","method":"workspace/didChangeWatchedFiles","registerOptions":{"watchers":[{"globPattern":"**/.terraform","kind":3},{"globPattern":"**/.terraform/modules/modules.json"},{"globPattern":"**/.terraform.lock.hcl"},{"globPattern":"**/.terraform/plugins/selections.json"},{"globPattern":"**/.terraform/plugins/linux_amd64/lock.json"}]}}]}
2024/10/09 14:44:52 walker.go:242: walking of {file:///home/serignekane01/.codeoss/data/logs/20241008T070400/exthost1/output_logging_20241008T070411} finished
2024/10/09 14:44:52 walker.go:242: walking of {file:///home/serignekane01/.codeoss/data/logs/20241008T070400/exthost1/vscode.git} finished
2024/10/09 14:44:52 walker.go:242: walking of {file:///home/serignekane01/.codeoss/data/logs/20241008T070400/exthost1/vscode.github} finished
2024/10/09 14:44:52 walker.go:242: walking of {file:///home/serignekane01/.codeoss/data/logs/20241008T070400/exthost1/vscode.json-language-features} finished
2024/10/09 14:44:52 walker.go:242: walking of {file:///home/serignekane01/.codeoss/data/logs/20241008T070400/exthost1} finished
2024/10/09 14:44:52 walker.go:242: walking of {file:///home/serignekane01/.codeoss/data/logs/20241008T070400/exthost2/hashicorp.terraform} finished
2024/10/09 14:44:52 walker.go:242: walking of {file:///home/serignekane01/.codeoss/data/logs/20241008T070400/exthost2/output_logging_20241008T080310} finished
2024/10/09 14:44:52 walker.go:242: walking of {file:///home/serignekane01/.codeoss/data/logs/20241008T070400/exthost2/vscode.git} finished
2024/10/09 14:44:52 walker.go:242: walking of {file:///home/serignekane01/.codeoss/data/logs/20241008T070400/exthost2/vscode.github} finished
2024/10/09 14:44:52 walker.go:242: walking of {file:///home/serignekane01/.codeoss/data/logs/20241008T070400/exthost2/vscode.json-language-features} finished
2024/10/09 14:44:52 walker.go:242: walking of {file:///home/serignekane01/.codeoss/data/logs/20241008T070400/exthost2} finished
2024/10/09 14:44:52 walker.go:242: walking of {file:///home/serignekane01/.codeoss/data/logs/20241008T070400} finished
2024/10/09 14:44:52 walker.go:242: walking of {file:///home/serignekane01/.codeoss/data/logs/20241008T085742/exthost1/hashicorp.terraform} finished
2024/10/09 14:44:52 jobs.go:461: JOBS: Finishing job "1": "OpTypeParseModuleConfiguration" for {"file:///home/serignekane01/.codeoss/data/User/History/-5afefeb7"} (err = %!s(<nil>), deferredJobs: [])
2024/10/09 14:44:52 walker.go:242: walking of {file:///home/serignekane01/.codeoss/data/logs/20241008T085742/exthost1/output_logging_20241008T085749} finished
2024/10/09 14:44:52 walker.go:242: walking of {file:///home/serignekane01/.codeoss/data/logs/20241008T085742/exthost1/vscode.git} finished
2024/10/09 14:44:52 walker.go:242: walking of {file:///home/serignekane01/.codeoss/data/logs/20241008T085742/exthost1/vscode.github} finished
2024/10/09 14:44:52 walker.go:242: walking of {file:///home/serignekane01/.codeoss/data/logs/20241008T085742/exthost1/vscode.json-language-features} finished
2024/10/09 14:44:52 walker.go:242: walking of {file:///home/serignekane01/.codeoss/data/logs/20241008T085742/exthost1} finished
2024/10/09 14:44:52 walker.go:242: walking of {file:///home/serignekane01/.codeoss/data/logs/20241008T085742} finished
2024/10/09 14:44:52 walker.go:242: walking of {file:///home/serignekane01/.codeoss/data/logs/20241008T141409/exthost1/hashicorp.terraform} finished
2024/10/09 14:44:52 walker.go:242: walking of {file:///home/serignekane01/.codeoss/data/logs/20241008T141409/exthost1/output_logging_20241008T141426} finished
2024/10/09 14:44:52 walker.go:242: walking of {file:///home/serignekane01/.codeoss/data/logs/20241008T141409/exthost1/vscode.git} finished
2024/10/09 14:44:52 walker.go:242: walking of {file:///home/serignekane01/.codeoss/data/logs/20241008T141409/exthost1/vscode.github} finished
2024/10/09 14:44:52 walker.go:242: walking of {file:///home/serignekane01/.codeoss/data/logs/20241008T141409/exthost1/vscode.json-language-features} finished
2024/10/09 14:44:52 walker.go:242: walking of {file:///home/serignekane01/.codeoss/data/logs/20241008T141409/exthost1} finished
2024/10/09 14:44:52 walker.go:242: walking of {file:///home/serignekane01/.codeoss/data/logs/20241008T141409} finished
2024/10/09 14:44:52 walker.go:242: walking of {file:///home/serignekane01/.codeoss/data/logs/20241008T191731/exthost1/hashicorp.terraform} finished
2024/10/09 14:44:52 walker.go:242: walking of {file:///home/serignekane01/.codeoss/data/logs/20241008T191731/exthost1/ms-python.python} finished
2024/10/09 14:44:52 walker.go:242: walking of {file:///home/serignekane01/.codeoss/data/logs/20241008T191731/exthost1/output_logging_20241008T191738} finished
2024/10/09 14:44:52 walker.go:242: walking of {file:///home/serignekane01/.codeoss/data/logs/20241008T191731/exthost1/vscode.git} finished
2024/10/09 14:44:52 walker.go:242: walking of {file:///home/serignekane01/.codeoss/data/logs/20241008T191731/exthost1/vscode.github} finished
2024/10/09 14:44:52 jobs.go:321: JOBS: Dispatching next job "10" (scheduler prio: -1, job prio: 0, isDirOpen: false): "OpTypeParseVariables" for {"file:///home/serignekane01/.codeoss/data/User/History/1c5da3ed"}
2024/10/09 14:44:52 walker.go:242: walking of {file:///home/serignekane01/.codeoss/data/logs/20241008T191731/exthost1/vscode.json-language-features} finished
2024/10/09 14:44:52 walker.go:242: walking of {file:///home/serignekane01/.codeoss/data/logs/20241008T191731/exthost1} finished
2024/10/09 14:44:52 walker.go:242: walking of {file:///home/serignekane01/.codeoss/data/logs/20241008T191731} finished
2024/10/09 14:44:52 walker.go:242: walking of {file:///home/serignekane01/.codeoss/data/logs/20241008T202235/exthost1/hashicorp.terraform} finished
2024/10/09 14:44:52 walker.go:242: walking of {file:///home/serignekane01/.codeoss/data/logs/20241008T202235/exthost1/ms-python.python} finished
2024/10/09 14:44:52 jobs.go:461: JOBS: Finishing job "10": "OpTypeParseVariables" for {"file:///home/serignekane01/.codeoss/data/User/History/1c5da3ed"} (err = %!s(<nil>), deferredJobs: [])
2024/10/09 14:44:52 walker.go:242: walking of {file:///home/serignekane01/.codeoss/data/logs/20241008T202235/exthost1/output_logging_20241008T202241} finished
2024/10/09 14:44:52 walker.go:242: walking of {file:///home/serignekane01/.codeoss/data/logs/20241008T202235/exthost1/vscode.git} finished
2024/10/09 14:44:52 walker.go:242: walking of {file:///home/serignekane01/.codeoss/data/logs/20241008T202235/exthost1/vscode.github} finished
2024/10/09 14:44:52 walker.go:242: walking of {file:///home/serignekane01/.codeoss/data/logs/20241008T202235/exthost1/vscode.json-language-features} finished
2024/10/09 14:44:52 walker.go:242: walking of {file:///home/serignekane01/.codeoss/data/logs/20241008T202235/exthost1} finished
2024/10/09 14:44:52 walker.go:242: walking of {file:///home/serignekane01/.codeoss/data/logs/20241008T202235} finished
2024/10/09 14:44:52 walker.go:242: walking of {file:///home/serignekane01/.codeoss/data/logs/20241009T064530/exthost1/hashicorp.terraform} finished
2024/10/09 14:44:52 walker.go:242: walking of {file:///home/serignekane01/.codeoss/data/logs/20241009T064530/exthost1/ms-python.python} finished
2024/10/09 14:44:52 walker.go:242: walking of {file:///home/serignekane01/.codeoss/data/logs/20241009T064530/exthost1/output_logging_20241009T064540} finished
2024/10/09 14:44:52 jobs.go:321: JOBS: Dispatching next job "11" (scheduler prio: -1, job prio: 0, isDirOpen: false): "OpTypeDecodeVarsReferences" for {"file:///home/serignekane01/.codeoss/data/User/History/1c5da3ed"}
2024/10/09 14:44:52 walker.go:242: walking of {file:///home/serignekane01/.codeoss/data/logs/20241009T064530/exthost1/vscode.git} finished
2024/10/09 14:44:52 walker.go:242: walking of {file:///home/serignekane01/.codeoss/data/logs/20241009T064530/exthost1/vscode.github} finished
2024/10/09 14:44:52 walker.go:242: walking of {file:///home/serignekane01/.codeoss/data/logs/20241009T064530/exthost1/vscode.json-language-features} finished
2024/10/09 14:44:52 walker.go:242: walking of {file:///home/serignekane01/.codeoss/data/logs/20241009T064530/exthost1} finished
2024/10/09 14:44:52 walker.go:242: walking of {file:///home/serignekane01/.codeoss/data/logs/20241009T064530} finished
2024/10/09 14:44:52 walker.go:242: walking of {file:///home/serignekane01/.codeoss/data/logs/20241009T130141/exthost1/hashicorp.terraform} finished
2024/10/09 14:44:52 walker.go:242: walking of {file:///home/serignekane01/.codeoss/data/logs/20241009T130141/exthost1/ms-python.python} finished
2024/10/09 14:44:52 jobs.go:461: JOBS: Finishing job "11": "OpTypeDecodeVarsReferences" for {"file:///home/serignekane01/.codeoss/data/User/History/1c5da3ed"} (err = %!s(<nil>), deferredJobs: [])
2024/10/09 14:44:52 walker.go:242: walking of {file:///home/serignekane01/.codeoss/data/logs/20241009T130141/exthost1/output_logging_20241009T130159} finished
2024/10/09 14:44:52 walker.go:242: walking of {file:///home/serignekane01/.codeoss/data/logs/20241009T130141/exthost1/vscode.git} finished
2024/10/09 14:44:52 walker.go:242: walking of {file:///home/serignekane01/.codeoss/data/logs/20241009T130141/exthost1/vscode.github} finished
2024/10/09 14:44:52 walker.go:242: walking of {file:///home/serignekane01/.codeoss/data/logs/20241009T130141/exthost1/vscode.json-language-features} finished
2024/10/09 14:44:52 walker.go:242: walking of {file:///home/serignekane01/.codeoss/data/logs/20241009T130141/exthost1} finished
2024/10/09 14:44:52 walker.go:242: walking of {file:///home/serignekane01/.codeoss/data/logs/20241009T130141/exthost2/hashicorp.terraform} finished
2024/10/09 14:44:52 walker.go:242: walking of {file:///home/serignekane01/.codeoss/data/logs/20241009T130141/exthost2/ms-python.python} finished
2024/10/09 14:44:52 walker.go:242: walking of {file:///home/serignekane01/.codeoss/data/logs/20241009T130141/exthost2/output_logging_20241009T144447} finished
2024/10/09 14:44:52 walker.go:242: walking of {file:///home/serignekane01/.codeoss/data/logs/20241009T130141/exthost2/vscode.git} finished
2024/10/09 14:44:52 jobs.go:321: JOBS: Dispatching next job "2" (scheduler prio: -1, job prio: 0, isDirOpen: false): "OpTypeLoadModuleMetadata" for {"file:///home/serignekane01/.codeoss/data/User/History/-5afefeb7"}
2024/10/09 14:44:52 walker.go:242: walking of {file:///home/serignekane01/.codeoss/data/logs/20241009T130141/exthost2/vscode.github} finished
2024/10/09 14:44:52 walker.go:242: walking of {file:///home/serignekane01/.codeoss/data/logs/20241009T130141/exthost2} finished
2024/10/09 14:44:52 walker.go:242: walking of {file:///home/serignekane01/.codeoss/data/logs/20241009T130141} finished
2024/10/09 14:44:52 walker.go:242: walking of {file:///home/serignekane01/.codeoss/data/logs} finished
2024/10/09 14:44:52 walker.go:242: walking of {file:///home/serignekane01/.codeoss/data} finished
2024/10/09 14:44:52 walker.go:242: walking of {file:///home/serignekane01/.codeoss/extensions} finished
2024/10/09 14:44:52 walker.go:242: walking of {file:///home/serignekane01/.codeoss} finished
2024/10/09 14:44:52 walker.go:242: walking of {file:///home/serignekane01/.config/powershell} finished
2024/10/09 14:44:52 walker.go:242: walking of {file:///home/serignekane01/.config} finished
2024/10/09 14:44:52 walker.go:242: walking of {file:///home/serignekane01/.docker} finished
2024/10/09 14:44:52 walker.go:242: walking of {file:///home/serignekane01/.gsutil/tracker-files} finished
2024/10/09 14:44:52 walker.go:242: walking of {file:///home/serignekane01/.gsutil} finished
2024/10/09 14:44:52 walker.go:242: walking of {file:///home/serignekane01/.local/share/nano} finished
2024/10/09 14:44:52 walker.go:242: walking of {file:///home/serignekane01/.local/share} finished
2024/10/09 14:44:52 walker.go:242: walking of {file:///home/serignekane01/.local} finished
2024/10/09 14:44:52 jobs.go:461: JOBS: Finishing job "2": "OpTypeLoadModuleMetadata" for {"file:///home/serignekane01/.codeoss/data/User/History/-5afefeb7"} (err = js6m.tf:12,3-18: Multiple backend definitions; Found multiple backend definitions for "local". Only one is allowed., and 9 other diagnostic(s), deferredJobs: [])
2024/10/09 14:44:52 walker.go:242: walking of {file:///home/serignekane01/.npm/_logs} finished
2024/10/09 14:44:52 walker.go:242: walking of {file:///home/serignekane01/.npm} finished
2024/10/09 14:44:52 walker.go:242: walking of {file:///home/serignekane01/.redhat} finished
2024/10/09 14:44:52 walker.go:242: walking of {file:///home/serignekane01/.ssh} finished
2024/10/09 14:44:52 walker.go:242: walking of {file:///home/serignekane01/.terraform/providers/registry.terraform.io/hashicorp/google/6.5.0/linux_amd64} finished
2024/10/09 14:44:52 walker.go:242: walking of {file:///home/serignekane01/.terraform/providers/registry.terraform.io/hashicorp/google/6.5.0} finished
2024/10/09 14:44:52 walker.go:242: walking of {file:///home/serignekane01/.terraform/providers/registry.terraform.io/hashicorp/google} finished
2024/10/09 14:44:52 walker.go:242: walking of {file:///home/serignekane01/.terraform/providers/registry.terraform.io/hashicorp} finished
2024/10/09 14:44:52 walker.go:242: walking of {file:///home/serignekane01/.terraform/providers/registry.terraform.io} finished
2024/10/09 14:44:52 walker.go:242: walking of {file:///home/serignekane01/.terraform/providers} finished
2024/10/09 14:44:52 walker.go:242: walking of {file:///home/serignekane01/.terraform} finished
2024/10/09 14:44:52 walker.go:242: walking of {file:///home/serignekane01/.terraform.d} finished
2024/10/09 14:44:52 walker.go:212: skipping ignored dir name: .vscode
2024/10/09 14:44:52 jobs.go:321: JOBS: Dispatching next job "3" (scheduler prio: -1, job prio: 0, isDirOpen: false): "OpTypeParseVariables" for {"file:///home/serignekane01/.codeoss/data/User/History/-5afefeb7"}
2024/10/09 14:44:52 walker.go:242: walking of {file:///home/serignekane01/dataflow-python-examples/dataflow_python_examples/resources} finished
2024/10/09 14:44:52 walker.go:242: walking of {file:///home/serignekane01/dataflow-python-examples/dataflow_python_examples} finished
2024/10/09 14:44:52 walker.go:242: walking of {file:///home/serignekane01/dataflow-python-examples/img} finished
2024/10/09 14:44:52 walker.go:242: walking of {file:///home/serignekane01/dataflow-python-examples/tests} finished
2024/10/09 14:44:52 walker.go:242: walking of {file:///home/serignekane01/dataflow-python-examples} finished
2024/10/09 14:44:52 walker.go:218: found module {file:///home/serignekane01}
2024/10/09 14:44:52 jobs.go:461: JOBS: Finishing job "3": "OpTypeParseVariables" for {"file:///home/serignekane01/.codeoss/data/User/History/-5afefeb7"} (err = %!s(<nil>), deferredJobs: [])
2024/10/09 14:44:52 jobs.go:299: retrying on obj is nil
2024/10/09 14:44:52 jobs.go:299: retrying on obj is nil
2024/10/09 14:44:52 jobs.go:321: JOBS: Dispatching next job "4" (scheduler prio: -1, job prio: 0, isDirOpen: false): "OpTypeDecodeVarsReferences" for {"file:///home/serignekane01/.codeoss/data/User/History/-5afefeb7"}
2024/10/09 14:44:52 jobs.go:299: retrying on obj is nil
2024/10/09 14:44:52 jobs.go:140: JOBS: Enqueueing new job "15": "OpTypeParseModuleConfiguration" for {"file:///home/serignekane01"} (IsDirOpen: false, IgnoreState: false)
2024/10/09 14:44:52 jobs.go:140: JOBS: Enqueueing new job "16": "OpTypeLoadModuleMetadata" for {"file:///home/serignekane01"} (IsDirOpen: false, IgnoreState: false)
2024/10/09 14:44:52 jobs.go:140: JOBS: Enqueueing new job "17": "OpTypeParseVariables" for {"file:///home/serignekane01"} (IsDirOpen: false, IgnoreState: false)
2024/10/09 14:44:52 jobs.go:299: retrying on obj is nil
2024/10/09 14:44:52 jobs.go:140: JOBS: Enqueueing new job "18": "OpTypeDecodeVarsReferences" for {"file:///home/serignekane01"} (IsDirOpen: false, IgnoreState: false)
2024/10/09 14:44:52 walker.go:91: parsed datadir: &datadir.DataDir{ModuleManifestPath:"", PluginLockFilePath:"/home/serignekane01/.terraform.lock.hcl"}
2024/10/09 14:44:52 jobs.go:299: retrying on obj is nil
2024/10/09 14:44:52 jobs.go:461: JOBS: Finishing job "4": "OpTypeDecodeVarsReferences" for {"file:///home/serignekane01/.codeoss/data/User/History/-5afefeb7"} (err = %!s(<nil>), deferredJobs: [])
2024/10/09 14:44:52 jobs.go:321: JOBS: Dispatching next job "15" (scheduler prio: -1, job prio: 0, isDirOpen: false): "OpTypeParseModuleConfiguration" for {"file:///home/serignekane01"}
2024/10/09 14:44:52 jobs.go:299: retrying on obj is nil
2024/10/09 14:44:52 jobs.go:140: JOBS: Enqueueing new job "19": "OpTypeParseProviderVersions" for {"file:///home/serignekane01"} (IsDirOpen: false, IgnoreState: false)
2024/10/09 14:44:52 jobs.go:299: retrying on obj is nil
2024/10/09 14:44:52 jobs.go:140: JOBS: Enqueueing new job "20": "OpTypeObtainSchema" for {"file:///home/serignekane01"} (IsDirOpen: false, IgnoreState: false)
2024/10/09 14:44:52 jobs.go:299: retrying on obj is nil
2024/10/09 14:44:52 jobs.go:140: JOBS: Enqueueing new job "21": "OpTypePreloadEmbeddedSchema" for {"file:///home/serignekane01"} (IsDirOpen: false, IgnoreState: false)
2024/10/09 14:44:52 jobs.go:299: retrying on obj is nil
2024/10/09 14:44:52 jobs.go:140: JOBS: Enqueueing new job "22": "OpTypeDecodeReferenceTargets" for {"file:///home/serignekane01"} (IsDirOpen: false, IgnoreState: false)
2024/10/09 14:44:52 jobs.go:299: retrying on obj is nil
2024/10/09 14:44:52 jobs.go:140: JOBS: Enqueueing new job "23": "OpTypeDecodeReferenceOrigins" for {"file:///home/serignekane01"} (IsDirOpen: false, IgnoreState: false)
2024/10/09 14:44:52 jobs.go:299: retrying on obj is nil
2024/10/09 14:44:52 walker.go:242: walking of {file:///home/serignekane01/terraform/state} finished
2024/10/09 14:44:52 walker.go:242: walking of {file:///home/serignekane01/terraform} finished
2024/10/09 14:44:52 walker.go:242: walking of {file:///home/serignekane01} finished
2024/10/09 14:44:52 walker.go:156: walker: walking through {"file:///home/serignekane01"} finished
2024/10/09 14:44:52 jobs.go:461: JOBS: Finishing job "15": "OpTypeParseModuleConfiguration" for {"file:///home/serignekane01"} (err = %!s(<nil>), deferredJobs: [])
2024/10/09 14:44:52 jobs.go:299: retrying on obj is nil
2024/10/09 14:44:52 jobs.go:321: JOBS: Dispatching next job "16" (scheduler prio: -1, job prio: 0, isDirOpen: false): "OpTypeLoadModuleMetadata" for {"file:///home/serignekane01"}
2024/10/09 14:44:52 jobs.go:299: retrying on obj is nil
2024/10/09 14:44:52 jobs.go:461: JOBS: Finishing job "16": "OpTypeLoadModuleMetadata" for {"file:///home/serignekane01"} (err = %!s(<nil>), deferredJobs: [])
2024/10/09 14:44:52 jobs.go:321: JOBS: Dispatching next job "17" (scheduler prio: -1, job prio: 0, isDirOpen: false): "OpTypeParseVariables" for {"file:///home/serignekane01"}
2024/10/09 14:44:52 jobs.go:299: retrying on obj is nil
2024/10/09 14:44:52 jobs.go:461: JOBS: Finishing job "17": "OpTypeParseVariables" for {"file:///home/serignekane01"} (err = %!s(<nil>), deferredJobs: [])
2024/10/09 14:44:52 jobs.go:299: retrying on obj is nil
2024/10/09 14:44:52 jobs.go:321: JOBS: Dispatching next job "18" (scheduler prio: -1, job prio: 0, isDirOpen: false): "OpTypeDecodeVarsReferences" for {"file:///home/serignekane01"}
2024/10/09 14:44:52 jobs.go:299: retrying on obj is nil
2024/10/09 14:44:52 jobs.go:461: JOBS: Finishing job "18": "OpTypeDecodeVarsReferences" for {"file:///home/serignekane01"} (err = %!s(<nil>), deferredJobs: [])
2024/10/09 14:44:52 jobs.go:299: retrying on obj is nil
2024/10/09 14:44:52 jobs.go:321: JOBS: Dispatching next job "19" (scheduler prio: -1, job prio: 0, isDirOpen: false): "OpTypeParseProviderVersions" for {"file:///home/serignekane01"}
2024/10/09 14:44:52 jobs.go:299: retrying on obj is nil
2024/10/09 14:44:52 jobs.go:461: JOBS: Finishing job "19": "OpTypeParseProviderVersions" for {"file:///home/serignekane01"} (err = %!s(<nil>), deferredJobs: [])
2024/10/09 14:44:52 jobs.go:299: retrying on obj is nil
2024/10/09 14:44:52 jobs.go:321: JOBS: Dispatching next job "20" (scheduler prio: -1, job prio: 0, isDirOpen: false): "OpTypeObtainSchema" for {"file:///home/serignekane01"}
2024/10/09 14:44:52 jobs.go:299: retrying on obj is nil
2024/10/09 14:44:52 opts.go:215: Received response for callback "1"
2024/10/09 14:44:52 opts.go:215: Received request batch of size 1 (qlen=0)
2024/10/09 14:44:52 opts.go:215: Dequeued request batch of length 1 (qlen=0)
2024/10/09 14:44:52 opts.go:215: Request check error for "$/setTrace" (params "{\"value\":\"off\"}"): [-32601] method not found
2024/10/09 14:44:53 opts.go:215: Posting server notification "telemetry/event" {"v":1,"name":"moduleData","properties":{"moduleId":"0c90394c-1d77-af02-371d-a09352549834","providerRequirements":{"registry.terraform.io/-/google":""}}}
2024/10/09 14:44:53 opts.go:215: Posting server notification "telemetry/event" {"v":1,"name":"moduleData","properties":{"backend":"local","installedProviders":{"registry.terraform.io/hashicorp/google":"6.5.0"},"moduleId":"f5c90212-eb8d-39c4-05e9-ddd6afce70cf","providerRequirements":{"registry.terraform.io/-/google":""}}}
2024/10/09 14:44:53 provider_schema.go:109: PSS: adding local schema (/home/serignekane01, registry.terraform.io/hashicorp/google): 0xc000390160
2024/10/09 14:44:53 jobs.go:461: JOBS: Finishing job "20": "OpTypeObtainSchema" for {"file:///home/serignekane01"} (err = %!s(<nil>), deferredJobs: [])
2024/10/09 14:44:53 jobs.go:321: JOBS: Dispatching next job "21" (scheduler prio: -1, job prio: 0, isDirOpen: false): "OpTypePreloadEmbeddedSchema" for {"file:///home/serignekane01"}
2024/10/09 14:44:53 jobs.go:299: retrying on obj is nil
2024/10/09 14:44:53 jobs.go:461: JOBS: Finishing job "21": "OpTypePreloadEmbeddedSchema" for {"file:///home/serignekane01"} (err = %!s(<nil>), deferredJobs: [])
2024/10/09 14:44:53 jobs.go:299: retrying on obj is nil
2024/10/09 14:44:53 jobs.go:321: JOBS: Dispatching next job "22" (scheduler prio: -1, job prio: 0, isDirOpen: false): "OpTypeDecodeReferenceTargets" for {"file:///home/serignekane01"}
2024/10/09 14:44:53 jobs.go:299: retrying on obj is nil
2024/10/09 14:44:53 jobs.go:461: JOBS: Finishing job "22": "OpTypeDecodeReferenceTargets" for {"file:///home/serignekane01"} (err = %!s(<nil>), deferredJobs: [])
2024/10/09 14:44:53 jobs.go:321: JOBS: Dispatching next job "23" (scheduler prio: -1, job prio: 0, isDirOpen: false): "OpTypeDecodeReferenceOrigins" for {"file:///home/serignekane01"}
2024/10/09 14:44:53 jobs.go:299: retrying on obj is nil
2024/10/09 14:44:53 jobs.go:461: JOBS: Finishing job "23": "OpTypeDecodeReferenceOrigins" for {"file:///home/serignekane01"} (err = %!s(<nil>), deferredJobs: [])
2024/10/09 14:44:53 jobs.go:321: JOBS: Dispatching next job "5" (scheduler prio: -1, job prio: 0, isDirOpen: false): "OpTypePreloadEmbeddedSchema" for {"file:///home/serignekane01/.codeoss/data/User/History/-5afefeb7"}
2024/10/09 14:44:53 jobs.go:299: retrying on obj is nil
2024/10/09 14:44:53 jobs.go:461: JOBS: Finishing job "5": "OpTypePreloadEmbeddedSchema" for {"file:///home/serignekane01/.codeoss/data/User/History/-5afefeb7"} (err = %!s(<nil>), deferredJobs: [])
2024/10/09 14:44:53 jobs.go:299: retrying on obj is nil
2024/10/09 14:44:53 jobs.go:321: JOBS: Dispatching next job "6" (scheduler prio: -1, job prio: 0, isDirOpen: false): "OpTypeDecodeReferenceTargets" for {"file:///home/serignekane01/.codeoss/data/User/History/-5afefeb7"}
2024/10/09 14:44:53 jobs.go:461: JOBS: Finishing job "6": "OpTypeDecodeReferenceTargets" for {"file:///home/serignekane01/.codeoss/data/User/History/-5afefeb7"} (err = %!s(<nil>), deferredJobs: [])
2024/10/09 14:44:53 jobs.go:321: JOBS: Dispatching next job "7" (scheduler prio: -1, job prio: 0, isDirOpen: false): "OpTypeDecodeReferenceOrigins" for {"file:///home/serignekane01/.codeoss/data/User/History/-5afefeb7"}
2024/10/09 14:44:53 jobs.go:299: retrying on obj is nil
2024/10/09 14:44:53 jobs.go:461: JOBS: Finishing job "7": "OpTypeDecodeReferenceOrigins" for {"file:///home/serignekane01/.codeoss/data/User/History/-5afefeb7"} (err = %!s(<nil>), deferredJobs: [])
2024/10/09 14:44:53 jobs.go:321: JOBS: Dispatching next job "8" (scheduler prio: -1, job prio: 0, isDirOpen: false): "OpTypeParseModuleConfiguration" for {"file:///home/serignekane01/.codeoss/data/User/History/1c5da3ed"}
2024/10/09 14:44:53 jobs.go:299: retrying on obj is nil
2024/10/09 14:44:53 jobs.go:461: JOBS: Finishing job "8": "OpTypeParseModuleConfiguration" for {"file:///home/serignekane01/.codeoss/data/User/History/1c5da3ed"} (err = %!s(<nil>), deferredJobs: [])
2024/10/09 14:44:53 jobs.go:299: retrying on obj is nil
2024/10/09 14:44:53 jobs.go:321: JOBS: Dispatching next job "9" (scheduler prio: -1, job prio: 0, isDirOpen: false): "OpTypeLoadModuleMetadata" for {"file:///home/serignekane01/.codeoss/data/User/History/1c5da3ed"}
2024/10/09 14:44:53 jobs.go:299: retrying on obj is nil
2024/10/09 14:44:53 jobs.go:461: JOBS: Finishing job "9": "OpTypeLoadModuleMetadata" for {"file:///home/serignekane01/.codeoss/data/User/History/1c5da3ed"} (err = %!s(<nil>), deferredJobs: [])
2024/10/09 14:44:53 jobs.go:299: retrying on obj is nil
2024/10/09 14:44:53 jobs.go:321: JOBS: Dispatching next job "12" (scheduler prio: -1, job prio: 0, isDirOpen: false): "OpTypePreloadEmbeddedSchema" for {"file:///home/serignekane01/.codeoss/data/User/History/1c5da3ed"}
2024/10/09 14:44:53 jobs.go:299: retrying on obj is nil
2024/10/09 14:44:53 jobs.go:461: JOBS: Finishing job "12": "OpTypePreloadEmbeddedSchema" for {"file:///home/serignekane01/.codeoss/data/User/History/1c5da3ed"} (err = %!s(<nil>), deferredJobs: [])
2024/10/09 14:44:53 jobs.go:299: retrying on obj is nil
2024/10/09 14:44:53 jobs.go:321: JOBS: Dispatching next job "13" (scheduler prio: -1, job prio: 0, isDirOpen: false): "OpTypeDecodeReferenceTargets" for {"file:///home/serignekane01/.codeoss/data/User/History/1c5da3ed"}
2024/10/09 14:44:53 jobs.go:299: retrying on obj is nil
2024/10/09 14:44:53 jobs.go:461: JOBS: Finishing job "13": "OpTypeDecodeReferenceTargets" for {"file:///home/serignekane01/.codeoss/data/User/History/1c5da3ed"} (err = %!s(<nil>), deferredJobs: [])
2024/10/09 14:44:53 jobs.go:321: JOBS: Dispatching next job "14" (scheduler prio: -1, job prio: 0, isDirOpen: false): "OpTypeDecodeReferenceOrigins" for {"file:///home/serignekane01/.codeoss/data/User/History/1c5da3ed"}
2024/10/09 14:44:53 jobs.go:299: retrying on obj is nil
2024/10/09 14:44:53 jobs.go:461: JOBS: Finishing job "14": "OpTypeDecodeReferenceOrigins" for {"file:///home/serignekane01/.codeoss/data/User/History/1c5da3ed"} (err = %!s(<nil>), deferredJobs: [])
2024/10/09 14:44:53 jobs.go:299: retrying on obj is nil
2024/10/09 14:44:53 opts.go:215: Posting server notification "telemetry/event" {"v":1,"name":"moduleData","properties":{"moduleId":"8c309ed2-c7e7-6a29-eb94-990b0b6ccfe9","providerRequirements":{"registry.terraform.io/-/google":""}}}
