2024-10-07 19:05:25.554 [info] Log level: Info
2024-10-07 19:05:25.554 [info] Validating found git in: "git"
2024-10-07 19:05:25.554 [info] Using git "2.43.0" from "git"
2024-10-07 19:05:25.554 [info] > git rev-parse --show-toplevel [6ms]
2024-10-07 19:05:25.554 [info] fatal: not a git repository (or any parent up to mount point /)
Stopping at filesystem boundary (GIT_DISCOVERY_ACROSS_FILESYSTEM not set).
2024-10-07 19:05:25.554 [info] > git rev-parse --show-toplevel [4ms]
2024-10-07 19:05:25.554 [info] fatal: not a git repository (or any parent up to mount point /)
Stopping at filesystem boundary (GIT_DISCOVERY_ACROSS_FILESYSTEM not set).
2024-10-07 19:05:25.554 [info] > git rev-parse --show-toplevel [2ms]
2024-10-07 19:05:25.554 [info] fatal: not a git repository (or any parent up to mount point /)
Stopping at filesystem boundary (GIT_DISCOVERY_ACROSS_FILESYSTEM not set).
2024-10-07 19:05:25.554 [info] > git rev-parse --show-toplevel [1ms]
2024-10-07 19:05:25.554 [info] fatal: not a git repository (or any parent up to mount point /)
Stopping at filesystem boundary (GIT_DISCOVERY_ACROSS_FILESYSTEM not set).
2024-10-07 19:05:25.554 [info] > git rev-parse --show-toplevel [2ms]
2024-10-07 19:05:25.554 [info] fatal: not a git repository (or any parent up to mount point /)
Stopping at filesystem boundary (GIT_DISCOVERY_ACROSS_FILESYSTEM not set).
2024-10-07 19:05:25.554 [info] > git rev-parse --show-toplevel [2ms]
2024-10-07 19:05:25.554 [info] fatal: not a git repository (or any parent up to mount point /)
Stopping at filesystem boundary (GIT_DISCOVERY_ACROSS_FILESYSTEM not set).
2024-10-07 19:05:25.554 [info] > git rev-parse --show-toplevel [2ms]
2024-10-07 19:05:25.554 [info] fatal: not a git repository (or any parent up to mount point /)
Stopping at filesystem boundary (GIT_DISCOVERY_ACROSS_FILESYSTEM not set).
2024-10-07 19:05:25.554 [info] > git rev-parse --show-toplevel [38ms]
2024-10-07 19:05:25.554 [info] fatal: not a git repository (or any parent up to mount point /)
Stopping at filesystem boundary (GIT_DISCOVERY_ACROSS_FILESYSTEM not set).
2024-10-07 19:05:25.556 [info] > git rev-parse --show-toplevel [4ms]
2024-10-07 19:05:25.556 [info] fatal: not a git repository (or any parent up to mount point /)
Stopping at filesystem boundary (GIT_DISCOVERY_ACROSS_FILESYSTEM not set).
2024-10-07 19:05:25.571 [info] > git rev-parse --show-toplevel [4ms]
2024-10-07 19:05:25.571 [info] fatal: not a git repository (or any parent up to mount point /)
Stopping at filesystem boundary (GIT_DISCOVERY_ACROSS_FILESYSTEM not set).
