2024-10-09 06:45:43.169 [info] Log level: Info
2024-10-09 06:45:43.169 [info] Validating found git in: "git"
2024-10-09 06:45:43.169 [info] Using git "2.43.0" from "git"
2024-10-09 06:45:43.169 [info] > git rev-parse --show-toplevel [5ms]
2024-10-09 06:45:43.169 [info] fatal: not a git repository (or any parent up to mount point /)
Stopping at filesystem boundary (GIT_DISCOVERY_ACROSS_FILESYSTEM not set).
2024-10-09 06:45:43.169 [info] > git rev-parse --show-toplevel [2ms]
2024-10-09 06:45:43.169 [info] fatal: not a git repository (or any parent up to mount point /)
Stopping at filesystem boundary (GIT_DISCOVERY_ACROSS_FILESYSTEM not set).
2024-10-09 06:45:43.169 [info] > git rev-parse --show-toplevel [2ms]
2024-10-09 06:45:43.169 [info] fatal: not a git repository (or any parent up to mount point /)
Stopping at filesystem boundary (GIT_DISCOVERY_ACROSS_FILESYSTEM not set).
2024-10-09 06:45:43.169 [info] > git rev-parse --show-toplevel [3ms]
2024-10-09 06:45:43.169 [info] fatal: not a git repository (or any parent up to mount point /)
Stopping at filesystem boundary (GIT_DISCOVERY_ACROSS_FILESYSTEM not set).
2024-10-09 06:45:43.169 [info] > git rev-parse --show-toplevel [5ms]
2024-10-09 06:45:43.169 [info] fatal: not a git repository (or any parent up to mount point /)
Stopping at filesystem boundary (GIT_DISCOVERY_ACROSS_FILESYSTEM not set).
2024-10-09 06:45:43.169 [info] > git rev-parse --show-toplevel [13ms]
2024-10-09 06:45:43.169 [info] fatal: not a git repository (or any parent up to mount point /)
Stopping at filesystem boundary (GIT_DISCOVERY_ACROSS_FILESYSTEM not set).
2024-10-09 06:45:43.181 [info] > git rev-parse --show-toplevel [2ms]
2024-10-09 06:45:43.181 [info] fatal: not a git repository (or any parent up to mount point /)
Stopping at filesystem boundary (GIT_DISCOVERY_ACROSS_FILESYSTEM not set).
2024-10-09 06:45:43.191 [info] > git rev-parse --show-toplevel [2ms]
2024-10-09 06:45:43.191 [info] fatal: not a git repository (or any parent up to mount point /)
Stopping at filesystem boundary (GIT_DISCOVERY_ACROSS_FILESYSTEM not set).
2024-10-09 06:45:43.202 [info] > git rev-parse --show-toplevel [1ms]
2024-10-09 06:45:43.202 [info] fatal: not a git repository (or any parent up to mount point /)
Stopping at filesystem boundary (GIT_DISCOVERY_ACROSS_FILESYSTEM not set).
2024-10-09 06:45:43.212 [info] > git rev-parse --show-toplevel [2ms]
2024-10-09 06:45:43.212 [info] fatal: not a git repository (or any parent up to mount point /)
Stopping at filesystem boundary (GIT_DISCOVERY_ACROSS_FILESYSTEM not set).
2024-10-09 06:45:43.222 [info] > git rev-parse --show-toplevel [2ms]
2024-10-09 06:45:43.223 [info] fatal: not a git repository (or any parent up to mount point /)
Stopping at filesystem boundary (GIT_DISCOVERY_ACROSS_FILESYSTEM not set).
2024-10-09 06:45:43.233 [info] > git rev-parse --show-toplevel [2ms]
2024-10-09 06:45:43.234 [info] fatal: not a git repository (or any parent up to mount point /)
Stopping at filesystem boundary (GIT_DISCOVERY_ACROSS_FILESYSTEM not set).
2024-10-09 06:45:43.244 [info] > git rev-parse --show-toplevel [1ms]
2024-10-09 06:45:43.244 [info] fatal: not a git repository (or any parent up to mount point /)
Stopping at filesystem boundary (GIT_DISCOVERY_ACROSS_FILESYSTEM not set).
2024-10-09 06:45:43.254 [info] > git rev-parse --show-toplevel [2ms]
2024-10-09 06:45:43.254 [info] fatal: not a git repository (or any parent up to mount point /)
Stopping at filesystem boundary (GIT_DISCOVERY_ACROSS_FILESYSTEM not set).
2024-10-09 06:45:43.811 [info] > git rev-parse --show-toplevel [2ms]
2024-10-09 06:45:43.811 [info] fatal: not a git repository (or any parent up to mount point /)
Stopping at filesystem boundary (GIT_DISCOVERY_ACROSS_FILESYSTEM not set).
